<?xml version="1.0" encoding="UTF-8"?>
<testsuite name="com.example.namlol.Service.CovidServiceTest" tests="3" skipped="0" failures="0" errors="0" timestamp="2020-09-22T06:47:57" hostname="PO-PC" time="6.382">
  <properties/>
  <testcase name="googleCrawling()" classname="com.example.namlol.Service.CovidServiceTest" time="2.514"/>
  <testcase name="worldOmeterCrawling()" classname="com.example.namlol.Service.CovidServiceTest" time="3.049"/>
  <testcase name="youtubeSearch()" classname="com.example.namlol.Service.CovidServiceTest" time="0.812"/>
  <system-out><![CDATA[15:47:53.824 [Test worker] DEBUG org.springframework.test.context.BootstrapUtils - Instantiating CacheAwareContextLoaderDelegate from class [org.springframework.test.context.cache.DefaultCacheAwareContextLoaderDelegate]
15:47:53.846 [Test worker] DEBUG org.springframework.test.context.BootstrapUtils - Instantiating BootstrapContext using constructor [public org.springframework.test.context.support.DefaultBootstrapContext(java.lang.Class,org.springframework.test.context.CacheAwareContextLoaderDelegate)]
15:47:53.881 [Test worker] DEBUG org.springframework.test.context.BootstrapUtils - Instantiating TestContextBootstrapper for test class [com.example.namlol.Service.CovidServiceTest] from class [org.springframework.boot.test.context.SpringBootTestContextBootstrapper]
15:47:53.901 [Test worker] INFO org.springframework.boot.test.context.SpringBootTestContextBootstrapper - Neither @ContextConfiguration nor @ContextHierarchy found for test class [com.example.namlol.Service.CovidServiceTest], using SpringBootContextLoader
15:47:53.905 [Test worker] DEBUG org.springframework.test.context.support.AbstractContextLoader - Did not detect default resource location for test class [com.example.namlol.Service.CovidServiceTest]: class path resource [com/example/namlol/Service/CovidServiceTest-context.xml] does not exist
15:47:53.906 [Test worker] DEBUG org.springframework.test.context.support.AbstractContextLoader - Did not detect default resource location for test class [com.example.namlol.Service.CovidServiceTest]: class path resource [com/example/namlol/Service/CovidServiceTestContext.groovy] does not exist
15:47:53.906 [Test worker] INFO org.springframework.test.context.support.AbstractContextLoader - Could not detect default resource locations for test class [com.example.namlol.Service.CovidServiceTest]: no resource found for suffixes {-context.xml, Context.groovy}.
15:47:53.907 [Test worker] INFO org.springframework.test.context.support.AnnotationConfigContextLoaderUtils - Could not detect default configuration classes for test class [com.example.namlol.Service.CovidServiceTest]: CovidServiceTest does not declare any static, non-private, non-final, nested classes annotated with @Configuration.
15:47:53.960 [Test worker] DEBUG org.springframework.test.context.support.ActiveProfilesUtils - Could not find an 'annotation declaring class' for annotation type [org.springframework.test.context.ActiveProfiles] and class [com.example.namlol.Service.CovidServiceTest]
15:47:54.052 [Test worker] DEBUG org.springframework.context.annotation.ClassPathScanningCandidateComponentProvider - Identified candidate component class: file [C:\projects\nam-lol\build\classes\java\main\com\example\namlol\NamLolApplication.class]
15:47:54.054 [Test worker] INFO org.springframework.boot.test.context.SpringBootTestContextBootstrapper - Found @SpringBootConfiguration com.example.namlol.NamLolApplication for test class com.example.namlol.Service.CovidServiceTest
15:47:54.184 [Test worker] DEBUG org.springframework.boot.test.context.SpringBootTestContextBootstrapper - @TestExecutionListeners is not present for class [com.example.namlol.Service.CovidServiceTest]: using defaults.
15:47:54.185 [Test worker] INFO org.springframework.boot.test.context.SpringBootTestContextBootstrapper - Loaded default TestExecutionListener class names from location [META-INF/spring.factories]: [org.springframework.boot.test.autoconfigure.restdocs.RestDocsTestExecutionListener, org.springframework.boot.test.autoconfigure.web.client.MockRestServiceServerResetTestExecutionListener, org.springframework.boot.test.autoconfigure.web.servlet.MockMvcPrintOnlyOnFailureTestExecutionListener, org.springframework.boot.test.autoconfigure.web.servlet.WebDriverTestExecutionListener, org.springframework.boot.test.autoconfigure.webservices.client.MockWebServiceServerTestExecutionListener, org.springframework.boot.test.mock.mockito.MockitoTestExecutionListener, org.springframework.boot.test.mock.mockito.ResetMocksTestExecutionListener, org.springframework.test.context.web.ServletTestExecutionListener, org.springframework.test.context.support.DirtiesContextBeforeModesTestExecutionListener, org.springframework.test.context.support.DependencyInjectionTestExecutionListener, org.springframework.test.context.support.DirtiesContextTestExecutionListener, org.springframework.test.context.transaction.TransactionalTestExecutionListener, org.springframework.test.context.jdbc.SqlScriptsTestExecutionListener, org.springframework.test.context.event.EventPublishingTestExecutionListener]
15:47:54.199 [Test worker] DEBUG org.springframework.boot.test.context.SpringBootTestContextBootstrapper - Skipping candidate TestExecutionListener [org.springframework.test.context.transaction.TransactionalTestExecutionListener] due to a missing dependency. Specify custom listener classes or make the default listener classes and their required dependencies available. Offending class: [org/springframework/transaction/interceptor/TransactionAttributeSource]
15:47:54.200 [Test worker] DEBUG org.springframework.boot.test.context.SpringBootTestContextBootstrapper - Skipping candidate TestExecutionListener [org.springframework.test.context.jdbc.SqlScriptsTestExecutionListener] due to a missing dependency. Specify custom listener classes or make the default listener classes and their required dependencies available. Offending class: [org/springframework/transaction/interceptor/TransactionAttribute]
15:47:54.200 [Test worker] INFO org.springframework.boot.test.context.SpringBootTestContextBootstrapper - Using TestExecutionListeners: [org.springframework.test.context.web.ServletTestExecutionListener@2a8987c5, org.springframework.test.context.support.DirtiesContextBeforeModesTestExecutionListener@281e557, org.springframework.boot.test.mock.mockito.MockitoTestExecutionListener@3a9d16c3, org.springframework.boot.test.autoconfigure.SpringBootDependencyInjectionTestExecutionListener@c5ce2cd, org.springframework.test.context.support.DirtiesContextTestExecutionListener@6a8dfb2c, org.springframework.test.context.event.EventPublishingTestExecutionListener@67ab0077, org.springframework.boot.test.autoconfigure.restdocs.RestDocsTestExecutionListener@35d2394f, org.springframework.boot.test.autoconfigure.web.client.MockRestServiceServerResetTestExecutionListener@5e73efb2, org.springframework.boot.test.autoconfigure.web.servlet.MockMvcPrintOnlyOnFailureTestExecutionListener@5b222bcb, org.springframework.boot.test.autoconfigure.web.servlet.WebDriverTestExecutionListener@64353060, org.springframework.boot.test.autoconfigure.webservices.client.MockWebServiceServerTestExecutionListener@400975e8, org.springframework.boot.test.mock.mockito.ResetMocksTestExecutionListener@1c61c24]
15:47:54.206 [Test worker] DEBUG org.springframework.test.context.support.AbstractDirtiesContextTestExecutionListener - Before test class: context [DefaultTestContext@45a136a9 testClass = CovidServiceTest, testInstance = [null], testMethod = [null], testException = [null], mergedContextConfiguration = [WebMergedContextConfiguration@72588639 testClass = CovidServiceTest, locations = '{}', classes = '{class com.example.namlol.NamLolApplication}', contextInitializerClasses = '[]', activeProfiles = '{}', propertySourceLocations = '{}', propertySourceProperties = '{org.springframework.boot.test.context.SpringBootTestContextBootstrapper=true}', contextCustomizers = set[org.springframework.boot.test.autoconfigure.actuate.metrics.MetricsExportContextCustomizerFactory$DisableMetricExportContextCustomizer@38f353db, org.springframework.boot.test.autoconfigure.properties.PropertyMappingContextCustomizer@0, org.springframework.boot.test.autoconfigure.web.servlet.WebDriverContextCustomizerFactory$Customizer@12ce19, org.springframework.boot.test.context.filter.ExcludeFilterContextCustomizer@1ec454b2, org.springframework.boot.test.json.DuplicateJsonObjectContextCustomizerFactory$DuplicateJsonObjectContextCustomizer@2ca863bd, org.springframework.boot.test.mock.mockito.MockitoContextCustomizer@0, org.springframework.boot.test.web.client.TestRestTemplateContextCustomizer@6456e0d1, org.springframework.boot.test.context.SpringBootTestArgs@1], resourceBasePath = 'src/main/webapp', contextLoader = 'org.springframework.boot.test.context.SpringBootContextLoader', parent = [null]], attributes = map['org.springframework.test.context.web.ServletTestExecutionListener.activateListener' -> true]], class annotated with @DirtiesContext [false] with mode [null].
15:47:54.242 [Test worker] DEBUG org.springframework.test.context.support.TestPropertySourceUtils - Adding inlined properties to environment: {spring.jmx.enabled=false, org.springframework.boot.test.context.SpringBootTestContextBootstrapper=true}

  .   ____          _            __ _ _
 /\\ / ___'_ __ _ _(_)_ __  __ _ \ \ \ \
( ( )\___ | '_ | '_| | '_ \/ _` | \ \ \ \
 \\/  ___)| |_)| | | | | || (_| |  ) ) ) )
  '  |____| .__|_| |_|_| |_\__, | / / / /
 =========|_|==============|___/=/_/_/_/
 :: Spring Boot ::       (v2.4.0-SNAPSHOT)

2020-09-22 15:47:54.737  INFO 11768 --- [    Test worker] c.e.namlol.Service.CovidServiceTest      : Starting CovidServiceTest using Java 14.0.2 on po-PC with PID 11768 (started by MAIN in C:\projects\nam-lol)
2020-09-22 15:47:54.741  INFO 11768 --- [    Test worker] c.e.namlol.Service.CovidServiceTest      : No active profile set, falling back to default profiles: default
2020-09-22 15:47:56.597  INFO 11768 --- [    Test worker] o.s.s.concurrent.ThreadPoolTaskExecutor  : Initializing ExecutorService 'applicationTaskExecutor'
2020-09-22 15:47:56.738  INFO 11768 --- [    Test worker] o.s.b.a.w.s.WelcomePageHandlerMapping    : Adding welcome page: class path resource [static/index.html]
2020-09-22 15:47:57.014  INFO 11768 --- [    Test worker] c.e.namlol.Service.CovidServiceTest      : Started CovidServiceTest in 2.764 seconds (JVM running for 4.19)
]]></system-out>
  <system-err><![CDATA[]]></system-err>
</testsuite>
