<?xml version="1.0" encoding="UTF-8"?>
<testsuite name="com.example.namlol.Service.CovidServiceTest" tests="1" skipped="0" failures="0" errors="0" timestamp="2020-09-11T13:28:29" hostname="PO-PC" time="3.706">
  <properties/>
  <testcase name="worldOmeterCrawling()" classname="com.example.namlol.Service.CovidServiceTest" time="3.706"/>
  <system-out><![CDATA[22:28:20.982 [Test worker] DEBUG org.springframework.test.context.BootstrapUtils - Instantiating CacheAwareContextLoaderDelegate from class [org.springframework.test.context.cache.DefaultCacheAwareContextLoaderDelegate]
22:28:21.000 [Test worker] DEBUG org.springframework.test.context.BootstrapUtils - Instantiating BootstrapContext using constructor [public org.springframework.test.context.support.DefaultBootstrapContext(java.lang.Class,org.springframework.test.context.CacheAwareContextLoaderDelegate)]
22:28:21.039 [Test worker] DEBUG org.springframework.test.context.BootstrapUtils - Instantiating TestContextBootstrapper for test class [com.example.namlol.Service.CovidServiceTest] from class [org.springframework.boot.test.context.SpringBootTestContextBootstrapper]
22:28:21.058 [Test worker] INFO org.springframework.boot.test.context.SpringBootTestContextBootstrapper - Neither @ContextConfiguration nor @ContextHierarchy found for test class [com.example.namlol.Service.CovidServiceTest], using SpringBootContextLoader
22:28:21.063 [Test worker] DEBUG org.springframework.test.context.support.AbstractContextLoader - Did not detect default resource location for test class [com.example.namlol.Service.CovidServiceTest]: class path resource [com/example/namlol/Service/CovidServiceTest-context.xml] does not exist
22:28:21.064 [Test worker] DEBUG org.springframework.test.context.support.AbstractContextLoader - Did not detect default resource location for test class [com.example.namlol.Service.CovidServiceTest]: class path resource [com/example/namlol/Service/CovidServiceTestContext.groovy] does not exist
22:28:21.065 [Test worker] INFO org.springframework.test.context.support.AbstractContextLoader - Could not detect default resource locations for test class [com.example.namlol.Service.CovidServiceTest]: no resource found for suffixes {-context.xml, Context.groovy}.
22:28:21.066 [Test worker] INFO org.springframework.test.context.support.AnnotationConfigContextLoaderUtils - Could not detect default configuration classes for test class [com.example.namlol.Service.CovidServiceTest]: CovidServiceTest does not declare any static, non-private, non-final, nested classes annotated with @Configuration.
22:28:21.116 [Test worker] DEBUG org.springframework.test.context.support.ActiveProfilesUtils - Could not find an 'annotation declaring class' for annotation type [org.springframework.test.context.ActiveProfiles] and class [com.example.namlol.Service.CovidServiceTest]
22:28:21.195 [Test worker] DEBUG org.springframework.context.annotation.ClassPathScanningCandidateComponentProvider - Identified candidate component class: file [C:\projects\nam-lol\build\classes\java\main\com\example\namlol\NamLolApplication.class]
22:28:21.196 [Test worker] INFO org.springframework.boot.test.context.SpringBootTestContextBootstrapper - Found @SpringBootConfiguration com.example.namlol.NamLolApplication for test class com.example.namlol.Service.CovidServiceTest
22:28:21.302 [Test worker] DEBUG org.springframework.boot.test.context.SpringBootTestContextBootstrapper - @TestExecutionListeners is not present for class [com.example.namlol.Service.CovidServiceTest]: using defaults.
22:28:21.302 [Test worker] INFO org.springframework.boot.test.context.SpringBootTestContextBootstrapper - Loaded default TestExecutionListener class names from location [META-INF/spring.factories]: [org.springframework.boot.test.autoconfigure.restdocs.RestDocsTestExecutionListener, org.springframework.boot.test.autoconfigure.web.client.MockRestServiceServerResetTestExecutionListener, org.springframework.boot.test.autoconfigure.web.servlet.MockMvcPrintOnlyOnFailureTestExecutionListener, org.springframework.boot.test.autoconfigure.web.servlet.WebDriverTestExecutionListener, org.springframework.boot.test.autoconfigure.webservices.client.MockWebServiceServerTestExecutionListener, org.springframework.boot.test.mock.mockito.MockitoTestExecutionListener, org.springframework.boot.test.mock.mockito.ResetMocksTestExecutionListener, org.springframework.test.context.web.ServletTestExecutionListener, org.springframework.test.context.support.DirtiesContextBeforeModesTestExecutionListener, org.springframework.test.context.support.DependencyInjectionTestExecutionListener, org.springframework.test.context.support.DirtiesContextTestExecutionListener, org.springframework.test.context.transaction.TransactionalTestExecutionListener, org.springframework.test.context.jdbc.SqlScriptsTestExecutionListener, org.springframework.test.context.event.EventPublishingTestExecutionListener]
22:28:21.323 [Test worker] INFO org.springframework.boot.test.context.SpringBootTestContextBootstrapper - Using TestExecutionListeners: [org.springframework.test.context.web.ServletTestExecutionListener@4764a29a, org.springframework.test.context.support.DirtiesContextBeforeModesTestExecutionListener@4ad3ac40, org.springframework.boot.test.mock.mockito.MockitoTestExecutionListener@3749fd6d, org.springframework.boot.test.autoconfigure.SpringBootDependencyInjectionTestExecutionListener@6ee75fe0, org.springframework.test.context.support.DirtiesContextTestExecutionListener@c7550d4, org.springframework.test.context.transaction.TransactionalTestExecutionListener@5b935cb6, org.springframework.test.context.jdbc.SqlScriptsTestExecutionListener@2349703c, org.springframework.test.context.event.EventPublishingTestExecutionListener@770523ea, org.springframework.boot.test.autoconfigure.restdocs.RestDocsTestExecutionListener@51d03e2e, org.springframework.boot.test.autoconfigure.web.client.MockRestServiceServerResetTestExecutionListener@10e7be4e, org.springframework.boot.test.autoconfigure.web.servlet.MockMvcPrintOnlyOnFailureTestExecutionListener@78c7f4fe, org.springframework.boot.test.autoconfigure.web.servlet.WebDriverTestExecutionListener@2603927f, org.springframework.boot.test.autoconfigure.webservices.client.MockWebServiceServerTestExecutionListener@7672e9df, org.springframework.boot.test.mock.mockito.ResetMocksTestExecutionListener@5bca2c91]
22:28:21.327 [Test worker] DEBUG org.springframework.test.context.support.AbstractDirtiesContextTestExecutionListener - Before test class: context [DefaultTestContext@2ce36054 testClass = CovidServiceTest, testInstance = [null], testMethod = [null], testException = [null], mergedContextConfiguration = [WebMergedContextConfiguration@4a05436 testClass = CovidServiceTest, locations = '{}', classes = '{class com.example.namlol.NamLolApplication}', contextInitializerClasses = '[]', activeProfiles = '{}', propertySourceLocations = '{}', propertySourceProperties = '{org.springframework.boot.test.context.SpringBootTestContextBootstrapper=true}', contextCustomizers = set[org.springframework.boot.test.autoconfigure.actuate.metrics.MetricsExportContextCustomizerFactory$DisableMetricExportContextCustomizer@62610340, org.springframework.boot.test.autoconfigure.properties.PropertyMappingContextCustomizer@0, org.springframework.boot.test.autoconfigure.web.servlet.WebDriverContextCustomizerFactory$Customizer@2f9313b1, org.springframework.boot.test.context.filter.ExcludeFilterContextCustomizer@622be34b, org.springframework.boot.test.json.DuplicateJsonObjectContextCustomizerFactory$DuplicateJsonObjectContextCustomizer@59506c57, org.springframework.boot.test.mock.mockito.MockitoContextCustomizer@0, org.springframework.boot.test.web.client.TestRestTemplateContextCustomizer@579dac1, org.springframework.boot.test.context.SpringBootTestArgs@1], resourceBasePath = 'src/main/webapp', contextLoader = 'org.springframework.boot.test.context.SpringBootContextLoader', parent = [null]], attributes = map['org.springframework.test.context.web.ServletTestExecutionListener.activateListener' -> true]], class annotated with @DirtiesContext [false] with mode [null].
22:28:21.365 [Test worker] DEBUG org.springframework.test.context.support.TestPropertySourceUtils - Adding inlined properties to environment: {spring.jmx.enabled=false, org.springframework.boot.test.context.SpringBootTestContextBootstrapper=true}

  .   ____          _            __ _ _
 /\\ / ___'_ __ _ _(_)_ __  __ _ \ \ \ \
( ( )\___ | '_ | '_| | '_ \/ _` | \ \ \ \
 \\/  ___)| |_)| | | | | || (_| |  ) ) ) )
  '  |____| .__|_| |_|_| |_\__, | / / / /
 =========|_|==============|___/=/_/_/_/
 :: Spring Boot ::       (v2.4.0-SNAPSHOT)

2020-09-11 22:28:21.709  INFO 21656 --- [    Test worker] c.e.namlol.Service.CovidServiceTest      : Starting CovidServiceTest using Java 14.0.2 on po-PC with PID 21656 (started by MAIN in C:\projects\nam-lol)
2020-09-11 22:28:21.711  INFO 21656 --- [    Test worker] c.e.namlol.Service.CovidServiceTest      : No active profile set, falling back to default profiles: default
2020-09-11 22:28:23.543  INFO 21656 --- [    Test worker] .s.d.r.c.RepositoryConfigurationDelegate : Bootstrapping Spring Data JPA repositories in DEFERRED mode.
2020-09-11 22:28:23.648  INFO 21656 --- [    Test worker] .s.d.r.c.RepositoryConfigurationDelegate : Finished Spring Data repository scanning in 94 ms. Found 3 JPA repository interfaces.
2020-09-11 22:28:24.935  INFO 21656 --- [    Test worker] o.s.s.concurrent.ThreadPoolTaskExecutor  : Initializing ExecutorService 'applicationTaskExecutor'
2020-09-11 22:28:25.038  INFO 21656 --- [         task-1] o.hibernate.jpa.internal.util.LogHelper  : HHH000204: Processing PersistenceUnitInfo [name: default]
2020-09-11 22:28:25.263  INFO 21656 --- [         task-1] org.hibernate.Version                    : HHH000412: Hibernate ORM core version 5.4.20.Final
2020-09-11 22:28:25.736  INFO 21656 --- [         task-1] o.hibernate.annotations.common.Version   : HCANN000001: Hibernate Commons Annotations {5.1.0.Final}
2020-09-11 22:28:25.855  INFO 21656 --- [    Test worker] o.s.s.web.DefaultSecurityFilterChain     : Will secure Ant [pattern='/resources/**'] with []
2020-09-11 22:28:26.010  INFO 21656 --- [         task-1] com.zaxxer.hikari.HikariDataSource       : HikariPool-1 - Starting...
2020-09-11 22:28:26.057  INFO 21656 --- [    Test worker] o.s.s.web.DefaultSecurityFilterChain     : Will secure any request with [org.springframework.security.web.context.request.async.WebAsyncManagerIntegrationFilter@25df5f2a, org.springframework.security.web.context.SecurityContextPersistenceFilter@3f81434a, org.springframework.security.web.header.HeaderWriterFilter@45128d21, org.springframework.security.web.authentication.logout.LogoutFilter@13f2b371, org.springframework.security.web.savedrequest.RequestCacheAwareFilter@6c35fc99, org.springframework.security.web.servletapi.SecurityContextHolderAwareRequestFilter@20bf6bf5, org.springframework.security.web.authentication.AnonymousAuthenticationFilter@37302fc1, org.springframework.security.web.session.SessionManagementFilter@17ff0d3b, org.springframework.security.web.access.ExceptionTranslationFilter@401f63c4, org.springframework.security.web.access.intercept.FilterSecurityInterceptor@2bced863]
2020-09-11 22:28:26.485  INFO 21656 --- [         task-1] com.zaxxer.hikari.HikariDataSource       : HikariPool-1 - Start completed.
2020-09-11 22:28:26.531  INFO 21656 --- [         task-1] org.hibernate.dialect.Dialect            : HHH000400: Using dialect: org.hibernate.dialect.MySQL8Dialect
2020-09-11 22:28:27.679  INFO 21656 --- [         task-1] o.h.e.t.j.p.i.JtaPlatformInitiator       : HHH000490: Using JtaPlatform implementation: [org.hibernate.engine.transaction.jta.platform.internal.NoJtaPlatform]
2020-09-11 22:28:27.689  INFO 21656 --- [         task-1] j.LocalContainerEntityManagerFactoryBean : Initialized JPA EntityManagerFactory for persistence unit 'default'
2020-09-11 22:28:28.398  INFO 21656 --- [    Test worker] o.s.b.a.w.s.WelcomePageHandlerMapping    : Adding welcome page: class path resource [static/index.html]
2020-09-11 22:28:28.912  INFO 21656 --- [    Test worker] DeferredRepositoryInitializationListener : Triggering deferred initialization of Spring Data repositories…
2020-09-11 22:28:29.498  INFO 21656 --- [    Test worker] DeferredRepositoryInitializationListener : Spring Data repositories initialized!
2020-09-11 22:28:29.506  INFO 21656 --- [    Test worker] c.e.namlol.Service.CovidServiceTest      : Started CovidServiceTest in 8.132 seconds (JVM running for 10.102)
<tr class="total_row_world"> 
 <td></td> 
 <td style="text-align:left;">World</td> 
 <td>28,317,965</td> 
 <td>+302,771</td> 
 <td>913,291</td> 
 <td>+5,988</td> 
 <td>20,332,627</td> 
 <td>+240,882</td> 
 <td>7,072,047</td> 
 <td>60,781</td> 
 <td>3,633</td> 
 <td>117.2</td> 
 <td></td> 
 <td></td> 
 <td></td> 
 <td style="display:none" data-continent="all">All</td> 
 <td> </td> 
 <td></td> 
 <td></td> 
</tr>
<tr class="total_row_world"> 
 <td></td> 
 <td style="text-align:left;">World</td> 
 <td>28,371,811</td> 
 <td>+53,846</td> 
 <td>914,644</td> 
 <td>+1,353</td> 
 <td>20,380,583</td> 
 <td>+47,956</td> 
 <td>7,076,584</td> 
 <td>60,796</td> 
 <td>3,640</td> 
 <td>117.3</td> 
 <td></td> 
 <td></td> 
 <td></td> 
 <td style="display:none" data-continent="all">All</td> 
 <td> </td> 
 <td></td> 
 <td></td> 
</tr>
<tr style=""> 
 <td style="font-size:12px;color: grey;text-align:center;vertical-align:middle;">1</td> 
 <td style="font-weight: bold; font-size:15px; text-align:left;"><a class="mt_a" href="country/us/">USA</a></td> 
 <td style="font-weight: bold; text-align:right">6,589,020</td> 
 <td style="font-weight: bold; text-align:right;background-color:#FFEEAA;">+857</td> 
 <td style="font-weight: bold; text-align:right;">196,345 </td> 
 <td style="font-weight: bold; 
                                    text-align:right;background-color:red; color:white">+17</td> 
 <td style="font-weight: bold; text-align:right">3,880,707</td> 
 <td style="font-weight: bold; text-align:right;background-color:#c8e6c9; color:#000">+747</td> 
 <td style="text-align:right;font-weight:bold;">2,511,968</td> 
 <td style="font-weight: bold; text-align:right">14,506</td> 
 <td style="font-weight: bold; text-align:right">19,883</td> 
 <td style="font-weight: bold; text-align:right">593</td> 
 <td style="font-weight: bold; text-align:right">89,990,118</td> 
 <td style="font-weight: bold; text-align:right">271,559</td> 
 <td style="font-weight: bold; text-align:right"><a href="/world-population/us-population/">331,383,397</a> </td> 
 <td style="display:none" data-continent="North America">North America</td> 
 <td>50</td>
 <td>1,688</td>
 <td>4</td> 
</tr>
<tr style=""> 
 <td style="font-size:12px;color: grey;text-align:center;vertical-align:middle;">2</td> 
 <td style="font-weight: bold; font-size:15px; text-align:left;"><a class="mt_a" href="country/india/">India</a></td> 
 <td style="font-weight: bold; text-align:right">4,568,770</td> 
 <td style="font-weight: bold; text-align:right;background-color:#FFEEAA;">+9,045</td> 
 <td style="font-weight: bold; text-align:right;">76,348 </td> 
 <td style="font-weight: bold; 
                                    text-align:right;background-color:red; color:white">+44</td> 
 <td style="font-weight: bold; text-align:right">3,544,794</td> 
 <td style="font-weight: bold; text-align:right;background-color:#c8e6c9; color:#000">+4,811</td> 
 <td style="text-align:right;font-weight:bold;">947,628</td> 
 <td style="font-weight: bold; text-align:right">8,944</td> 
 <td style="font-weight: bold; text-align:right">3,304</td> 
 <td style="font-weight: bold; text-align:right">55</td> 
 <td style="font-weight: bold; text-align:right">54,097,975</td> 
 <td style="font-weight: bold; text-align:right">39,127</td> 
 <td style="font-weight: bold; text-align:right"><a href="/world-population/india-population/">1,382,641,407</a> </td> 
 <td style="display:none" data-continent="Asia">Asia</td> 
 <td>303</td>
 <td>18,110</td>
 <td>26</td> 
</tr>
<tr style=""> 
 <td style="font-size:12px;color: grey;text-align:center;vertical-align:middle;">3</td> 
 <td style="font-weight: bold; font-size:15px; text-align:left;"><a class="mt_a" href="country/brazil/">Brazil</a></td> 
 <td style="font-weight: bold; text-align:right">4,239,763</td> 
 <td style="font-weight: bold; text-align:right;"></td> 
 <td style="font-weight: bold; text-align:right;">129,575 </td> 
 <td style="font-weight: bold; 
                                    text-align:right;"></td> 
 <td style="font-weight: bold; text-align:right">3,497,337</td> 
 <td style="font-weight: bold; text-align:right;"></td> 
 <td style="text-align:right;font-weight:bold;">612,851</td> 
 <td style="font-weight: bold; text-align:right">8,318</td> 
 <td style="font-weight: bold; text-align:right">19,919</td> 
 <td style="font-weight: bold; text-align:right">609</td> 
 <td style="font-weight: bold; text-align:right">14,505,652</td> 
 <td style="font-weight: bold; text-align:right">68,148</td> 
 <td style="font-weight: bold; text-align:right"><a href="/world-population/brazil-population/">212,854,962</a> </td> 
 <td style="display:none" data-continent="South America">South America</td> 
 <td>50</td>
 <td>1,643</td>
 <td>15</td> 
</tr>
<tr style=""> 
 <td style="font-size:12px;color: grey;text-align:center;vertical-align:middle;">4</td> 
 <td style="font-weight: bold; font-size:15px; text-align:left;"><a class="mt_a" href="country/russia/">Russia</a></td> 
 <td style="font-weight: bold; text-align:right">1,051,874</td> 
 <td style="font-weight: bold; text-align:right;background-color:#FFEEAA;">+5,504</td> 
 <td style="font-weight: bold; text-align:right;">18,365 </td> 
 <td style="font-weight: bold; 
                                    text-align:right;background-color:red; color:white">+102</td> 
 <td style="font-weight: bold; text-align:right">868,107</td> 
 <td style="font-weight: bold; text-align:right;background-color:#c8e6c9; color:#000">+5,734</td> 
 <td style="text-align:right;font-weight:bold;">165,402</td> 
 <td style="font-weight: bold; text-align:right">2,300</td> 
 <td style="font-weight: bold; text-align:right">7,207</td> 
 <td style="font-weight: bold; text-align:right">126</td> 
 <td style="font-weight: bold; text-align:right">39,912,526</td> 
 <td style="font-weight: bold; text-align:right">273,473</td> 
 <td style="font-weight: bold; text-align:right"><a href="/world-population/russia-population/">145,946,887</a> </td> 
 <td style="display:none" data-continent="Europe">Europe</td> 
 <td>139</td>
 <td>7,947</td>
 <td>4</td> 
</tr>
<tr style=""> 
 <td style="font-size:12px;color: grey;text-align:center;vertical-align:middle;">5</td> 
 <td style="font-weight: bold; font-size:15px; text-align:left;"><a class="mt_a" href="country/peru/">Peru</a></td> 
 <td style="font-weight: bold; text-align:right">710,067</td> 
 <td style="font-weight: bold; text-align:right;"></td> 
 <td style="font-weight: bold; text-align:right;">30,344 </td> 
 <td style="font-weight: bold; 
                                    text-align:right;"></td> 
 <td style="font-weight: bold; text-align:right">544,745</td> 
 <td style="font-weight: bold; text-align:right;"></td> 
 <td style="text-align:right;font-weight:bold;">134,978</td> 
 <td style="font-weight: bold; text-align:right">1,460</td> 
 <td style="font-weight: bold; text-align:right">21,478</td> 
 <td style="font-weight: bold; text-align:right">918</td> 
 <td style="font-weight: bold; text-align:right">3,457,205</td> 
 <td style="font-weight: bold; text-align:right">104,573</td> 
 <td style="font-weight: bold; text-align:right"><a href="/world-population/peru-population/">33,060,253</a> </td> 
 <td style="display:none" data-continent="South America">South America</td> 
 <td>47</td>
 <td>1,090</td>
 <td>10</td> 
</tr>
<tr style=""> 
 <td style="font-size:12px;color: grey;text-align:center;vertical-align:middle;">6</td> 
 <td style="font-weight: bold; font-size:15px; text-align:left;"><a class="mt_a" href="country/colombia/">Colombia</a></td> 
 <td style="font-weight: bold; text-align:right">694,664</td> 
 <td style="font-weight: bold; text-align:right;"></td> 
 <td style="font-weight: bold; text-align:right;">22,275 </td> 
 <td style="font-weight: bold; 
                                    text-align:right;"></td> 
 <td style="font-weight: bold; text-align:right">569,479</td> 
 <td style="font-weight: bold; text-align:right;"></td> 
 <td style="text-align:right;font-weight:bold;">102,910</td> 
 <td style="font-weight: bold; text-align:right">863</td> 
 <td style="font-weight: bold; text-align:right">13,624</td> 
 <td style="font-weight: bold; text-align:right">437</td> 
 <td style="font-weight: bold; text-align:right">3,062,852</td> 
 <td style="font-weight: bold; text-align:right">60,070</td> 
 <td style="font-weight: bold; text-align:right"><a href="/world-population/colombia-population/">50,988,095</a> </td> 
 <td style="display:none" data-continent="South America">South America</td> 
 <td>73</td>
 <td>2,289</td>
 <td>17</td> 
</tr>
<tr style=""> 
 <td style="font-size:12px;color: grey;text-align:center;vertical-align:middle;">7</td> 
 <td style="font-weight: bold; font-size:15px; text-align:left;"><a class="mt_a" href="country/mexico/">Mexico</a></td> 
 <td style="font-weight: bold; text-align:right">652,364</td> 
 <td style="font-weight: bold; text-align:right;background-color:#FFEEAA;">+4,857</td> 
 <td style="font-weight: bold; text-align:right;">69,649 </td> 
 <td style="font-weight: bold; 
                                    text-align:right;background-color:red; color:white">+554</td> 
 <td style="font-weight: bold; text-align:right">458,850</td> 
 <td style="font-weight: bold; text-align:right;background-color:#c8e6c9; color:#000">+3,868</td> 
 <td style="text-align:right;font-weight:bold;">123,865</td> 
 <td style="font-weight: bold; text-align:right">2,892</td> 
 <td style="font-weight: bold; text-align:right">5,049</td> 
 <td style="font-weight: bold; text-align:right">539</td> 
 <td style="font-weight: bold; text-align:right">1,480,902</td> 
 <td style="font-weight: bold; text-align:right">11,462</td> 
 <td style="font-weight: bold; text-align:right"><a href="/world-population/mexico-population/">129,195,619</a> </td> 
 <td style="display:none" data-continent="North America">North America</td> 
 <td>198</td>
 <td>1,855</td>
 <td>87</td> 
</tr>
<tr style=""> 
 <td style="font-size:12px;color: grey;text-align:center;vertical-align:middle;">8</td> 
 <td style="font-weight: bold; font-size:15px; text-align:left;"><a class="mt_a" href="country/south-africa/">South Africa</a></td> 
 <td style="font-weight: bold; text-align:right">644,438</td> 
 <td style="font-weight: bold; text-align:right;"></td> 
 <td style="font-weight: bold; text-align:right;">15,265 </td> 
 <td style="font-weight: bold; 
                                    text-align:right;"></td> 
 <td style="font-weight: bold; text-align:right">573,003</td> 
 <td style="font-weight: bold; text-align:right;"></td> 
 <td style="text-align:right;font-weight:bold;">56,170</td> 
 <td style="font-weight: bold; text-align:right">539</td> 
 <td style="font-weight: bold; text-align:right">10,839</td> 
 <td style="font-weight: bold; text-align:right">257</td> 
 <td style="font-weight: bold; text-align:right">3,863,453</td> 
 <td style="font-weight: bold; text-align:right">64,983</td> 
 <td style="font-weight: bold; text-align:right"><a href="/world-population/south-africa-population/">59,453,068</a> </td> 
 <td style="display:none" data-continent="Africa">Africa</td> 
 <td>92</td>
 <td>3,895</td>
 <td>15</td> 
</tr>
<tr style=""> 
 <td style="font-size:12px;color: grey;text-align:center;vertical-align:middle;">9</td> 
 <td style="font-weight: bold; font-size:15px; text-align:left;"><a class="mt_a" href="country/spain/">Spain</a></td> 
 <td style="font-weight: bold; text-align:right">554,143</td> 
 <td style="font-weight: bold; text-align:right;"></td> 
 <td style="font-weight: bold; text-align:right;">29,699 </td> 
 <td style="font-weight: bold; 
                                    text-align:right;"></td> 
 <td style="font-weight: bold; text-align:right">N/A</td> 
 <td style="font-weight: bold; text-align:right;">N/A</td> 
 <td style="text-align:right;font-weight:bold;">N/A</td> 
 <td style="font-weight: bold; text-align:right">1,136</td> 
 <td style="font-weight: bold; text-align:right">11,851</td> 
 <td style="font-weight: bold; text-align:right">635</td> 
 <td style="font-weight: bold; text-align:right">9,987,326</td> 
 <td style="font-weight: bold; text-align:right">213,594</td> 
 <td style="font-weight: bold; text-align:right"><a href="/world-population/spain-population/">46,758,374</a> </td> 
 <td style="display:none" data-continent="Europe">Europe</td> 
 <td>84</td>
 <td>1,574</td>
 <td>5</td> 
</tr>
<tr style=""> 
 <td style="font-size:12px;color: grey;text-align:center;vertical-align:middle;">10</td> 
 <td style="font-weight: bold; font-size:15px; text-align:left;"><a class="mt_a" href="country/argentina/">Argentina</a></td> 
 <td style="font-weight: bold; text-align:right">524,198</td> 
 <td style="font-weight: bold; text-align:right;"></td> 
 <td style="font-weight: bold; text-align:right;">10,994 </td> 
 <td style="font-weight: bold; 
                                    text-align:right;background-color:red; color:white">+87</td> 
 <td style="font-weight: bold; text-align:right">400,121</td> 
 <td style="font-weight: bold; text-align:right;background-color:#c8e6c9; color:#000">+10,023</td> 
 <td style="text-align:right;font-weight:bold;">113,083</td> 
 <td style="font-weight: bold; text-align:right">2,880</td> 
 <td style="font-weight: bold; text-align:right">11,578</td> 
 <td style="font-weight: bold; text-align:right">243</td> 
 <td style="font-weight: bold; text-align:right">1,513,847</td> 
 <td style="font-weight: bold; text-align:right">33,436</td> 
 <td style="font-weight: bold; text-align:right"><a href="/world-population/argentina-population/">45,276,505</a> </td> 
 <td style="display:none" data-continent="South America">South America</td> 
 <td>86</td>
 <td>4,118</td>
 <td>30</td> 
</tr>
<tr style=""> 
 <td style="font-size:12px;color: grey;text-align:center;vertical-align:middle;">11</td> 
 <td style="font-weight: bold; font-size:15px; text-align:left;"><a class="mt_a" href="country/chile/">Chile</a></td> 
 <td style="font-weight: bold; text-align:right">428,669</td> 
 <td style="font-weight: bold; text-align:right;"></td> 
 <td style="font-weight: bold; text-align:right;">11,781 </td> 
 <td style="font-weight: bold; 
                                    text-align:right;"></td> 
 <td style="font-weight: bold; text-align:right">401,356</td> 
 <td style="font-weight: bold; text-align:right;"></td> 
 <td style="text-align:right;font-weight:bold;">15,532</td> 
 <td style="font-weight: bold; text-align:right">951</td> 
 <td style="font-weight: bold; text-align:right">22,387</td> 
 <td style="font-weight: bold; text-align:right">615</td> 
 <td style="font-weight: bold; text-align:right">2,719,687</td> 
 <td style="font-weight: bold; text-align:right">142,034</td> 
 <td style="font-weight: bold; text-align:right"><a href="/world-population/chile-population/">19,148,188</a> </td> 
 <td style="display:none" data-continent="South America">South America</td> 
 <td>45</td>
 <td>1,625</td>
 <td>7</td> 
</tr>
<tr style=""> 
 <td style="font-size:12px;color: grey;text-align:center;vertical-align:middle;">12</td> 
 <td style="font-weight: bold; font-size:15px; text-align:left;"><a class="mt_a" href="country/iran/">Iran</a></td> 
 <td style="font-weight: bold; text-align:right">397,801</td> 
 <td style="font-weight: bold; text-align:right;background-color:#FFEEAA;">+2,313</td> 
 <td style="font-weight: bold; text-align:right;">22,913 </td> 
 <td style="font-weight: bold; 
                                    text-align:right;background-color:red; color:white">+115</td> 
 <td style="font-weight: bold; text-align:right">342,539</td> 
 <td style="font-weight: bold; text-align:right;background-color:#c8e6c9; color:#000">+1,697</td> 
 <td style="text-align:right;font-weight:bold;">32,349</td> 
 <td style="font-weight: bold; text-align:right">3,753</td> 
 <td style="font-weight: bold; text-align:right">4,724</td> 
 <td style="font-weight: bold; text-align:right">272</td> 
 <td style="font-weight: bold; text-align:right">3,507,938</td> 
 <td style="font-weight: bold; text-align:right">41,662</td> 
 <td style="font-weight: bold; text-align:right"><a href="/world-population/iran-population/">84,200,427</a> </td> 
 <td style="display:none" data-continent="Asia">Asia</td> 
 <td>212</td>
 <td>3,675</td>
 <td>24</td> 
</tr>
<tr style=""> 
 <td style="font-size:12px;color: grey;text-align:center;vertical-align:middle;">13</td> 
 <td style="font-weight: bold; font-size:15px; text-align:left;"><a class="mt_a" href="country/uk/">UK</a></td> 
 <td style="font-weight: bold; text-align:right">358,138</td> 
 <td style="font-weight: bold; text-align:right;"></td> 
 <td style="font-weight: bold; text-align:right;">41,608 </td> 
 <td style="font-weight: bold; 
                                    text-align:right;"></td> 
 <td style="font-weight: bold; text-align:right">N/A</td> 
 <td style="font-weight: bold; text-align:right;">N/A</td> 
 <td style="text-align:right;font-weight:bold;">N/A</td> 
 <td style="font-weight: bold; text-align:right">80</td> 
 <td style="font-weight: bold; text-align:right">5,270</td> 
 <td style="font-weight: bold; text-align:right">612</td> 
 <td style="font-weight: bold; text-align:right">17,619,897</td> 
 <td style="font-weight: bold; text-align:right">259,284</td> 
 <td style="font-weight: bold; text-align:right"><a href="/world-population/uk-population/">67,956,061</a> </td> 
 <td style="display:none" data-continent="Europe">Europe</td> 
 <td>190</td>
 <td>1,633</td>
 <td>4</td> 
</tr>
<tr style=""> 
 <td style="font-size:12px;color: grey;text-align:center;vertical-align:middle;">14</td> 
 <td style="font-weight: bold; font-size:15px; text-align:left;"><a class="mt_a" href="country/france/">France</a></td> 
 <td style="font-weight: bold; text-align:right">353,944</td> 
 <td style="font-weight: bold; text-align:right;"></td> 
 <td style="font-weight: bold; text-align:right;">30,813 </td> 
 <td style="font-weight: bold; 
                                    text-align:right;"></td> 
 <td style="font-weight: bold; text-align:right">88,742</td> 
 <td style="font-weight: bold; text-align:right;"></td> 
 <td style="text-align:right;font-weight:bold;">234,389</td> 
 <td style="font-weight: bold; text-align:right">615</td> 
 <td style="font-weight: bold; text-align:right">5,420</td> 
 <td style="font-weight: bold; text-align:right">472</td> 
 <td style="font-weight: bold; text-align:right">10,000,000</td> 
 <td style="font-weight: bold; text-align:right">153,134</td> 
 <td style="font-weight: bold; text-align:right"><a href="/world-population/france-population/">65,302,078</a> </td> 
 <td style="display:none" data-continent="Europe">Europe</td> 
 <td>184</td>
 <td>2,119</td>
 <td>7</td> 
</tr>
<tr style=""> 
 <td style="font-size:12px;color: grey;text-align:center;vertical-align:middle;">15</td> 
 <td style="font-weight: bold; font-size:15px; text-align:left;"><a class="mt_a" href="country/bangladesh/">Bangladesh</a></td> 
 <td style="font-weight: bold; text-align:right">334,762</td> 
 <td style="font-weight: bold; text-align:right;background-color:#FFEEAA;">+1,792</td> 
 <td style="font-weight: bold; text-align:right;">4,668 </td> 
 <td style="font-weight: bold; 
                                    text-align:right;background-color:red; color:white">+34</td> 
 <td style="font-weight: bold; text-align:right">236,024</td> 
 <td style="font-weight: bold; text-align:right;background-color:#c8e6c9; color:#000">+2,474</td> 
 <td style="text-align:right;font-weight:bold;">94,070</td> 
 <td style="font-weight: bold; text-align:right"></td> 
 <td style="font-weight: bold; text-align:right">2,029</td> 
 <td style="font-weight: bold; text-align:right">28</td> 
 <td style="font-weight: bold; text-align:right">1,704,758</td> 
 <td style="font-weight: bold; text-align:right">10,331</td> 
 <td style="font-weight: bold; text-align:right"><a href="/world-population/bangladesh-population/">165,008,184</a> </td> 
 <td style="display:none" data-continent="Asia">Asia</td> 
 <td>493</td>
 <td>35,349</td>
 <td>97</td> 
</tr>
<tr style=""> 
 <td style="font-size:12px;color: grey;text-align:center;vertical-align:middle;">16</td> 
 <td style="font-weight: bold; font-size:15px; text-align:left;"><a class="mt_a" href="country/saudi-arabia/">Saudi Arabia</a></td> 
 <td style="font-weight: bold; text-align:right">324,407</td> 
 <td style="font-weight: bold; text-align:right;background-color:#FFEEAA;">+687</td> 
 <td style="font-weight: bold; text-align:right;">4,213 </td> 
 <td style="font-weight: bold; 
                                    text-align:right;background-color:red; color:white">+24</td> 
 <td style="font-weight: bold; text-align:right">300,933</td> 
 <td style="font-weight: bold; text-align:right;background-color:#c8e6c9; color:#000">+935</td> 
 <td style="text-align:right;font-weight:bold;">19,261</td> 
 <td style="font-weight: bold; text-align:right">1,368</td> 
 <td style="font-weight: bold; text-align:right">9,291</td> 
 <td style="font-weight: bold; text-align:right">121</td> 
 <td style="font-weight: bold; text-align:right">5,645,077</td> 
 <td style="font-weight: bold; text-align:right">161,668</td> 
 <td style="font-weight: bold; text-align:right"><a href="/world-population/saudi-arabia-population/">34,917,801</a> </td> 
 <td style="display:none" data-continent="Asia">Asia</td> 
 <td>108</td>
 <td>8,288</td>
 <td>6</td> 
</tr>
<tr style=""> 
 <td style="font-size:12px;color: grey;text-align:center;vertical-align:middle;">17</td> 
 <td style="font-weight: bold; font-size:15px; text-align:left;"><a class="mt_a" href="country/pakistan/">Pakistan</a></td> 
 <td style="font-weight: bold; text-align:right">300,371</td> 
 <td style="font-weight: bold; text-align:right;background-color:#FFEEAA;">+516</td> 
 <td style="font-weight: bold; text-align:right;">6,370 </td> 
 <td style="font-weight: bold; 
                                    text-align:right;background-color:red; color:white">+5</td> 
 <td style="font-weight: bold; text-align:right">288,206</td> 
 <td style="font-weight: bold; text-align:right;background-color:#c8e6c9; color:#000">+256</td> 
 <td style="text-align:right;font-weight:bold;">5,795</td> 
 <td style="font-weight: bold; text-align:right">535</td> 
 <td style="font-weight: bold; text-align:right">1,355</td> 
 <td style="font-weight: bold; text-align:right">29</td> 
 <td style="font-weight: bold; text-align:right">2,879,655</td> 
 <td style="font-weight: bold; text-align:right">12,989</td> 
 <td style="font-weight: bold; text-align:right"><a href="/world-population/pakistan-population/">221,706,692</a> </td> 
 <td style="display:none" data-continent="Asia">Asia</td> 
 <td>738</td>
 <td>34,805</td>
 <td>77</td> 
</tr>
<tr style=""> 
 <td style="font-size:12px;color: grey;text-align:center;vertical-align:middle;">18</td> 
 <td style="font-weight: bold; font-size:15px; text-align:left;"><a class="mt_a" href="country/turkey/">Turkey</a></td> 
 <td style="font-weight: bold; text-align:right">286,455</td> 
 <td style="font-weight: bold; text-align:right;"></td> 
 <td style="font-weight: bold; text-align:right;">6,895 </td> 
 <td style="font-weight: bold; 
                                    text-align:right;"></td> 
 <td style="font-weight: bold; text-align:right">255,407</td> 
 <td style="font-weight: bold; text-align:right;"></td> 
 <td style="text-align:right;font-weight:bold;">24,153</td> 
 <td style="font-weight: bold; text-align:right">1,209</td> 
 <td style="font-weight: bold; text-align:right">3,389</td> 
 <td style="font-weight: bold; text-align:right">82</td> 
 <td style="font-weight: bold; text-align:right">8,212,924</td> 
 <td style="font-weight: bold; text-align:right">97,177</td> 
 <td style="font-weight: bold; text-align:right"><a href="/world-population/turkey-population/">84,515,068</a> </td> 
 <td style="display:none" data-continent="Asia">Asia</td> 
 <td>295</td>
 <td>12,257</td>
 <td>10</td> 
</tr>
<tr style=""> 
 <td style="font-size:12px;color: grey;text-align:center;vertical-align:middle;">19</td> 
 <td style="font-weight: bold; font-size:15px; text-align:left;"><a class="mt_a" href="country/italy/">Italy</a></td> 
 <td style="font-weight: bold; text-align:right">283,180</td> 
 <td style="font-weight: bold; text-align:right;"></td> 
 <td style="font-weight: bold; text-align:right;">35,587 </td> 
 <td style="font-weight: bold; 
                                    text-align:right;"></td> 
 <td style="font-weight: bold; text-align:right">211,885</td> 
 <td style="font-weight: bold; text-align:right;"></td> 
 <td style="text-align:right;font-weight:bold;">35,708</td> 
 <td style="font-weight: bold; text-align:right">164</td> 
 <td style="font-weight: bold; text-align:right">4,685</td> 
 <td style="font-weight: bold; text-align:right">589</td> 
 <td style="font-weight: bold; text-align:right">9,554,389</td> 
 <td style="font-weight: bold; text-align:right">158,070</td> 
 <td style="font-weight: bold; text-align:right"><a href="/world-population/italy-population/">60,444,099</a> </td> 
 <td style="display:none" data-continent="Europe">Europe</td> 
 <td>213</td>
 <td>1,698</td>
 <td>6</td> 
</tr>
<tr style=""> 
 <td style="font-size:12px;color: grey;text-align:center;vertical-align:middle;">20</td> 
 <td style="font-weight: bold; font-size:15px; text-align:left;"><a class="mt_a" href="country/iraq/">Iraq</a></td> 
 <td style="font-weight: bold; text-align:right">278,418</td> 
 <td style="font-weight: bold; text-align:right;"></td> 
 <td style="font-weight: bold; text-align:right;">7,814 </td> 
 <td style="font-weight: bold; 
                                    text-align:right;"></td> 
 <td style="font-weight: bold; text-align:right">213,817</td> 
 <td style="font-weight: bold; text-align:right;"></td> 
 <td style="text-align:right;font-weight:bold;">56,787</td> 
 <td style="font-weight: bold; text-align:right">540</td> 
 <td style="font-weight: bold; text-align:right">6,893</td> 
 <td style="font-weight: bold; text-align:right">193</td> 
 <td style="font-weight: bold; text-align:right">1,718,157</td> 
 <td style="font-weight: bold; text-align:right">42,536</td> 
 <td style="font-weight: bold; text-align:right"><a href="/world-population/iraq-population/">40,392,547</a> </td> 
 <td style="display:none" data-continent="Asia">Asia</td> 
 <td>145</td>
 <td>5,169</td>
 <td>24</td> 
</tr>
<tr style=""> 
 <td style="font-size:12px;color: grey;text-align:center;vertical-align:middle;">21</td> 
 <td style="font-weight: bold; font-size:15px; text-align:left;"><a class="mt_a" href="country/germany/">Germany</a></td> 
 <td style="font-weight: bold; text-align:right">258,125</td> 
 <td style="font-weight: bold; text-align:right;background-color:#FFEEAA;">+18</td> 
 <td style="font-weight: bold; text-align:right;">9,419 </td> 
 <td style="font-weight: bold; 
                                    text-align:right;"></td> 
 <td style="font-weight: bold; text-align:right">233,300</td> 
 <td style="font-weight: bold; text-align:right;"></td> 
 <td style="text-align:right;font-weight:bold;">15,406</td> 
 <td style="font-weight: bold; text-align:right">233</td> 
 <td style="font-weight: bold; text-align:right">3,079</td> 
 <td style="font-weight: bold; text-align:right">112</td> 
 <td style="font-weight: bold; text-align:right">13,436,301</td> 
 <td style="font-weight: bold; text-align:right">160,267</td> 
 <td style="font-weight: bold; text-align:right"><a href="/world-population/germany-population/">83,836,812</a> </td> 
 <td style="display:none" data-continent="Europe">Europe</td> 
 <td>325</td>
 <td>8,901</td>
 <td>6</td> 
</tr>
<tr style=""> 
 <td style="font-size:12px;color: grey;text-align:center;vertical-align:middle;">22</td> 
 <td style="font-weight: bold; font-size:15px; text-align:left;"><a class="mt_a" href="country/philippines/">Philippines</a></td> 
 <td style="font-weight: bold; text-align:right">252,964</td> 
 <td style="font-weight: bold; text-align:right;background-color:#FFEEAA;">+4,040</td> 
 <td style="font-weight: bold; text-align:right;">4,108 </td> 
 <td style="font-weight: bold; 
                                    text-align:right;background-color:red; color:white">+42</td> 
 <td style="font-weight: bold; text-align:right">186,606</td> 
 <td style="font-weight: bold; text-align:right;background-color:#c8e6c9; color:#000">+566</td> 
 <td style="text-align:right;font-weight:bold;">62,250</td> 
 <td style="font-weight: bold; text-align:right">990</td> 
 <td style="font-weight: bold; text-align:right">2,303</td> 
 <td style="font-weight: bold; text-align:right">37</td> 
 <td style="font-weight: bold; text-align:right">3,003,007</td> 
 <td style="font-weight: bold; text-align:right">27,334</td> 
 <td style="font-weight: bold; text-align:right"><a href="/world-population/philippines-population/">109,862,207</a> </td> 
 <td style="display:none" data-continent="Asia">Asia</td> 
 <td>434</td>
 <td>26,743</td>
 <td>37</td> 
</tr>
<tr style=""> 
 <td style="font-size:12px;color: grey;text-align:center;vertical-align:middle;">23</td> 
 <td style="font-weight: bold; font-size:15px; text-align:left;"><a class="mt_a" href="country/indonesia/">Indonesia</a></td> 
 <td style="font-weight: bold; text-align:right">210,940</td> 
 <td style="font-weight: bold; text-align:right;background-color:#FFEEAA;">+3,737</td> 
 <td style="font-weight: bold; text-align:right;">8,544 </td> 
 <td style="font-weight: bold; 
                                    text-align:right;background-color:red; color:white">+88</td> 
 <td style="font-weight: bold; text-align:right">150,217</td> 
 <td style="font-weight: bold; text-align:right;background-color:#c8e6c9; color:#000">+2,707</td> 
 <td style="text-align:right;font-weight:bold;">52,179</td> 
 <td style="font-weight: bold; text-align:right"></td> 
 <td style="font-weight: bold; text-align:right">770</td> 
 <td style="font-weight: bold; text-align:right">31</td> 
 <td style="font-weight: bold; text-align:right">2,581,392</td> 
 <td style="font-weight: bold; text-align:right">9,418</td> 
 <td style="font-weight: bold; text-align:right"><a href="/world-population/indonesia-population/">274,084,786</a> </td> 
 <td style="display:none" data-continent="Asia">Asia</td> 
 <td>1,299</td>
 <td>32,079</td>
 <td>106</td> 
</tr>
<tr style=""> 
 <td style="font-size:12px;color: grey;text-align:center;vertical-align:middle;">24</td> 
 <td style="font-weight: bold; font-size:15px; text-align:left;"><a class="mt_a" href="country/ukraine/">Ukraine</a></td> 
 <td style="font-weight: bold; text-align:right">148,756</td> 
 <td style="font-weight: bold; text-align:right;background-color:#FFEEAA;">+3,144</td> 
 <td style="font-weight: bold; text-align:right;">3,076 </td> 
 <td style="font-weight: bold; 
                                    text-align:right;background-color:red; color:white">+53</td> 
 <td style="font-weight: bold; text-align:right">67,005</td> 
 <td style="font-weight: bold; text-align:right;background-color:#c8e6c9; color:#000">+1,128</td> 
 <td style="text-align:right;font-weight:bold;">78,675</td> 
 <td style="font-weight: bold; text-align:right">177</td> 
 <td style="font-weight: bold; text-align:right">3,406</td> 
 <td style="font-weight: bold; text-align:right">70</td> 
 <td style="font-weight: bold; text-align:right">1,778,483</td> 
 <td style="font-weight: bold; text-align:right">40,715</td> 
 <td style="font-weight: bold; text-align:right"><a href="/world-population/ukraine-population/">43,680,865</a> </td> 
 <td style="display:none" data-continent="Europe">Europe</td> 
 <td>294</td>
 <td>14,201</td>
 <td>25</td> 
</tr>
<tr style=""> 
 <td style="font-size:12px;color: grey;text-align:center;vertical-align:middle;">25</td> 
 <td style="font-weight: bold; font-size:15px; text-align:left;"><a class="mt_a" href="country/israel/">Israel</a></td> 
 <td style="font-weight: bold; text-align:right">147,379</td> 
 <td style="font-weight: bold; text-align:right;background-color:#FFEEAA;">+1,853</td> 
 <td style="font-weight: bold; text-align:right;">1,086 </td> 
 <td style="font-weight: bold; 
                                    text-align:right;background-color:red; color:white">+9</td> 
 <td style="font-weight: bold; text-align:right">111,556</td> 
 <td style="font-weight: bold; text-align:right;background-color:#c8e6c9; color:#000">+1,614</td> 
 <td style="text-align:right;font-weight:bold;">34,737</td> 
 <td style="font-weight: bold; text-align:right">482</td> 
 <td style="font-weight: bold; text-align:right">16,024</td> 
 <td style="font-weight: bold; text-align:right">118</td> 
 <td style="font-weight: bold; text-align:right">2,620,012</td> 
 <td style="font-weight: bold; text-align:right">284,859</td> 
 <td style="font-weight: bold; text-align:right">9,197,590 </td> 
 <td style="display:none" data-continent="Asia">Asia</td> 
 <td>62</td>
 <td>8,469</td>
 <td>4</td> 
</tr>
<tr style=""> 
 <td style="font-size:12px;color: grey;text-align:center;vertical-align:middle;">26</td> 
 <td style="font-weight: bold; font-size:15px; text-align:left;"><a class="mt_a" href="country/canada/">Canada</a></td> 
 <td style="font-weight: bold; text-align:right">134,924</td> 
 <td style="font-weight: bold; text-align:right;"></td> 
 <td style="font-weight: bold; text-align:right;">9,163 </td> 
 <td style="font-weight: bold; 
                                    text-align:right;"></td> 
 <td style="font-weight: bold; text-align:right">118,990</td> 
 <td style="font-weight: bold; text-align:right;"></td> 
 <td style="text-align:right;font-weight:bold;">6,771</td> 
 <td style="font-weight: bold; text-align:right">52</td> 
 <td style="font-weight: bold; text-align:right">3,569</td> 
 <td style="font-weight: bold; text-align:right">242</td> 
 <td style="font-weight: bold; text-align:right">5,979,566</td> 
 <td style="font-weight: bold; text-align:right">158,162</td> 
 <td style="font-weight: bold; text-align:right"><a href="/world-population/canada-population/">37,806,632</a> </td> 
 <td style="display:none" data-continent="North America">North America</td> 
 <td>280</td>
 <td>4,126</td>
 <td>6</td> 
</tr>
<tr style=""> 
 <td style="font-size:12px;color: grey;text-align:center;vertical-align:middle;">27</td> 
 <td style="font-weight: bold; font-size:15px; text-align:left;"><a class="mt_a" href="country/bolivia/">Bolivia</a></td> 
 <td style="font-weight: bold; text-align:right">124,205</td> 
 <td style="font-weight: bold; text-align:right;background-color:#FFEEAA;">+860</td> 
 <td style="font-weight: bold; text-align:right;">7,193 </td> 
 <td style="font-weight: bold; 
                                    text-align:right;background-color:red; color:white">+47</td> 
 <td style="font-weight: bold; text-align:right">79,483</td> 
 <td style="font-weight: bold; text-align:right;background-color:#c8e6c9; color:#000">+2,267</td> 
 <td style="text-align:right;font-weight:bold;">37,529</td> 
 <td style="font-weight: bold; text-align:right">71</td> 
 <td style="font-weight: bold; text-align:right">10,612</td> 
 <td style="font-weight: bold; text-align:right">615</td> 
 <td style="font-weight: bold; text-align:right">266,600</td> 
 <td style="font-weight: bold; text-align:right">22,779</td> 
 <td style="font-weight: bold; text-align:right"><a href="/world-population/bolivia-population/">11,703,688</a> </td> 
 <td style="display:none" data-continent="South America">South America</td> 
 <td>94</td>
 <td>1,627</td>
 <td>44</td> 
</tr>
<tr style=""> 
 <td style="font-size:12px;color: grey;text-align:center;vertical-align:middle;">28</td> 
 <td style="font-weight: bold; font-size:15px; text-align:left;"><a class="mt_a" href="country/qatar/">Qatar</a></td> 
 <td style="font-weight: bold; text-align:right">121,287</td> 
 <td style="font-weight: bold; text-align:right;background-color:#FFEEAA;">+235</td> 
 <td style="font-weight: bold; text-align:right;">205 </td> 
 <td style="font-weight: bold; 
                                    text-align:right;"></td> 
 <td style="font-weight: bold; text-align:right">118,199</td> 
 <td style="font-weight: bold; text-align:right;background-color:#c8e6c9; color:#000">+221</td> 
 <td style="text-align:right;font-weight:bold;">2,883</td> 
 <td style="font-weight: bold; text-align:right">50</td> 
 <td style="font-weight: bold; text-align:right">43,196</td> 
 <td style="font-weight: bold; text-align:right">73</td> 
 <td style="font-weight: bold; text-align:right">680,633</td> 
 <td style="font-weight: bold; text-align:right">242,408</td> 
 <td style="font-weight: bold; text-align:right">2,807,805 </td> 
 <td style="display:none" data-continent="Asia">Asia</td> 
 <td>23</td>
 <td>13,697</td>
 <td>4</td> 
</tr>
<tr style=""> 
 <td style="font-size:12px;color: grey;text-align:center;vertical-align:middle;">29</td> 
 <td style="font-weight: bold; font-size:15px; text-align:left;"><a class="mt_a" href="country/ecuador/">Ecuador</a></td> 
 <td style="font-weight: bold; text-align:right">113,206</td> 
 <td style="font-weight: bold; text-align:right;"></td> 
 <td style="font-weight: bold; text-align:right;">10,749 </td> 
 <td style="font-weight: bold; 
                                    text-align:right;"></td> 
 <td style="font-weight: bold; text-align:right">91,242</td> 
 <td style="font-weight: bold; text-align:right;"></td> 
 <td style="text-align:right;font-weight:bold;">11,215</td> 
 <td style="font-weight: bold; text-align:right">371</td> 
 <td style="font-weight: bold; text-align:right">6,398</td> 
 <td style="font-weight: bold; text-align:right">607</td> 
 <td style="font-weight: bold; text-align:right">333,977</td> 
 <td style="font-weight: bold; text-align:right">18,875</td> 
 <td style="font-weight: bold; text-align:right"><a href="/world-population/ecuador-population/">17,694,458</a> </td> 
 <td style="display:none" data-continent="South America">South America</td> 
 <td>156</td>
 <td>1,646</td>
 <td>53</td> 
</tr>
<tr style=""> 
 <td style="font-size:12px;color: grey;text-align:center;vertical-align:middle;">30</td> 
 <td style="font-weight: bold; font-size:15px; text-align:left;"><a class="mt_a" href="country/kazakhstan/">Kazakhstan</a></td> 
 <td style="font-weight: bold; text-align:right">106,661</td> 
 <td style="font-weight: bold; text-align:right;background-color:#FFEEAA;">+77</td> 
 <td style="font-weight: bold; text-align:right;">1,634 </td> 
 <td style="font-weight: bold; 
                                    text-align:right;"></td> 
 <td style="font-weight: bold; text-align:right">100,409</td> 
 <td style="font-weight: bold; text-align:right;background-color:#c8e6c9; color:#000">+161</td> 
 <td style="text-align:right;font-weight:bold;">4,618</td> 
 <td style="font-weight: bold; text-align:right">221</td> 
 <td style="font-weight: bold; text-align:right">5,667</td> 
 <td style="font-weight: bold; text-align:right">87</td> 
 <td style="font-weight: bold; text-align:right">2,571,562</td> 
 <td style="font-weight: bold; text-align:right">136,639</td> 
 <td style="font-weight: bold; text-align:right"><a href="/world-population/kazakhstan-population/">18,820,139</a> </td> 
 <td style="display:none" data-continent="Asia">Asia</td> 
 <td>176</td>
 <td>11,518</td>
 <td>7</td> 
</tr>
<tr style=""> 
 <td style="font-size:12px;color: grey;text-align:center;vertical-align:middle;">31</td> 
 <td style="font-weight: bold; font-size:15px; text-align:left;"><a class="mt_a" href="country/dominican-republic/">Dominican Republic</a></td> 
 <td style="font-weight: bold; text-align:right">101,716</td> 
 <td style="font-weight: bold; text-align:right;"></td> 
 <td style="font-weight: bold; text-align:right;">1,926 </td> 
 <td style="font-weight: bold; 
                                    text-align:right;"></td> 
 <td style="font-weight: bold; text-align:right">75,034</td> 
 <td style="font-weight: bold; text-align:right;"></td> 
 <td style="text-align:right;font-weight:bold;">24,756</td> 
 <td style="font-weight: bold; text-align:right">210</td> 
 <td style="font-weight: bold; text-align:right">9,358</td> 
 <td style="font-weight: bold; text-align:right">177</td> 
 <td style="font-weight: bold; text-align:right">408,014</td> 
 <td style="font-weight: bold; text-align:right">37,539</td> 
 <td style="font-weight: bold; text-align:right"><a href="/world-population/dominican-republic-population/">10,869,043</a> </td> 
 <td style="display:none" data-continent="North America">North America</td> 
 <td>107</td>
 <td>5,643</td>
 <td>27</td> 
</tr>
<tr style=""> 
 <td style="font-size:12px;color: grey;text-align:center;vertical-align:middle;">32</td> 
 <td style="font-weight: bold; font-size:15px; text-align:left;"><a class="mt_a" href="country/romania/">Romania</a></td> 
 <td style="font-weight: bold; text-align:right">101,075</td> 
 <td style="font-weight: bold; text-align:right;background-color:#FFEEAA;">+1,391</td> 
 <td style="font-weight: bold; text-align:right;">4,100 </td> 
 <td style="font-weight: bold; 
                                    text-align:right;background-color:red; color:white">+35</td> 
 <td style="font-weight: bold; text-align:right">41,010</td> 
 <td style="font-weight: bold; text-align:right;"></td> 
 <td style="text-align:right;font-weight:bold;">55,965</td> 
 <td style="font-weight: bold; text-align:right">478</td> 
 <td style="font-weight: bold; text-align:right">5,261</td> 
 <td style="font-weight: bold; text-align:right">213</td> 
 <td style="font-weight: bold; text-align:right">2,041,921</td> 
 <td style="font-weight: bold; text-align:right">106,285</td> 
 <td style="font-weight: bold; text-align:right"><a href="/world-population/romania-population/">19,211,818</a> </td> 
 <td style="display:none" data-continent="Europe">Europe</td> 
 <td>190</td>
 <td>4,686</td>
 <td>9</td> 
</tr>
<tr style=""> 
 <td style="font-size:12px;color: grey;text-align:center;vertical-align:middle;">33</td> 
 <td style="font-weight: bold; font-size:15px; text-align:left;"><a class="mt_a" href="country/egypt/">Egypt</a></td> 
 <td style="font-weight: bold; text-align:right">100,557</td> 
 <td style="font-weight: bold; text-align:right;"></td> 
 <td style="font-weight: bold; text-align:right;">5,590 </td> 
 <td style="font-weight: bold; 
                                    text-align:right;"></td> 
 <td style="font-weight: bold; text-align:right">81,597</td> 
 <td style="font-weight: bold; text-align:right;"></td> 
 <td style="text-align:right;font-weight:bold;">13,370</td> 
 <td style="font-weight: bold; text-align:right">41</td> 
 <td style="font-weight: bold; text-align:right">979</td> 
 <td style="font-weight: bold; text-align:right">54</td> 
 <td style="font-weight: bold; text-align:right">135,000</td> 
 <td style="font-weight: bold; text-align:right">1,314</td> 
 <td style="font-weight: bold; text-align:right"><a href="/world-population/egypt-population/">102,701,378</a> </td> 
 <td style="display:none" data-continent="Africa">Africa</td> 
 <td>1,021</td>
 <td>18,372</td>
 <td>761</td> 
</tr>
<tr style=""> 
 <td style="font-size:12px;color: grey;text-align:center;vertical-align:middle;">34</td> 
 <td style="font-weight: bold; font-size:15px; text-align:left;"><a class="mt_a" href="country/panama/">Panama</a></td> 
 <td style="font-weight: bold; text-align:right">99,715</td> 
 <td style="font-weight: bold; text-align:right;"></td> 
 <td style="font-weight: bold; text-align:right;">2,127 </td> 
 <td style="font-weight: bold; 
                                    text-align:right;"></td> 
 <td style="font-weight: bold; text-align:right">72,203</td> 
 <td style="font-weight: bold; text-align:right;"></td> 
 <td style="text-align:right;font-weight:bold;">25,385</td> 
 <td style="font-weight: bold; text-align:right">135</td> 
 <td style="font-weight: bold; text-align:right">23,041</td> 
 <td style="font-weight: bold; text-align:right">491</td> 
 <td style="font-weight: bold; text-align:right">384,525</td> 
 <td style="font-weight: bold; text-align:right">88,850</td> 
 <td style="font-weight: bold; text-align:right"><a href="/world-population/panama-population/">4,327,782</a> </td> 
 <td style="display:none" data-continent="North America">North America</td> 
 <td>43</td>
 <td>2,035</td>
 <td>11</td> 
</tr>
<tr style=""> 
 <td style="font-size:12px;color: grey;text-align:center;vertical-align:middle;">35</td> 
 <td style="font-weight: bold; font-size:15px; text-align:left;"><a class="mt_a" href="country/kuwait/">Kuwait</a></td> 
 <td style="font-weight: bold; text-align:right">93,475</td> 
 <td style="font-weight: bold; text-align:right;background-color:#FFEEAA;">+653</td> 
 <td style="font-weight: bold; text-align:right;">557 </td> 
 <td style="font-weight: bold; 
                                    text-align:right;background-color:red; color:white">+1</td> 
 <td style="font-weight: bold; text-align:right">83,660</td> 
 <td style="font-weight: bold; text-align:right;background-color:#c8e6c9; color:#000">+620</td> 
 <td style="text-align:right;font-weight:bold;">9,258</td> 
 <td style="font-weight: bold; text-align:right">97</td> 
 <td style="font-weight: bold; text-align:right">21,826</td> 
 <td style="font-weight: bold; text-align:right">130</td> 
 <td style="font-weight: bold; text-align:right">668,005</td> 
 <td style="font-weight: bold; text-align:right">155,978</td> 
 <td style="font-weight: bold; text-align:right"><a href="/world-population/kuwait-population/">4,282,701</a> </td> 
 <td style="display:none" data-continent="Asia">Asia</td> 
 <td>46</td>
 <td>7,689</td>
 <td>6</td> 
</tr>
<tr style=""> 
 <td style="font-size:12px;color: grey;text-align:center;vertical-align:middle;">36</td> 
 <td style="font-weight: bold; font-size:15px; text-align:left;"><a class="mt_a" href="country/belgium/">Belgium</a></td> 
 <td style="font-weight: bold; text-align:right">90,568</td> 
 <td style="font-weight: bold; text-align:right;background-color:#FFEEAA;">+877</td> 
 <td style="font-weight: bold; text-align:right;">9,917 </td> 
 <td style="font-weight: bold; 
                                    text-align:right;"></td> 
 <td style="font-weight: bold; text-align:right">18,659</td> 
 <td style="font-weight: bold; text-align:right;background-color:#c8e6c9; color:#000">+24</td> 
 <td style="text-align:right;font-weight:bold;">61,992</td> 
 <td style="font-weight: bold; text-align:right">59</td> 
 <td style="font-weight: bold; text-align:right">7,808</td> 
 <td style="font-weight: bold; text-align:right">855</td> 
 <td style="font-weight: bold; text-align:right">2,532,095</td> 
 <td style="font-weight: bold; text-align:right">218,293</td> 
 <td style="font-weight: bold; text-align:right"><a href="/world-population/belgium-population/">11,599,551</a> </td> 
 <td style="display:none" data-continent="Europe">Europe</td> 
 <td>128</td>
 <td>1,170</td>
 <td>5</td> 
</tr>
<tr style=""> 
 <td style="font-size:12px;color: grey;text-align:center;vertical-align:middle;">37</td> 
 <td style="font-weight: bold; font-size:15px; text-align:left;"><a class="mt_a" href="country/oman/">Oman</a></td> 
 <td style="font-weight: bold; text-align:right">88,337</td> 
 <td style="font-weight: bold; text-align:right;"></td> 
 <td style="font-weight: bold; text-align:right;">762 </td> 
 <td style="font-weight: bold; 
                                    text-align:right;"></td> 
 <td style="font-weight: bold; text-align:right">83,325</td> 
 <td style="font-weight: bold; text-align:right;"></td> 
 <td style="text-align:right;font-weight:bold;">4,250</td> 
 <td style="font-weight: bold; text-align:right">161</td> 
 <td style="font-weight: bold; text-align:right">17,217</td> 
 <td style="font-weight: bold; text-align:right">149</td> 
 <td style="font-weight: bold; text-align:right">309,212</td> 
 <td style="font-weight: bold; text-align:right">60,265</td> 
 <td style="font-weight: bold; text-align:right"><a href="/world-population/oman-population/">5,130,906</a> </td> 
 <td style="display:none" data-continent="Asia">Asia</td> 
 <td>58</td>
 <td>6,733</td>
 <td>17</td> 
</tr>
<tr style=""> 
 <td style="font-size:12px;color: grey;text-align:center;vertical-align:middle;">38</td> 
 <td style="font-weight: bold; font-size:15px; text-align:left;"><a class="mt_a" href="country/sweden/">Sweden</a></td> 
 <td style="font-weight: bold; text-align:right">86,505</td> 
 <td style="font-weight: bold; text-align:right;"></td> 
 <td style="font-weight: bold; text-align:right;">5,846 </td> 
 <td style="font-weight: bold; 
                                    text-align:right;background-color:red; color:white">+4</td> 
 <td style="font-weight: bold; text-align:right">N/A</td> 
 <td style="font-weight: bold; text-align:right;">N/A</td> 
 <td style="text-align:right;font-weight:bold;">N/A</td> 
 <td style="font-weight: bold; text-align:right">13</td> 
 <td style="font-weight: bold; text-align:right">8,555</td> 
 <td style="font-weight: bold; text-align:right">578</td> 
 <td style="font-weight: bold; text-align:right">1,250,488</td> 
 <td style="font-weight: bold; text-align:right">123,669</td> 
 <td style="font-weight: bold; text-align:right"><a href="/world-population/sweden-population/">10,111,607</a> </td> 
 <td style="display:none" data-continent="Europe">Europe</td> 
 <td>117</td>
 <td>1,730</td>
 <td>8</td> 
</tr>
<tr style=""> 
 <td style="font-size:12px;color: grey;text-align:center;vertical-align:middle;">39</td> 
 <td style="font-weight: bold; font-size:15px; text-align:left;"><a class="mt_a" href="country/guatemala/">Guatemala</a></td> 
 <td style="font-weight: bold; text-align:right">80,306</td> 
 <td style="font-weight: bold; text-align:right;"></td> 
 <td style="font-weight: bold; text-align:right;">2,918 </td> 
 <td style="font-weight: bold; 
                                    text-align:right;"></td> 
 <td style="font-weight: bold; text-align:right">68,927</td> 
 <td style="font-weight: bold; text-align:right;"></td> 
 <td style="text-align:right;font-weight:bold;">8,461</td> 
 <td style="font-weight: bold; text-align:right">5</td> 
 <td style="font-weight: bold; text-align:right">4,467</td> 
 <td style="font-weight: bold; text-align:right">162</td> 
 <td style="font-weight: bold; text-align:right">270,040</td> 
 <td style="font-weight: bold; text-align:right">15,020</td> 
 <td style="font-weight: bold; text-align:right"><a href="/world-population/guatemala-population/">17,978,636</a> </td> 
 <td style="display:none" data-continent="North America">North America</td> 
 <td>224</td>
 <td>6,161</td>
 <td>67</td> 
</tr>
<tr style=""> 
 <td style="font-size:12px;color: grey;text-align:center;vertical-align:middle;">40</td> 
 <td style="font-weight: bold; font-size:15px; text-align:left;"><a class="mt_a" href="country/netherlands/">Netherlands</a></td> 
 <td style="font-weight: bold; text-align:right">79,781</td> 
 <td style="font-weight: bold; text-align:right;background-color:#FFEEAA;">+1,270</td> 
 <td style="font-weight: bold; text-align:right;">6,252 </td> 
 <td style="font-weight: bold; 
                                    text-align:right;background-color:red; color:white">+3</td> 
 <td style="font-weight: bold; text-align:right">N/A</td> 
 <td style="font-weight: bold; text-align:right;">N/A</td> 
 <td style="text-align:right;font-weight:bold;">N/A</td> 
 <td style="font-weight: bold; text-align:right">48</td> 
 <td style="font-weight: bold; text-align:right">4,654</td> 
 <td style="font-weight: bold; text-align:right">365</td> 
 <td style="font-weight: bold; text-align:right">1,832,451</td> 
 <td style="font-weight: bold; text-align:right">106,896</td> 
 <td style="font-weight: bold; text-align:right"><a href="/world-population/netherlands-population/">17,142,371</a> </td> 
 <td style="display:none" data-continent="Europe">Europe</td> 
 <td>215</td>
 <td>2,742</td>
 <td>9</td> 
</tr>
<tr style=""> 
 <td style="font-size:12px;color: grey;text-align:center;vertical-align:middle;">41</td> 
 <td style="font-weight: bold; font-size:15px; text-align:left;"><a class="mt_a" href="country/morocco/">Morocco</a></td> 
 <td style="font-weight: bold; text-align:right">79,767</td> 
 <td style="font-weight: bold; text-align:right;"></td> 
 <td style="font-weight: bold; text-align:right;">1,491 </td> 
 <td style="font-weight: bold; 
                                    text-align:right;"></td> 
 <td style="font-weight: bold; text-align:right">61,850</td> 
 <td style="font-weight: bold; text-align:right;"></td> 
 <td style="text-align:right;font-weight:bold;">16,426</td> 
 <td style="font-weight: bold; text-align:right">251</td> 
 <td style="font-weight: bold; text-align:right">2,156</td> 
 <td style="font-weight: bold; text-align:right">40</td> 
 <td style="font-weight: bold; text-align:right">2,160,798</td> 
 <td style="font-weight: bold; text-align:right">58,408</td> 
 <td style="font-weight: bold; text-align:right"><a href="/world-population/morocco-population/">36,995,185</a> </td> 
 <td style="display:none" data-continent="Africa">Africa</td> 
 <td>464</td>
 <td>24,812</td>
 <td>17</td> 
</tr>
<tr style=""> 
 <td style="font-size:12px;color: grey;text-align:center;vertical-align:middle;">42</td> 
 <td style="font-weight: bold; font-size:15px; text-align:left;"><a class="mt_a" href="country/united-arab-emirates/">UAE</a></td> 
 <td style="font-weight: bold; text-align:right">77,842</td> 
 <td style="font-weight: bold; text-align:right;background-color:#FFEEAA;">+931</td> 
 <td style="font-weight: bold; text-align:right;">398 </td> 
 <td style="font-weight: bold; 
                                    text-align:right;"></td> 
 <td style="font-weight: bold; text-align:right">68,462</td> 
 <td style="font-weight: bold; text-align:right;background-color:#c8e6c9; color:#000">+517</td> 
 <td style="text-align:right;font-weight:bold;">8,982</td> 
 <td style="font-weight: bold; text-align:right"></td> 
 <td style="font-weight: bold; text-align:right">7,852</td> 
 <td style="font-weight: bold; text-align:right">40</td> 
 <td style="font-weight: bold; text-align:right">7,947,488</td> 
 <td style="font-weight: bold; text-align:right">801,683</td> 
 <td style="font-weight: bold; text-align:right"><a href="/world-population/united-arab-emirates-population/">9,913,504</a> </td> 
 <td style="display:none" data-continent="Asia">Asia</td> 
 <td>127</td>
 <td>24,908</td>
 <td>1</td> 
</tr>
<tr style=""> 
 <td style="font-size:12px;color: grey;text-align:center;vertical-align:middle;">43</td> 
 <td style="font-weight: bold; font-size:15px; text-align:left;"><a class="mt_a" href="country/belarus/">Belarus</a></td> 
 <td style="font-weight: bold; text-align:right">73,784</td> 
 <td style="font-weight: bold; text-align:right;background-color:#FFEEAA;">+193</td> 
 <td style="font-weight: bold; text-align:right;">738 </td> 
 <td style="font-weight: bold; 
                                    text-align:right;background-color:red; color:white">+6</td> 
 <td style="font-weight: bold; text-align:right">72,369</td> 
 <td style="font-weight: bold; text-align:right;background-color:#c8e6c9; color:#000">+166</td> 
 <td style="text-align:right;font-weight:bold;">677</td> 
 <td style="font-weight: bold; text-align:right"></td> 
 <td style="font-weight: bold; text-align:right">7,809</td> 
 <td style="font-weight: bold; text-align:right">78</td> 
 <td style="font-weight: bold; text-align:right">1,629,812</td> 
 <td style="font-weight: bold; text-align:right">172,491</td> 
 <td style="font-weight: bold; text-align:right"><a href="/world-population/belarus-population/">9,448,705</a> </td> 
 <td style="display:none" data-continent="Europe">Europe</td> 
 <td>128</td>
 <td>12,803</td>
 <td>6</td> 
</tr>
<tr style=""> 
 <td style="font-size:12px;color: grey;text-align:center;vertical-align:middle;">44</td> 
 <td style="font-weight: bold; font-size:15px; text-align:left;"><a class="mt_a" href="country/japan/">Japan</a></td> 
 <td style="font-weight: bold; text-align:right">73,221</td> 
 <td style="font-weight: bold; text-align:right;"></td> 
 <td style="font-weight: bold; text-align:right;">1,406 </td> 
 <td style="font-weight: bold; 
                                    text-align:right;"></td> 
 <td style="font-weight: bold; text-align:right">64,835</td> 
 <td style="font-weight: bold; text-align:right;"></td> 
 <td style="text-align:right;font-weight:bold;">6,980</td> 
 <td style="font-weight: bold; text-align:right">198</td> 
 <td style="font-weight: bold; text-align:right">579</td> 
 <td style="font-weight: bold; text-align:right">11</td> 
 <td style="font-weight: bold; text-align:right">1,662,091</td> 
 <td style="font-weight: bold; text-align:right">13,150</td> 
 <td style="font-weight: bold; text-align:right"><a href="/world-population/japan-population/">126,398,997</a> </td> 
 <td style="display:none" data-continent="Asia">Asia</td> 
 <td>1,726</td>
 <td>89,900</td>
 <td>76</td> 
</tr>
<tr style=""> 
 <td style="font-size:12px;color: grey;text-align:center;vertical-align:middle;">45</td> 
 <td style="font-weight: bold; font-size:15px; text-align:left;"><a class="mt_a" href="country/poland/">Poland</a></td> 
 <td style="font-weight: bold; text-align:right">73,047</td> 
 <td style="font-weight: bold; text-align:right;background-color:#FFEEAA;">+594</td> 
 <td style="font-weight: bold; text-align:right;">2,169 </td> 
 <td style="font-weight: bold; 
                                    text-align:right;background-color:red; color:white">+10</td> 
 <td style="font-weight: bold; text-align:right">58,848</td> 
 <td style="font-weight: bold; text-align:right;background-color:#c8e6c9; color:#000">+779</td> 
 <td style="text-align:right;font-weight:bold;">12,030</td> 
 <td style="font-weight: bold; text-align:right">82</td> 
 <td style="font-weight: bold; text-align:right">1,931</td> 
 <td style="font-weight: bold; text-align:right">57</td> 
 <td style="font-weight: bold; text-align:right">2,949,734</td> 
 <td style="font-weight: bold; text-align:right">77,956</td> 
 <td style="font-weight: bold; text-align:right"><a href="/world-population/poland-population/">37,838,353</a> </td> 
 <td style="display:none" data-continent="Europe">Europe</td> 
 <td>518</td>
 <td>17,445</td>
 <td>13</td> 
</tr>
<tr style=""> 
 <td style="font-size:12px;color: grey;text-align:center;vertical-align:middle;">46</td> 
 <td style="font-weight: bold; font-size:15px; text-align:left;"><a class="mt_a" href="country/honduras/">Honduras</a></td> 
 <td style="font-weight: bold; text-align:right">65,802</td> 
 <td style="font-weight: bold; text-align:right;background-color:#FFEEAA;">+205</td> 
 <td style="font-weight: bold; text-align:right;">2,049 </td> 
 <td style="font-weight: bold; 
                                    text-align:right;background-color:red; color:white">+5</td> 
 <td style="font-weight: bold; text-align:right">15,577</td> 
 <td style="font-weight: bold; text-align:right;background-color:#c8e6c9; color:#000">+513</td> 
 <td style="text-align:right;font-weight:bold;">48,176</td> 
 <td style="font-weight: bold; text-align:right">33</td> 
 <td style="font-weight: bold; text-align:right">6,623</td> 
 <td style="font-weight: bold; text-align:right">206</td> 
 <td style="font-weight: bold; text-align:right">155,428</td> 
 <td style="font-weight: bold; text-align:right">15,645</td> 
 <td style="font-weight: bold; text-align:right"><a href="/world-population/honduras-population/">9,934,779</a> </td> 
 <td style="display:none" data-continent="North America">North America</td> 
 <td>151</td>
 <td>4,849</td>
 <td>64</td> 
</tr>
<tr style=""> 
 <td style="font-size:12px;color: grey;text-align:center;vertical-align:middle;">47</td> 
 <td style="font-weight: bold; font-size:15px; text-align:left;"><a class="mt_a" href="country/ethiopia/">Ethiopia</a></td> 
 <td style="font-weight: bold; text-align:right">62,578</td> 
 <td style="font-weight: bold; text-align:right;"></td> 
 <td style="font-weight: bold; text-align:right;">974 </td> 
 <td style="font-weight: bold; 
                                    text-align:right;"></td> 
 <td style="font-weight: bold; text-align:right">23,640</td> 
 <td style="font-weight: bold; text-align:right;"></td> 
 <td style="text-align:right;font-weight:bold;">37,964</td> 
 <td style="font-weight: bold; text-align:right">330</td> 
 <td style="font-weight: bold; text-align:right">542</td> 
 <td style="font-weight: bold; text-align:right">8</td> 
 <td style="font-weight: bold; text-align:right">1,110,495</td> 
 <td style="font-weight: bold; text-align:right">9,615</td> 
 <td style="font-weight: bold; text-align:right"><a href="/world-population/ethiopia-population/">115,496,876</a> </td> 
 <td style="display:none" data-continent="Africa">Africa</td> 
 <td>1,846</td>
 <td>118,580</td>
 <td>104</td> 
</tr>
<tr style=""> 
 <td style="font-size:12px;color: grey;text-align:center;vertical-align:middle;">48</td> 
 <td style="font-weight: bold; font-size:15px; text-align:left;"><a class="mt_a" href="country/portugal/">Portugal</a></td> 
 <td style="font-weight: bold; text-align:right">62,126</td> 
 <td style="font-weight: bold; text-align:right;"></td> 
 <td style="font-weight: bold; text-align:right;">1,852 </td> 
 <td style="font-weight: bold; 
                                    text-align:right;"></td> 
 <td style="font-weight: bold; text-align:right">43,441</td> 
 <td style="font-weight: bold; text-align:right;"></td> 
 <td style="text-align:right;font-weight:bold;">16,833</td> 
 <td style="font-weight: bold; text-align:right">57</td> 
 <td style="font-weight: bold; text-align:right">6,096</td> 
 <td style="font-weight: bold; text-align:right">182</td> 
 <td style="font-weight: bold; text-align:right">2,186,824</td> 
 <td style="font-weight: bold; text-align:right">214,589</td> 
 <td style="font-weight: bold; text-align:right"><a href="/world-population/portugal-population/">10,190,762</a> </td> 
 <td style="display:none" data-continent="Europe">Europe</td> 
 <td>164</td>
 <td>5,503</td>
 <td>5</td> 
</tr>
<tr style=""> 
 <td style="font-size:12px;color: grey;text-align:center;vertical-align:middle;">49</td> 
 <td style="font-weight: bold; font-size:15px; text-align:left;"><a class="mt_a" href="country/bahrain/">Bahrain</a></td> 
 <td style="font-weight: bold; text-align:right">58,207</td> 
 <td style="font-weight: bold; text-align:right;"></td> 
 <td style="font-weight: bold; text-align:right;">208 </td> 
 <td style="font-weight: bold; 
                                    text-align:right;background-color:red; color:white">+1</td> 
 <td style="font-weight: bold; text-align:right">52,284</td> 
 <td style="font-weight: bold; text-align:right;"></td> 
 <td style="text-align:right;font-weight:bold;">5,715</td> 
 <td style="font-weight: bold; text-align:right">27</td> 
 <td style="font-weight: bold; text-align:right">33,992</td> 
 <td style="font-weight: bold; text-align:right">121</td> 
 <td style="font-weight: bold; text-align:right">1,207,260</td> 
 <td style="font-weight: bold; text-align:right">705,028</td> 
 <td style="font-weight: bold; text-align:right"><a href="/world-population/bahrain-population/">1,712,357</a> </td> 
 <td style="display:none" data-continent="Asia">Asia</td> 
 <td>29</td>
 <td>8,232</td>
 <td>1</td> 
</tr>
<tr style=""> 
 <td style="font-size:12px;color: grey;text-align:center;vertical-align:middle;">50</td> 
 <td style="font-weight: bold; font-size:15px; text-align:left;"><a class="mt_a" href="country/venezuela/">Venezuela</a></td> 
 <td style="font-weight: bold; text-align:right">57,823</td> 
 <td style="font-weight: bold; text-align:right;"></td> 
 <td style="font-weight: bold; text-align:right;">460 </td> 
 <td style="font-weight: bold; 
                                    text-align:right;"></td> 
 <td style="font-weight: bold; text-align:right">46,125</td> 
 <td style="font-weight: bold; text-align:right;"></td> 
 <td style="text-align:right;font-weight:bold;">11,238</td> 
 <td style="font-weight: bold; text-align:right">111</td> 
 <td style="font-weight: bold; text-align:right">2,035</td> 
 <td style="font-weight: bold; text-align:right">16</td> 
 <td style="font-weight: bold; text-align:right">1,824,287</td> 
 <td style="font-weight: bold; text-align:right">64,191</td> 
 <td style="font-weight: bold; text-align:right"><a href="/world-population/venezuela-population/">28,419,828</a> </td> 
 <td style="display:none" data-continent="South America">South America</td> 
 <td>491</td>
 <td>61,782</td>
 <td>16</td> 
</tr>
<tr style=""> 
 <td style="font-size:12px;color: grey;text-align:center;vertical-align:middle;">51</td> 
 <td style="font-weight: bold; font-size:15px; text-align:left;"><a class="mt_a" href="country/singapore/">Singapore</a></td> 
 <td style="font-weight: bold; text-align:right">57,316</td> 
 <td style="font-weight: bold; text-align:right;background-color:#FFEEAA;">+87</td> 
 <td style="font-weight: bold; text-align:right;">27 </td> 
 <td style="font-weight: bold; 
                                    text-align:right;"></td> 
 <td style="font-weight: bold; text-align:right">56,558</td> 
 <td style="font-weight: bold; text-align:right;"></td> 
 <td style="text-align:right;font-weight:bold;">731</td> 
 <td style="font-weight: bold; text-align:right"></td> 
 <td style="font-weight: bold; text-align:right">9,782</td> 
 <td style="font-weight: bold; text-align:right">5</td> 
 <td style="font-weight: bold; text-align:right">2,281,104</td> 
 <td style="font-weight: bold; text-align:right">389,312</td> 
 <td style="font-weight: bold; text-align:right"><a href="/world-population/singapore-population/">5,859,326</a> </td> 
 <td style="display:none" data-continent="Asia">Asia</td> 
 <td>102</td>
 <td>217,012</td>
 <td>3</td> 
</tr>
<tr style=""> 
 <td style="font-size:12px;color: grey;text-align:center;vertical-align:middle;">52</td> 
 <td style="font-weight: bold; font-size:15px; text-align:left;"><a class="mt_a" href="country/nigeria/">Nigeria</a></td> 
 <td style="font-weight: bold; text-align:right">55,829</td> 
 <td style="font-weight: bold; text-align:right;"></td> 
 <td style="font-weight: bold; text-align:right;">1,075 </td> 
 <td style="font-weight: bold; 
                                    text-align:right;"></td> 
 <td style="font-weight: bold; text-align:right">43,810</td> 
 <td style="font-weight: bold; text-align:right;"></td> 
 <td style="text-align:right;font-weight:bold;">10,944</td> 
 <td style="font-weight: bold; text-align:right">7</td> 
 <td style="font-weight: bold; text-align:right">270</td> 
 <td style="font-weight: bold; text-align:right">5</td> 
 <td style="font-weight: bold; text-align:right">433,206</td> 
 <td style="font-weight: bold; text-align:right">2,092</td> 
 <td style="font-weight: bold; text-align:right"><a href="/world-population/nigeria-population/">207,096,361</a> </td> 
 <td style="display:none" data-continent="Africa">Africa</td> 
 <td>3,709</td>
 <td>192,648</td>
 <td>478</td> 
</tr>
<tr style=""> 
 <td style="font-size:12px;color: grey;text-align:center;vertical-align:middle;">53</td> 
 <td style="font-weight: bold; font-size:15px; text-align:left;"><a class="mt_a" href="country/costa-rica/">Costa Rica</a></td> 
 <td style="font-weight: bold; text-align:right">52,549</td> 
 <td style="font-weight: bold; text-align:right;"></td> 
 <td style="font-weight: bold; text-align:right;">567 </td> 
 <td style="font-weight: bold; 
                                    text-align:right;"></td> 
 <td style="font-weight: bold; text-align:right">20,322</td> 
 <td style="font-weight: bold; text-align:right;"></td> 
 <td style="text-align:right;font-weight:bold;">31,660</td> 
 <td style="font-weight: bold; text-align:right">219</td> 
 <td style="font-weight: bold; text-align:right">10,297</td> 
 <td style="font-weight: bold; text-align:right">111</td> 
 <td style="font-weight: bold; text-align:right">175,050</td> 
 <td style="font-weight: bold; text-align:right">34,302</td> 
 <td style="font-weight: bold; text-align:right"><a href="/world-population/costa-rica-population/">5,103,174</a> </td> 
 <td style="display:none" data-continent="North America">North America</td> 
 <td>97</td>
 <td>9,000</td>
 <td>29</td> 
</tr>
<tr style=""> 
 <td style="font-size:12px;color: grey;text-align:center;vertical-align:middle;">54</td> 
 <td style="font-weight: bold; font-size:15px; text-align:left;"><a class="mt_a" href="country/nepal/">Nepal</a></td> 
 <td style="font-weight: bold; text-align:right">51,919</td> 
 <td style="font-weight: bold; text-align:right;background-color:#FFEEAA;">+1,454</td> 
 <td style="font-weight: bold; text-align:right;">322 </td> 
 <td style="font-weight: bold; 
                                    text-align:right;background-color:red; color:white">+5</td> 
 <td style="font-weight: bold; text-align:right">36,672</td> 
 <td style="font-weight: bold; text-align:right;background-color:#c8e6c9; color:#000">+972</td> 
 <td style="text-align:right;font-weight:bold;">14,925</td> 
 <td style="font-weight: bold; text-align:right"></td> 
 <td style="font-weight: bold; text-align:right">1,776</td> 
 <td style="font-weight: bold; text-align:right">11</td> 
 <td style="font-weight: bold; text-align:right">821,186</td> 
 <td style="font-weight: bold; text-align:right">28,088</td> 
 <td style="font-weight: bold; text-align:right"><a href="/world-population/nepal-population/">29,236,665</a> </td> 
 <td style="display:none" data-continent="Asia">Asia</td> 
 <td>563</td>
 <td>90,797</td>
 <td>36</td> 
</tr>
<tr style=""> 
 <td style="font-size:12px;color: grey;text-align:center;vertical-align:middle;">55</td> 
 <td style="font-weight: bold; font-size:15px; text-align:left;"><a class="mt_a" href="country/algeria/">Algeria</a></td> 
 <td style="font-weight: bold; text-align:right">47,488</td> 
 <td style="font-weight: bold; text-align:right;"></td> 
 <td style="font-weight: bold; text-align:right;">1,591 </td> 
 <td style="font-weight: bold; 
                                    text-align:right;"></td> 
 <td style="font-weight: bold; text-align:right">33,562</td> 
 <td style="font-weight: bold; text-align:right;"></td> 
 <td style="text-align:right;font-weight:bold;">12,335</td> 
 <td style="font-weight: bold; text-align:right">40</td> 
 <td style="font-weight: bold; text-align:right">1,079</td> 
 <td style="font-weight: bold; text-align:right">36</td> 
 <td style="font-weight: bold; text-align:right"></td> 
 <td style="font-weight: bold; text-align:right"></td> 
 <td style="font-weight: bold; text-align:right"><a href="/world-population/algeria-population/">44,001,900</a> </td> 
 <td style="display:none" data-continent="Africa">Africa</td> 
 <td>927</td>
 <td>27,657</td>
 <td></td> 
</tr>
<tr style=""> 
 <td style="font-size:12px;color: grey;text-align:center;vertical-align:middle;">56</td> 
 <td style="font-weight: bold; font-size:15px; text-align:left;"><a class="mt_a" href="country/switzerland/">Switzerland</a></td> 
 <td style="font-weight: bold; text-align:right">46,239</td> 
 <td style="font-weight: bold; text-align:right;background-color:#FFEEAA;">+528</td> 
 <td style="font-weight: bold; text-align:right;">2,020 </td> 
 <td style="font-weight: bold; 
                                    text-align:right;"></td> 
 <td style="font-weight: bold; text-align:right">38,100</td> 
 <td style="font-weight: bold; text-align:right;"></td> 
 <td style="text-align:right;font-weight:bold;">6,119</td> 
 <td style="font-weight: bold; text-align:right">26</td> 
 <td style="font-weight: bold; text-align:right">5,335</td> 
 <td style="font-weight: bold; text-align:right">233</td> 
 <td style="font-weight: bold; text-align:right">1,162,236</td> 
 <td style="font-weight: bold; text-align:right">134,099</td> 
 <td style="font-weight: bold; text-align:right"><a href="/world-population/switzerland-population/">8,666,996</a> </td> 
 <td style="display:none" data-continent="Europe">Europe</td> 
 <td>187</td>
 <td>4,291</td>
 <td>7</td> 
</tr>
<tr style=""> 
 <td style="font-size:12px;color: grey;text-align:center;vertical-align:middle;">57</td> 
 <td style="font-weight: bold; font-size:15px; text-align:left;"><a class="mt_a" href="country/uzbekistan/">Uzbekistan</a></td> 
 <td style="font-weight: bold; text-align:right">46,160</td> 
 <td style="font-weight: bold; text-align:right;background-color:#FFEEAA;">+687</td> 
 <td style="font-weight: bold; text-align:right;">377 </td> 
 <td style="font-weight: bold; 
                                    text-align:right;background-color:red; color:white">+7</td> 
 <td style="font-weight: bold; text-align:right">42,857</td> 
 <td style="font-weight: bold; text-align:right;background-color:#c8e6c9; color:#000">+348</td> 
 <td style="text-align:right;font-weight:bold;">2,926</td> 
 <td style="font-weight: bold; text-align:right">224</td> 
 <td style="font-weight: bold; text-align:right">1,375</td> 
 <td style="font-weight: bold; text-align:right">11</td> 
 <td style="font-weight: bold; text-align:right">1,377,915</td> 
 <td style="font-weight: bold; text-align:right">41,055</td> 
 <td style="font-weight: bold; text-align:right"><a href="/world-population/uzbekistan-population/">33,562,431</a> </td> 
 <td style="display:none" data-continent="Asia">Asia</td> 
 <td>727</td>
 <td>89,025</td>
 <td>24</td> 
</tr>
<tr style=""> 
 <td style="font-size:12px;color: grey;text-align:center;vertical-align:middle;">58</td> 
 <td style="font-weight: bold; font-size:15px; text-align:left;"><a class="mt_a" href="country/armenia/">Armenia</a></td> 
 <td style="font-weight: bold; text-align:right">45,503</td> 
 <td style="font-weight: bold; text-align:right;background-color:#FFEEAA;">+177</td> 
 <td style="font-weight: bold; text-align:right;">909 </td> 
 <td style="font-weight: bold; 
                                    text-align:right;background-color:red; color:white">+3</td> 
 <td style="font-weight: bold; text-align:right">41,434</td> 
 <td style="font-weight: bold; text-align:right;background-color:#c8e6c9; color:#000">+201</td> 
 <td style="text-align:right;font-weight:bold;">3,160</td> 
 <td style="font-weight: bold; text-align:right"></td> 
 <td style="font-weight: bold; text-align:right">15,350</td> 
 <td style="font-weight: bold; text-align:right">307</td> 
 <td style="font-weight: bold; text-align:right">231,259</td> 
 <td style="font-weight: bold; text-align:right">78,014</td> 
 <td style="font-weight: bold; text-align:right"><a href="/world-population/armenia-population/">2,964,339</a> </td> 
 <td style="display:none" data-continent="Asia">Asia</td> 
 <td>65</td>
 <td>3,261</td>
 <td>13</td> 
</tr>
<tr style=""> 
 <td style="font-size:12px;color: grey;text-align:center;vertical-align:middle;">59</td> 
 <td style="font-weight: bold; font-size:15px; text-align:left;"><a class="mt_a" href="country/ghana/">Ghana</a></td> 
 <td style="font-weight: bold; text-align:right">45,388</td> 
 <td style="font-weight: bold; text-align:right;background-color:#FFEEAA;">+75</td> 
 <td style="font-weight: bold; text-align:right;">285 </td> 
 <td style="font-weight: bold; 
                                    text-align:right;background-color:red; color:white">+2</td> 
 <td style="font-weight: bold; text-align:right">44,267</td> 
 <td style="font-weight: bold; text-align:right;background-color:#c8e6c9; color:#000">+79</td> 
 <td style="text-align:right;font-weight:bold;">836</td> 
 <td style="font-weight: bold; text-align:right">5</td> 
 <td style="font-weight: bold; text-align:right">1,455</td> 
 <td style="font-weight: bold; text-align:right">9</td> 
 <td style="font-weight: bold; text-align:right">450,872</td> 
 <td style="font-weight: bold; text-align:right">14,453</td> 
 <td style="font-weight: bold; text-align:right"><a href="/world-population/ghana-population/">31,195,634</a> </td> 
 <td style="display:none" data-continent="Africa">Africa</td> 
 <td>687</td>
 <td>109,458</td>
 <td>69</td> 
</tr>
<tr style=""> 
 <td style="font-size:12px;color: grey;text-align:center;vertical-align:middle;">60</td> 
 <td style="font-weight: bold; font-size:15px; text-align:left;"><a class="mt_a" href="country/kyrgyzstan/">Kyrgyzstan</a></td> 
 <td style="font-weight: bold; text-align:right">44,684</td> 
 <td style="font-weight: bold; text-align:right;"></td> 
 <td style="font-weight: bold; text-align:right;">1,061 </td> 
 <td style="font-weight: bold; 
                                    text-align:right;"></td> 
 <td style="font-weight: bold; text-align:right">40,487</td> 
 <td style="font-weight: bold; text-align:right;"></td> 
 <td style="text-align:right;font-weight:bold;">3,136</td> 
 <td style="font-weight: bold; text-align:right">24</td> 
 <td style="font-weight: bold; text-align:right">6,827</td> 
 <td style="font-weight: bold; text-align:right">162</td> 
 <td style="font-weight: bold; text-align:right">267,718</td> 
 <td style="font-weight: bold; text-align:right">40,906</td> 
 <td style="font-weight: bold; text-align:right"><a href="/world-population/kyrgyzstan-population/">6,544,781</a> </td> 
 <td style="display:none" data-continent="Asia">Asia</td> 
 <td>146</td>
 <td>6,169</td>
 <td>24</td> 
</tr>
<tr style=""> 
 <td style="font-size:12px;color: grey;text-align:center;vertical-align:middle;">61</td> 
 <td style="font-weight: bold; font-size:15px; text-align:left;"><a class="mt_a" href="country/moldova/">Moldova</a></td> 
 <td style="font-weight: bold; text-align:right">41,704</td> 
 <td style="font-weight: bold; text-align:right;"></td> 
 <td style="font-weight: bold; text-align:right;">1,106 </td> 
 <td style="font-weight: bold; 
                                    text-align:right;"></td> 
 <td style="font-weight: bold; text-align:right">28,962</td> 
 <td style="font-weight: bold; text-align:right;"></td> 
 <td style="text-align:right;font-weight:bold;">11,636</td> 
 <td style="font-weight: bold; text-align:right">549</td> 
 <td style="font-weight: bold; text-align:right">10,343</td> 
 <td style="font-weight: bold; text-align:right">274</td> 
 <td style="font-weight: bold; text-align:right">210,553</td> 
 <td style="font-weight: bold; text-align:right">52,219</td> 
 <td style="font-weight: bold; text-align:right"><a href="/world-population/moldova-population/">4,032,090</a> </td> 
 <td style="display:none" data-continent="Europe">Europe</td> 
 <td>97</td>
 <td>3,646</td>
 <td>19</td> 
</tr>
<tr style=""> 
 <td style="font-size:12px;color: grey;text-align:center;vertical-align:middle;">62</td> 
 <td style="font-weight: bold; font-size:15px; text-align:left;"><a class="mt_a" href="country/afghanistan/">Afghanistan</a></td> 
 <td style="font-weight: bold; text-align:right">38,606</td> 
 <td style="font-weight: bold; text-align:right;background-color:#FFEEAA;">+34</td> 
 <td style="font-weight: bold; text-align:right;">1,420 </td> 
 <td style="font-weight: bold; 
                                    text-align:right;"></td> 
 <td style="font-weight: bold; text-align:right">31,154</td> 
 <td style="font-weight: bold; text-align:right;background-color:#c8e6c9; color:#000">+25</td> 
 <td style="text-align:right;font-weight:bold;">6,032</td> 
 <td style="font-weight: bold; text-align:right">93</td> 
 <td style="font-weight: bold; text-align:right">988</td> 
 <td style="font-weight: bold; text-align:right">36</td> 
 <td style="font-weight: bold; text-align:right">106,062</td> 
 <td style="font-weight: bold; text-align:right">2,713</td> 
 <td style="font-weight: bold; text-align:right"><a href="/world-population/afghanistan-population/">39,093,489</a> </td> 
 <td style="display:none" data-continent="Asia">Asia</td> 
 <td>1,013</td>
 <td>27,531</td>
 <td>369</td> 
</tr>
<tr style=""> 
 <td style="font-size:12px;color: grey;text-align:center;vertical-align:middle;">63</td> 
 <td style="font-weight: bold; font-size:15px; text-align:left;"><a class="mt_a" href="country/azerbaijan/">Azerbaijan</a></td> 
 <td style="font-weight: bold; text-align:right">38,037</td> 
 <td style="font-weight: bold; text-align:right;background-color:#FFEEAA;">+163</td> 
 <td style="font-weight: bold; text-align:right;">557 </td> 
 <td style="font-weight: bold; 
                                    text-align:right;background-color:red; color:white">+1</td> 
 <td style="font-weight: bold; text-align:right">35,440</td> 
 <td style="font-weight: bold; text-align:right;background-color:#c8e6c9; color:#000">+171</td> 
 <td style="text-align:right;font-weight:bold;">2,040</td> 
 <td style="font-weight: bold; text-align:right"></td> 
 <td style="font-weight: bold; text-align:right">3,745</td> 
 <td style="font-weight: bold; text-align:right">55</td> 
 <td style="font-weight: bold; text-align:right">995,376</td> 
 <td style="font-weight: bold; text-align:right">97,999</td> 
 <td style="font-weight: bold; text-align:right"><a href="/world-population/azerbaijan-population/">10,156,974</a> </td> 
 <td style="display:none" data-continent="Asia">Asia</td> 
 <td>267</td>
 <td>18,235</td>
 <td>10</td> 
</tr>
<tr style=""> 
 <td style="font-size:12px;color: grey;text-align:center;vertical-align:middle;">64</td> 
 <td style="font-weight: bold; font-size:15px; text-align:left;"><a class="mt_a" href="country/kenya/">Kenya</a></td> 
 <td style="font-weight: bold; text-align:right">35,603</td> 
 <td style="font-weight: bold; text-align:right;"></td> 
 <td style="font-weight: bold; text-align:right;">612 </td> 
 <td style="font-weight: bold; 
                                    text-align:right;"></td> 
 <td style="font-weight: bold; text-align:right">22,047</td> 
 <td style="font-weight: bold; text-align:right;"></td> 
 <td style="text-align:right;font-weight:bold;">12,944</td> 
 <td style="font-weight: bold; text-align:right">44</td> 
 <td style="font-weight: bold; text-align:right">659</td> 
 <td style="font-weight: bold; text-align:right">11</td> 
 <td style="font-weight: bold; text-align:right">481,982</td> 
 <td style="font-weight: bold; text-align:right">8,926</td> 
 <td style="font-weight: bold; text-align:right"><a href="/world-population/kenya-population/">53,994,688</a> </td> 
 <td style="display:none" data-continent="Africa">Africa</td> 
 <td>1,517</td>
 <td>88,227</td>
 <td>112</td> 
</tr>
<tr style=""> 
 <td style="font-size:12px;color: grey;text-align:center;vertical-align:middle;">65</td> 
 <td style="font-weight: bold; font-size:15px; text-align:left;"><a class="mt_a" href="country/czech-republic/">Czechia</a></td> 
 <td style="font-weight: bold; text-align:right">32,413</td> 
 <td style="font-weight: bold; text-align:right;"></td> 
 <td style="font-weight: bold; text-align:right;">448 </td> 
 <td style="font-weight: bold; 
                                    text-align:right;"></td> 
 <td style="font-weight: bold; text-align:right">20,787</td> 
 <td style="font-weight: bold; text-align:right;"></td> 
 <td style="text-align:right;font-weight:bold;">11,178</td> 
 <td style="font-weight: bold; text-align:right">64</td> 
 <td style="font-weight: bold; text-align:right">3,026</td> 
 <td style="font-weight: bold; text-align:right">42</td> 
 <td style="font-weight: bold; text-align:right">1,014,369</td> 
 <td style="font-weight: bold; text-align:right">94,687</td> 
 <td style="font-weight: bold; text-align:right"><a href="/world-population/czech-republic-population/">10,712,914</a> </td> 
 <td style="display:none" data-continent="Europe">Europe</td> 
 <td>331</td>
 <td>23,913</td>
 <td>11</td> 
</tr>
<tr style=""> 
 <td style="font-size:12px;color: grey;text-align:center;vertical-align:middle;">66</td> 
 <td style="font-weight: bold; font-size:15px; text-align:left;"><a class="mt_a" href="country/serbia/">Serbia</a></td> 
 <td style="font-weight: bold; text-align:right">32,228</td> 
 <td style="font-weight: bold; text-align:right;background-color:#FFEEAA;">+92</td> 
 <td style="font-weight: bold; text-align:right;">730 </td> 
 <td style="font-weight: bold; 
                                    text-align:right;background-color:red; color:white">+1</td> 
 <td style="font-weight: bold; text-align:right">31,100</td> 
 <td style="font-weight: bold; text-align:right;background-color:#c8e6c9; color:#000">+157</td> 
 <td style="text-align:right;font-weight:bold;">398</td> 
 <td style="font-weight: bold; text-align:right">33</td> 
 <td style="font-weight: bold; text-align:right">3,692</td> 
 <td style="font-weight: bold; text-align:right">84</td> 
 <td style="font-weight: bold; text-align:right">1,018,908</td> 
 <td style="font-weight: bold; text-align:right">116,709</td> 
 <td style="font-weight: bold; text-align:right"><a href="/world-population/serbia-population/">8,730,315</a> </td> 
 <td style="display:none" data-continent="Europe">Europe</td> 
 <td>271</td>
 <td>11,959</td>
 <td>9</td> 
</tr>
<tr style=""> 
 <td style="font-size:12px;color: grey;text-align:center;vertical-align:middle;">67</td> 
 <td style="font-weight: bold; font-size:15px; text-align:left;"><a class="mt_a" href="country/austria/">Austria</a></td> 
 <td style="font-weight: bold; text-align:right">31,827</td> 
 <td style="font-weight: bold; text-align:right;background-color:#FFEEAA;">+580</td> 
 <td style="font-weight: bold; text-align:right;">750 </td> 
 <td style="font-weight: bold; 
                                    text-align:right;background-color:red; color:white">+2</td> 
 <td style="font-weight: bold; text-align:right">26,257</td> 
 <td style="font-weight: bold; text-align:right;background-color:#c8e6c9; color:#000">+214</td> 
 <td style="text-align:right;font-weight:bold;">4,820</td> 
 <td style="font-weight: bold; text-align:right">41</td> 
 <td style="font-weight: bold; text-align:right">3,530</td> 
 <td style="font-weight: bold; text-align:right">83</td> 
 <td style="font-weight: bold; text-align:right">1,316,819</td> 
 <td style="font-weight: bold; text-align:right">146,046</td> 
 <td style="font-weight: bold; text-align:right"><a href="/world-population/austria-population/">9,016,482</a> </td> 
 <td style="display:none" data-continent="Europe">Europe</td> 
 <td>283</td>
 <td>12,022</td>
 <td>7</td> 
</tr>
<tr style=""> 
 <td style="font-size:12px;color: grey;text-align:center;vertical-align:middle;">68</td> 
 <td style="font-weight: bold; font-size:15px; text-align:left;"><a class="mt_a" href="country/ireland/">Ireland</a></td> 
 <td style="font-weight: bold; text-align:right">30,360</td> 
 <td style="font-weight: bold; text-align:right;"></td> 
 <td style="font-weight: bold; text-align:right;">1,781 </td> 
 <td style="font-weight: bold; 
                                    text-align:right;"></td> 
 <td style="font-weight: bold; text-align:right">23,364</td> 
 <td style="font-weight: bold; text-align:right;"></td> 
 <td style="text-align:right;font-weight:bold;">5,215</td> 
 <td style="font-weight: bold; text-align:right">7</td> 
 <td style="font-weight: bold; text-align:right">6,135</td> 
 <td style="font-weight: bold; text-align:right">360</td> 
 <td style="font-weight: bold; text-align:right">936,280</td> 
 <td style="font-weight: bold; text-align:right">189,206</td> 
 <td style="font-weight: bold; text-align:right"><a href="/world-population/ireland-population/">4,948,472</a> </td> 
 <td style="display:none" data-continent="Europe">Europe</td> 
 <td>163</td>
 <td>2,778</td>
 <td>5</td> 
</tr>
<tr style=""> 
 <td style="font-size:12px;color: grey;text-align:center;vertical-align:middle;">69</td> 
 <td style="font-weight: bold; font-size:15px; text-align:left;"><a class="mt_a" href="country/state-of-palestine/">Palestine</a></td> 
 <td style="font-weight: bold; text-align:right">29,256</td> 
 <td style="font-weight: bold; text-align:right;background-color:#FFEEAA;">+592</td> 
 <td style="font-weight: bold; text-align:right;">204 </td> 
 <td style="font-weight: bold; 
                                    text-align:right;background-color:red; color:white">+6</td> 
 <td style="font-weight: bold; text-align:right">19,788</td> 
 <td style="font-weight: bold; text-align:right;background-color:#c8e6c9; color:#000">+967</td> 
 <td style="text-align:right;font-weight:bold;">9,264</td> 
 <td style="font-weight: bold; text-align:right"></td> 
 <td style="font-weight: bold; text-align:right">5,710</td> 
 <td style="font-weight: bold; text-align:right">40</td> 
 <td style="font-weight: bold; text-align:right">329,159</td> 
 <td style="font-weight: bold; text-align:right">64,242</td> 
 <td style="font-weight: bold; text-align:right"><a href="/world-population/state-of-palestine-population/">5,123,711</a> </td> 
 <td style="display:none" data-continent="Asia">Asia</td> 
 <td>175</td>
 <td>25,116</td>
 <td>16</td> 
</tr>
<tr style=""> 
 <td style="font-size:12px;color: grey;text-align:center;vertical-align:middle;">70</td> 
 <td style="font-weight: bold; font-size:15px; text-align:left;"><a class="mt_a" href="country/el-salvador/">El Salvador</a></td> 
 <td style="font-weight: bold; text-align:right">26,773</td> 
 <td style="font-weight: bold; text-align:right;background-color:#FFEEAA;">+85</td> 
 <td style="font-weight: bold; text-align:right;">777 </td> 
 <td style="font-weight: bold; 
                                    text-align:right;background-color:red; color:white">+3</td> 
 <td style="font-weight: bold; text-align:right">17,433</td> 
 <td style="font-weight: bold; text-align:right;background-color:#c8e6c9; color:#000">+327</td> 
 <td style="text-align:right;font-weight:bold;">8,563</td> 
 <td style="font-weight: bold; text-align:right">229</td> 
 <td style="font-weight: bold; text-align:right">4,124</td> 
 <td style="font-weight: bold; text-align:right">120</td> 
 <td style="font-weight: bold; text-align:right">342,418</td> 
 <td style="font-weight: bold; text-align:right">52,739</td> 
 <td style="font-weight: bold; text-align:right"><a href="/world-population/el-salvador-population/">6,492,637</a> </td> 
 <td style="display:none" data-continent="North America">North America</td> 
 <td>243</td>
 <td>8,356</td>
 <td>19</td> 
</tr>
<tr style=""> 
 <td style="font-size:12px;color: grey;text-align:center;vertical-align:middle;">71</td> 
 <td style="font-weight: bold; font-size:15px; text-align:left;"><a class="mt_a" href="country/australia/">Australia</a></td> 
 <td style="font-weight: bold; text-align:right">26,565</td> 
 <td style="font-weight: bold; text-align:right;background-color:#FFEEAA;">+52</td> 
 <td style="font-weight: bold; text-align:right;">797 </td> 
 <td style="font-weight: bold; 
                                    text-align:right;background-color:red; color:white">+9</td> 
 <td style="font-weight: bold; text-align:right">23,217</td> 
 <td style="font-weight: bold; text-align:right;background-color:#c8e6c9; color:#000">+181</td> 
 <td style="text-align:right;font-weight:bold;">2,551</td> 
 <td style="font-weight: bold; text-align:right">18</td> 
 <td style="font-weight: bold; text-align:right">1,039</td> 
 <td style="font-weight: bold; text-align:right">31</td> 
 <td style="font-weight: bold; text-align:right">6,927,498</td> 
 <td style="font-weight: bold; text-align:right">271,059</td> 
 <td style="font-weight: bold; text-align:right"><a href="/world-population/australia-population/">25,557,148</a> </td> 
 <td style="display:none" data-continent="Australia/Oceania">Australia/Oceania</td> 
 <td>962</td>
 <td>32,067</td>
 <td>4</td> 
</tr>
<tr style=""> 
 <td style="font-size:12px;color: grey;text-align:center;vertical-align:middle;">72</td> 
 <td style="font-weight: bold; font-size:15px; text-align:left;"><a class="mt_a" href="country/paraguay/">Paraguay</a></td> 
 <td style="font-weight: bold; text-align:right">25,631</td> 
 <td style="font-weight: bold; text-align:right;"></td> 
 <td style="font-weight: bold; text-align:right;">485 </td> 
 <td style="font-weight: bold; 
                                    text-align:right;"></td> 
 <td style="font-weight: bold; text-align:right">12,729</td> 
 <td style="font-weight: bold; text-align:right;"></td> 
 <td style="text-align:right;font-weight:bold;">12,417</td> 
 <td style="font-weight: bold; text-align:right">129</td> 
 <td style="font-weight: bold; text-align:right">3,585</td> 
 <td style="font-weight: bold; text-align:right">68</td> 
 <td style="font-weight: bold; text-align:right">220,293</td> 
 <td style="font-weight: bold; text-align:right">30,813</td> 
 <td style="font-weight: bold; text-align:right"><a href="/world-population/paraguay-population/">7,149,468</a> </td> 
 <td style="display:none" data-continent="South America">South America</td> 
 <td>279</td>
 <td>14,741</td>
 <td>32</td> 
</tr>
<tr style=""> 
 <td style="font-size:12px;color: grey;text-align:center;vertical-align:middle;">73</td> 
 <td style="font-weight: bold; font-size:15px; text-align:left;"><a class="mt_a" href="country/bosnia-and-herzegovina/">Bosnia and Herzegovina</a></td> 
 <td style="font-weight: bold; text-align:right">22,544</td> 
 <td style="font-weight: bold; text-align:right;"></td> 
 <td style="font-weight: bold; text-align:right;">680 </td> 
 <td style="font-weight: bold; 
                                    text-align:right;"></td> 
 <td style="font-weight: bold; text-align:right">15,273</td> 
 <td style="font-weight: bold; text-align:right;"></td> 
 <td style="text-align:right;font-weight:bold;">6,591</td> 
 <td style="font-weight: bold; text-align:right"></td> 
 <td style="font-weight: bold; text-align:right">6,880</td> 
 <td style="font-weight: bold; text-align:right">208</td> 
 <td style="font-weight: bold; text-align:right">201,661</td> 
 <td style="font-weight: bold; text-align:right">61,544</td> 
 <td style="font-weight: bold; text-align:right"><a href="/world-population/bosnia-and-herzegovina-population/">3,276,709</a> </td> 
 <td style="display:none" data-continent="Europe">Europe</td> 
 <td>145</td>
 <td>4,819</td>
 <td>16</td> 
</tr>
<tr style=""> 
 <td style="font-size:12px;color: grey;text-align:center;vertical-align:middle;">74</td> 
 <td style="font-weight: bold; font-size:15px; text-align:left;"><a class="mt_a" href="country/lebanon/">Lebanon</a></td> 
 <td style="font-weight: bold; text-align:right">22,437</td> 
 <td style="font-weight: bold; text-align:right;"></td> 
 <td style="font-weight: bold; text-align:right;">219 </td> 
 <td style="font-weight: bold; 
                                    text-align:right;"></td> 
 <td style="font-weight: bold; text-align:right">7,312</td> 
 <td style="font-weight: bold; text-align:right;"></td> 
 <td style="text-align:right;font-weight:bold;">14,906</td> 
 <td style="font-weight: bold; text-align:right">118</td> 
 <td style="font-weight: bold; text-align:right">3,290</td> 
 <td style="font-weight: bold; text-align:right">32</td> 
 <td style="font-weight: bold; text-align:right">619,265</td> 
 <td style="font-weight: bold; text-align:right">90,810</td> 
 <td style="font-weight: bold; text-align:right"><a href="/world-population/lebanon-population/">6,819,311</a> </td> 
 <td style="display:none" data-continent="Asia">Asia</td> 
 <td>304</td>
 <td>31,138</td>
 <td>11</td> 
</tr>
<tr style=""> 
 <td style="font-size:12px;color: grey;text-align:center;vertical-align:middle;">75</td> 
 <td style="font-weight: bold; font-size:15px; text-align:left;"><a class="mt_a" href="country/south-korea/">S. Korea</a></td> 
 <td style="font-weight: bold; text-align:right">21,919</td> 
 <td style="font-weight: bold; text-align:right;background-color:#FFEEAA;">+176</td> 
 <td style="font-weight: bold; text-align:right;">350 </td> 
 <td style="font-weight: bold; 
                                    text-align:right;background-color:red; color:white">+4</td> 
 <td style="font-weight: bold; text-align:right">17,616</td> 
 <td style="font-weight: bold; text-align:right;background-color:#c8e6c9; color:#000">+256</td> 
 <td style="text-align:right;font-weight:bold;">3,953</td> 
 <td style="font-weight: bold; text-align:right">175</td> 
 <td style="font-weight: bold; text-align:right">427</td> 
 <td style="font-weight: bold; text-align:right">7</td> 
 <td style="font-weight: bold; text-align:right">2,119,211</td> 
 <td style="font-weight: bold; text-align:right">41,328</td> 
 <td style="font-weight: bold; text-align:right"><a href="/world-population/south-korea-population/">51,277,938</a> </td> 
 <td style="display:none" data-continent="Asia">Asia</td> 
 <td>2,339</td>
 <td>146,508</td>
 <td>24</td> 
</tr>
<tr style=""> 
 <td style="font-size:12px;color: grey;text-align:center;vertical-align:middle;">76</td> 
 <td style="font-weight: bold; font-size:15px; text-align:left;"><a class="mt_a" href="country/libya/">Libya</a></td> 
 <td style="font-weight: bold; text-align:right">21,908</td> 
 <td style="font-weight: bold; text-align:right;background-color:#FFEEAA;">+969</td> 
 <td style="font-weight: bold; text-align:right;">352 </td> 
 <td style="font-weight: bold; 
                                    text-align:right;background-color:red; color:white">+13</td> 
 <td style="font-weight: bold; text-align:right">2,506</td> 
 <td style="font-weight: bold; text-align:right;background-color:#c8e6c9; color:#000">+86</td> 
 <td style="text-align:right;font-weight:bold;">19,050</td> 
 <td style="font-weight: bold; text-align:right"></td> 
 <td style="font-weight: bold; text-align:right">3,180</td> 
 <td style="font-weight: bold; text-align:right">51</td> 
 <td style="font-weight: bold; text-align:right">133,989</td> 
 <td style="font-weight: bold; text-align:right">19,449</td> 
 <td style="font-weight: bold; text-align:right"><a href="/world-population/libya-population/">6,889,290</a> </td> 
 <td style="display:none" data-continent="Africa">Africa</td> 
 <td>314</td>
 <td>19,572</td>
 <td>51</td> 
</tr>
<tr style=""> 
 <td style="font-size:12px;color: grey;text-align:center;vertical-align:middle;">77</td> 
 <td style="font-weight: bold; font-size:15px; text-align:left;"><a class="mt_a" href="country/cameroon/">Cameroon</a></td> 
 <td style="font-weight: bold; text-align:right">20,009</td> 
 <td style="font-weight: bold; text-align:right;"></td> 
 <td style="font-weight: bold; text-align:right;">415 </td> 
 <td style="font-weight: bold; 
                                    text-align:right;"></td> 
 <td style="font-weight: bold; text-align:right">18,837</td> 
 <td style="font-weight: bold; text-align:right;"></td> 
 <td style="text-align:right;font-weight:bold;">757</td> 
 <td style="font-weight: bold; text-align:right">30</td> 
 <td style="font-weight: bold; text-align:right">750</td> 
 <td style="font-weight: bold; text-align:right">16</td> 
 <td style="font-weight: bold; text-align:right">149,000</td> 
 <td style="font-weight: bold; text-align:right">5,587</td> 
 <td style="font-weight: bold; text-align:right"><a href="/world-population/cameroon-population/">26,669,571</a> </td> 
 <td style="display:none" data-continent="Africa">Africa</td> 
 <td>1,333</td>
 <td>64,264</td>
 <td>179</td> 
</tr>
<tr style=""> 
 <td style="font-size:12px;color: grey;text-align:center;vertical-align:middle;">78</td> 
 <td style="font-weight: bold; font-size:15px; text-align:left;"><a class="mt_a" href="country/denmark/">Denmark</a></td> 
 <td style="font-weight: bold; text-align:right">19,216</td> 
 <td style="font-weight: bold; text-align:right;background-color:#FFEEAA;">+292</td> 
 <td style="font-weight: bold; text-align:right;">629 </td> 
 <td style="font-weight: bold; 
                                    text-align:right;"></td> 
 <td style="font-weight: bold; text-align:right">16,139</td> 
 <td style="font-weight: bold; text-align:right;background-color:#c8e6c9; color:#000">+70</td> 
 <td style="text-align:right;font-weight:bold;">2,448</td> 
 <td style="font-weight: bold; text-align:right">7</td> 
 <td style="font-weight: bold; text-align:right">3,315</td> 
 <td style="font-weight: bold; text-align:right">109</td> 
 <td style="font-weight: bold; text-align:right">2,883,594</td> 
 <td style="font-weight: bold; text-align:right">497,495</td> 
 <td style="font-weight: bold; text-align:right"><a href="/world-population/denmark-population/">5,796,224</a> </td> 
 <td style="display:none" data-continent="Europe">Europe</td> 
 <td>302</td>
 <td>9,215</td>
 <td>2</td> 
</tr>
<tr style=""> 
 <td style="font-size:12px;color: grey;text-align:center;vertical-align:middle;">79</td> 
 <td style="font-weight: bold; font-size:15px; text-align:left;"><a class="mt_a" href="country/cote-d-ivoire/">Ivory Coast</a></td> 
 <td style="font-weight: bold; text-align:right">18,869</td> 
 <td style="font-weight: bold; text-align:right;"></td> 
 <td style="font-weight: bold; text-align:right;">119 </td> 
 <td style="font-weight: bold; 
                                    text-align:right;"></td> 
 <td style="font-weight: bold; text-align:right">17,884</td> 
 <td style="font-weight: bold; text-align:right;"></td> 
 <td style="text-align:right;font-weight:bold;">866</td> 
 <td style="font-weight: bold; text-align:right"></td> 
 <td style="font-weight: bold; text-align:right">712</td> 
 <td style="font-weight: bold; text-align:right">4</td> 
 <td style="font-weight: bold; text-align:right">137,921</td> 
 <td style="font-weight: bold; text-align:right">5,204</td> 
 <td style="font-weight: bold; text-align:right"><a href="/world-population/cote-d-ivoire-population/">26,500,603</a> </td> 
 <td style="display:none" data-continent="Africa">Africa</td> 
 <td>1,404</td>
 <td>222,694</td>
 <td>192</td> 
</tr>
<tr style=""> 
 <td style="font-size:12px;color: grey;text-align:center;vertical-align:middle;">80</td> 
 <td style="font-weight: bold; font-size:15px; text-align:left;"><a class="mt_a" href="country/bulgaria/">Bulgaria</a></td> 
 <td style="font-weight: bold; text-align:right">17,598</td> 
 <td style="font-weight: bold; text-align:right;"></td> 
 <td style="font-weight: bold; text-align:right;">706 </td> 
 <td style="font-weight: bold; 
                                    text-align:right;"></td> 
 <td style="font-weight: bold; text-align:right">12,619</td> 
 <td style="font-weight: bold; text-align:right;"></td> 
 <td style="text-align:right;font-weight:bold;">4,273</td> 
 <td style="font-weight: bold; text-align:right">55</td> 
 <td style="font-weight: bold; text-align:right">2,537</td> 
 <td style="font-weight: bold; text-align:right">102</td> 
 <td style="font-weight: bold; text-align:right">456,538</td> 
 <td style="font-weight: bold; text-align:right">65,804</td> 
 <td style="font-weight: bold; text-align:right"><a href="/world-population/bulgaria-population/">6,937,881</a> </td> 
 <td style="display:none" data-continent="Europe">Europe</td> 
 <td>394</td>
 <td>9,827</td>
 <td>15</td> 
</tr>
<tr style=""> 
 <td style="font-size:12px;color: grey;text-align:center;vertical-align:middle;">81</td> 
 <td style="font-weight: bold; font-size:15px; text-align:left;"><a class="mt_a" href="country/madagascar/">Madagascar</a></td> 
 <td style="font-weight: bold; text-align:right">15,669</td> 
 <td style="font-weight: bold; text-align:right;background-color:#FFEEAA;">+45</td> 
 <td style="font-weight: bold; text-align:right;">209 </td> 
 <td style="font-weight: bold; 
                                    text-align:right;background-color:red; color:white">+1</td> 
 <td style="font-weight: bold; text-align:right">14,320</td> 
 <td style="font-weight: bold; text-align:right;background-color:#c8e6c9; color:#000">+25</td> 
 <td style="text-align:right;font-weight:bold;">1,140</td> 
 <td style="font-weight: bold; text-align:right">45</td> 
 <td style="font-weight: bold; text-align:right">563</td> 
 <td style="font-weight: bold; text-align:right">8</td> 
 <td style="font-weight: bold; text-align:right">63,222</td> 
 <td style="font-weight: bold; text-align:right">2,272</td> 
 <td style="font-weight: bold; text-align:right"><a href="/world-population/madagascar-population/">27,824,006</a> </td> 
 <td style="display:none" data-continent="Africa">Africa</td> 
 <td>1,776</td>
 <td>133,129</td>
 <td>440</td> 
</tr>
<tr style=""> 
 <td style="font-size:12px;color: grey;text-align:center;vertical-align:middle;">82</td> 
 <td style="font-weight: bold; font-size:15px; text-align:left;"><a class="mt_a" href="country/macedonia/">North Macedonia</a></td> 
 <td style="font-weight: bold; text-align:right">15,414</td> 
 <td style="font-weight: bold; text-align:right;"></td> 
 <td style="font-weight: bold; text-align:right;">637 </td> 
 <td style="font-weight: bold; 
                                    text-align:right;"></td> 
 <td style="font-weight: bold; text-align:right">12,896</td> 
 <td style="font-weight: bold; text-align:right;"></td> 
 <td style="text-align:right;font-weight:bold;">1,881</td> 
 <td style="font-weight: bold; text-align:right">4</td> 
 <td style="font-weight: bold; text-align:right">7,399</td> 
 <td style="font-weight: bold; text-align:right">306</td> 
 <td style="font-weight: bold; text-align:right">161,590</td> 
 <td style="font-weight: bold; text-align:right">77,562</td> 
 <td style="font-weight: bold; text-align:right"><a href="/world-population/macedonia-population/">2,083,357</a> </td> 
 <td style="display:none" data-continent="Europe">Europe</td> 
 <td>135</td>
 <td>3,271</td>
 <td>13</td> 
</tr>
<tr style=""> 
 <td style="font-size:12px;color: grey;text-align:center;vertical-align:middle;">83</td> 
 <td style="font-weight: bold; font-size:15px; text-align:left;"><a class="mt_a" href="country/senegal/">Senegal</a></td> 
 <td style="font-weight: bold; text-align:right">14,193</td> 
 <td style="font-weight: bold; text-align:right;background-color:#FFEEAA;">+43</td> 
 <td style="font-weight: bold; text-align:right;">293 </td> 
 <td style="font-weight: bold; 
                                    text-align:right;"></td> 
 <td style="font-weight: bold; text-align:right">10,350</td> 
 <td style="font-weight: bold; text-align:right;background-color:#c8e6c9; color:#000">+143</td> 
 <td style="text-align:right;font-weight:bold;">3,550</td> 
 <td style="font-weight: bold; text-align:right">30</td> 
 <td style="font-weight: bold; text-align:right">844</td> 
 <td style="font-weight: bold; text-align:right">17</td> 
 <td style="font-weight: bold; text-align:right">156,452</td> 
 <td style="font-weight: bold; text-align:right">9,298</td> 
 <td style="font-weight: bold; text-align:right"><a href="/world-population/senegal-population/">16,826,216</a> </td> 
 <td style="display:none" data-continent="Africa">Africa</td> 
 <td>1,186</td>
 <td>57,427</td>
 <td>108</td> 
</tr>
<tr style=""> 
 <td style="font-size:12px;color: grey;text-align:center;vertical-align:middle;">84</td> 
 <td style="font-weight: bold; font-size:15px; text-align:left;"><a class="mt_a" href="country/sudan/">Sudan</a></td> 
 <td style="font-weight: bold; text-align:right">13,437</td> 
 <td style="font-weight: bold; text-align:right;"></td> 
 <td style="font-weight: bold; text-align:right;">833 </td> 
 <td style="font-weight: bold; 
                                    text-align:right;"></td> 
 <td style="font-weight: bold; text-align:right">6,730</td> 
 <td style="font-weight: bold; text-align:right;"></td> 
 <td style="text-align:right;font-weight:bold;">5,874</td> 
 <td style="font-weight: bold; text-align:right"></td> 
 <td style="font-weight: bold; text-align:right">305</td> 
 <td style="font-weight: bold; text-align:right">19</td> 
 <td style="font-weight: bold; text-align:right"></td> 
 <td style="font-weight: bold; text-align:right"></td> 
 <td style="font-weight: bold; text-align:right"><a href="/world-population/sudan-population/">44,041,701</a> </td> 
 <td style="display:none" data-continent="Africa">Africa</td> 
 <td>3,278</td>
 <td>52,871</td>
 <td></td> 
</tr>
<tr style=""> 
 <td style="font-size:12px;color: grey;text-align:center;vertical-align:middle;">85</td> 
 <td style="font-weight: bold; font-size:15px; text-align:left;"><a class="mt_a" href="country/zambia/">Zambia</a></td> 
 <td style="font-weight: bold; text-align:right">13,214</td> 
 <td style="font-weight: bold; text-align:right;"></td> 
 <td style="font-weight: bold; text-align:right;">300 </td> 
 <td style="font-weight: bold; 
                                    text-align:right;"></td> 
 <td style="font-weight: bold; text-align:right">11,899</td> 
 <td style="font-weight: bold; text-align:right;"></td> 
 <td style="text-align:right;font-weight:bold;">1,015</td> 
 <td style="font-weight: bold; text-align:right"></td> 
 <td style="font-weight: bold; text-align:right">715</td> 
 <td style="font-weight: bold; text-align:right">16</td> 
 <td style="font-weight: bold; text-align:right">127,529</td> 
 <td style="font-weight: bold; text-align:right">6,901</td> 
 <td style="font-weight: bold; text-align:right"><a href="/world-population/zambia-population/">18,479,554</a> </td> 
 <td style="display:none" data-continent="Africa">Africa</td> 
 <td>1,398</td>
 <td>61,599</td>
 <td>145</td> 
</tr>
<tr style=""> 
 <td style="font-size:12px;color: grey;text-align:center;vertical-align:middle;">86</td> 
 <td style="font-weight: bold; font-size:15px; text-align:left;"><a class="mt_a" href="country/croatia/">Croatia</a></td> 
 <td style="font-weight: bold; text-align:right">13,107</td> 
 <td style="font-weight: bold; text-align:right;background-color:#FFEEAA;">+190</td> 
 <td style="font-weight: bold; text-align:right;">211 </td> 
 <td style="font-weight: bold; 
                                    text-align:right;background-color:red; color:white">+3</td> 
 <td style="font-weight: bold; text-align:right">10,466</td> 
 <td style="font-weight: bold; text-align:right;background-color:#c8e6c9; color:#000">+324</td> 
 <td style="text-align:right;font-weight:bold;">2,430</td> 
 <td style="font-weight: bold; text-align:right">26</td> 
 <td style="font-weight: bold; text-align:right">3,197</td> 
 <td style="font-weight: bold; text-align:right">51</td> 
 <td style="font-weight: bold; text-align:right">210,805</td> 
 <td style="font-weight: bold; text-align:right">51,414</td> 
 <td style="font-weight: bold; text-align:right"><a href="/world-population/croatia-population/">4,100,168</a> </td> 
 <td style="display:none" data-continent="Europe">Europe</td> 
 <td>313</td>
 <td>19,432</td>
 <td>19</td> 
</tr>
<tr style=""> 
 <td style="font-size:12px;color: grey;text-align:center;vertical-align:middle;">87</td> 
 <td style="font-weight: bold; font-size:15px; text-align:left;"><a class="mt_a" href="country/greece/">Greece</a></td> 
 <td style="font-weight: bold; text-align:right">12,452</td> 
 <td style="font-weight: bold; text-align:right;"></td> 
 <td style="font-weight: bold; text-align:right;">297 </td> 
 <td style="font-weight: bold; 
                                    text-align:right;"></td> 
 <td style="font-weight: bold; text-align:right">3,804</td> 
 <td style="font-weight: bold; text-align:right;"></td> 
 <td style="text-align:right;font-weight:bold;">8,351</td> 
 <td style="font-weight: bold; text-align:right">49</td> 
 <td style="font-weight: bold; text-align:right">1,196</td> 
 <td style="font-weight: bold; text-align:right">29</td> 
 <td style="font-weight: bold; text-align:right">1,082,401</td> 
 <td style="font-weight: bold; text-align:right">103,949</td> 
 <td style="font-weight: bold; text-align:right"><a href="/world-population/greece-population/">10,412,828</a> </td> 
 <td style="display:none" data-continent="Europe">Europe</td> 
 <td>836</td>
 <td>35,060</td>
 <td>10</td> 
</tr>
<tr style=""> 
 <td style="font-size:12px;color: grey;text-align:center;vertical-align:middle;">88</td> 
 <td style="font-weight: bold; font-size:15px; text-align:left;"><a class="mt_a" href="country/norway/">Norway</a></td> 
 <td style="font-weight: bold; text-align:right">11,867</td> 
 <td style="font-weight: bold; text-align:right;"></td> 
 <td style="font-weight: bold; text-align:right;">265 </td> 
 <td style="font-weight: bold; 
                                    text-align:right;"></td> 
 <td style="font-weight: bold; text-align:right">10,371</td> 
 <td style="font-weight: bold; text-align:right;background-color:#c8e6c9; color:#000">+1,023</td> 
 <td style="text-align:right;font-weight:bold;">1,231</td> 
 <td style="font-weight: bold; text-align:right">1</td> 
 <td style="font-weight: bold; text-align:right">2,186</td> 
 <td style="font-weight: bold; text-align:right">49</td> 
 <td style="font-weight: bold; text-align:right">845,522</td> 
 <td style="font-weight: bold; text-align:right">155,727</td> 
 <td style="font-weight: bold; text-align:right"><a href="/world-population/norway-population/">5,429,519</a> </td> 
 <td style="display:none" data-continent="Europe">Europe</td> 
 <td>458</td>
 <td>20,489</td>
 <td>6</td> 
</tr>
<tr style=""> 
 <td style="font-size:12px;color: grey;text-align:center;vertical-align:middle;">89</td> 
 <td style="font-weight: bold; font-size:15px; text-align:left;"><a class="mt_a" href="country/hungary/">Hungary</a></td> 
 <td style="font-weight: bold; text-align:right">10,909</td> 
 <td style="font-weight: bold; text-align:right;background-color:#FFEEAA;">+718</td> 
 <td style="font-weight: bold; text-align:right;">631 </td> 
 <td style="font-weight: bold; 
                                    text-align:right;background-color:red; color:white">+1</td> 
 <td style="font-weight: bold; text-align:right">4,014</td> 
 <td style="font-weight: bold; text-align:right;background-color:#c8e6c9; color:#000">+24</td> 
 <td style="text-align:right;font-weight:bold;">6,264</td> 
 <td style="font-weight: bold; text-align:right">12</td> 
 <td style="font-weight: bold; text-align:right">1,130</td> 
 <td style="font-weight: bold; text-align:right">65</td> 
 <td style="font-weight: bold; text-align:right">517,222</td> 
 <td style="font-weight: bold; text-align:right">53,568</td> 
 <td style="font-weight: bold; text-align:right"><a href="/world-population/hungary-population/">9,655,449</a> </td> 
 <td style="display:none" data-continent="Europe">Europe</td> 
 <td>885</td>
 <td>15,302</td>
 <td>19</td> 
</tr>
<tr style=""> 
 <td style="font-size:12px;color: grey;text-align:center;vertical-align:middle;">90</td> 
 <td style="font-weight: bold; font-size:15px; text-align:left;"><a class="mt_a" href="country/albania/">Albania</a></td> 
 <td style="font-weight: bold; text-align:right">10,860</td> 
 <td style="font-weight: bold; text-align:right;"></td> 
 <td style="font-weight: bold; text-align:right;">324 </td> 
 <td style="font-weight: bold; 
                                    text-align:right;"></td> 
 <td style="font-weight: bold; text-align:right">6,346</td> 
 <td style="font-weight: bold; text-align:right;"></td> 
 <td style="text-align:right;font-weight:bold;">4,190</td> 
 <td style="font-weight: bold; text-align:right">20</td> 
 <td style="font-weight: bold; text-align:right">3,775</td> 
 <td style="font-weight: bold; text-align:right">113</td> 
 <td style="font-weight: bold; text-align:right">66,881</td> 
 <td style="font-weight: bold; text-align:right">23,245</td> 
 <td style="font-weight: bold; text-align:right"><a href="/world-population/albania-population/">2,877,171</a> </td> 
 <td style="display:none" data-continent="Europe">Europe</td> 
 <td>265</td>
 <td>8,880</td>
 <td>43</td> 
</tr>
<tr style=""> 
 <td style="font-size:12px;color: grey;text-align:center;vertical-align:middle;">91</td> 
 <td style="font-weight: bold; font-size:15px; text-align:left;"><a class="mt_a" href="country/democratic-republic-of-the-congo/">DRC</a></td> 
 <td style="font-weight: bold; text-align:right">10,361</td> 
 <td style="font-weight: bold; text-align:right;background-color:#FFEEAA;">+18</td> 
 <td style="font-weight: bold; text-align:right;">262 </td> 
 <td style="font-weight: bold; 
                                    text-align:right;"></td> 
 <td style="font-weight: bold; text-align:right">9,622</td> 
 <td style="font-weight: bold; text-align:right;background-color:#c8e6c9; color:#000">+89</td> 
 <td style="text-align:right;font-weight:bold;">477</td> 
 <td style="font-weight: bold; text-align:right"></td> 
 <td style="font-weight: bold; text-align:right">115</td> 
 <td style="font-weight: bold; text-align:right">3</td> 
 <td style="font-weight: bold; text-align:right"></td> 
 <td style="font-weight: bold; text-align:right"></td> 
 <td style="font-weight: bold; text-align:right"><a href="/world-population/democratic-republic-of-the-congo-population/">90,063,738</a> </td> 
 <td style="display:none" data-continent="Africa">Africa</td> 
 <td>8,693</td>
 <td>343,755</td>
 <td></td> 
</tr>
<tr style=""> 
 <td style="font-size:12px;color: grey;text-align:center;vertical-align:middle;">92</td> 
 <td style="font-weight: bold; font-size:15px; text-align:left;"><a class="mt_a" href="country/guinea/">Guinea</a></td> 
 <td style="font-weight: bold; text-align:right">9,946</td> 
 <td style="font-weight: bold; text-align:right;"></td> 
 <td style="font-weight: bold; text-align:right;">63 </td> 
 <td style="font-weight: bold; 
                                    text-align:right;"></td> 
 <td style="font-weight: bold; text-align:right">9,100</td> 
 <td style="font-weight: bold; text-align:right;"></td> 
 <td style="text-align:right;font-weight:bold;">783</td> 
 <td style="font-weight: bold; text-align:right">24</td> 
 <td style="font-weight: bold; text-align:right">754</td> 
 <td style="font-weight: bold; text-align:right">5</td> 
 <td style="font-weight: bold; text-align:right">26,775</td> 
 <td style="font-weight: bold; text-align:right">2,029</td> 
 <td style="font-weight: bold; text-align:right"><a href="/world-population/guinea-population/">13,199,093</a> </td> 
 <td style="display:none" data-continent="Africa">Africa</td> 
 <td>1,327</td>
 <td>209,509</td>
 <td>493</td> 
</tr>
<tr style=""> 
 <td style="font-size:12px;color: grey;text-align:center;vertical-align:middle;">93</td> 
 <td style="font-weight: bold; font-size:15px; text-align:left;"><a class="mt_a" href="country/malaysia/">Malaysia</a></td> 
 <td style="font-weight: bold; text-align:right">9,810</td> 
 <td style="font-weight: bold; text-align:right;background-color:#FFEEAA;">+182</td> 
 <td style="font-weight: bold; text-align:right;">128 </td> 
 <td style="font-weight: bold; 
                                    text-align:right;"></td> 
 <td style="font-weight: bold; text-align:right">9,181</td> 
 <td style="font-weight: bold; text-align:right;background-color:#c8e6c9; color:#000">+14</td> 
 <td style="text-align:right;font-weight:bold;">501</td> 
 <td style="font-weight: bold; text-align:right">9</td> 
 <td style="font-weight: bold; text-align:right">302</td> 
 <td style="font-weight: bold; text-align:right">4</td> 
 <td style="font-weight: bold; text-align:right">1,353,826</td> 
 <td style="font-weight: bold; text-align:right">41,725</td> 
 <td style="font-weight: bold; text-align:right"><a href="/world-population/malaysia-population/">32,446,027</a> </td> 
 <td style="display:none" data-continent="Asia">Asia</td> 
 <td>3,307</td>
 <td>253,485</td>
 <td>24</td> 
</tr>
<tr style=""> 
 <td style="font-size:12px;color: grey;text-align:center;vertical-align:middle;">94</td> 
 <td style="font-weight: bold; font-size:15px; text-align:left;"><a class="mt_a" href="country/french-guiana/">French Guiana</a></td> 
 <td style="font-weight: bold; text-align:right">9,462</td> 
 <td style="font-weight: bold; text-align:right;"></td> 
 <td style="font-weight: bold; text-align:right;">63 </td> 
 <td style="font-weight: bold; 
                                    text-align:right;"></td> 
 <td style="font-weight: bold; text-align:right">9,040</td> 
 <td style="font-weight: bold; text-align:right;"></td> 
 <td style="text-align:right;font-weight:bold;">359</td> 
 <td style="font-weight: bold; text-align:right">7</td> 
 <td style="font-weight: bold; text-align:right">31,527</td> 
 <td style="font-weight: bold; text-align:right">210</td> 
 <td style="font-weight: bold; text-align:right">58,394</td> 
 <td style="font-weight: bold; text-align:right">194,564</td> 
 <td style="font-weight: bold; text-align:right"><a href="/world-population/french-guiana-population/">300,127</a> </td> 
 <td style="display:none" data-continent="South America">South America</td> 
 <td>32</td>
 <td>4,764</td>
 <td>5</td> 
</tr>
<tr style=""> 
 <td style="font-size:12px;color: grey;text-align:center;vertical-align:middle;">95</td> 
 <td style="font-weight: bold; font-size:15px; text-align:left;"><a class="mt_a" href="country/namibia/">Namibia</a></td> 
 <td style="font-weight: bold; text-align:right">9,256</td> 
 <td style="font-weight: bold; text-align:right;"></td> 
 <td style="font-weight: bold; text-align:right;">96 </td> 
 <td style="font-weight: bold; 
                                    text-align:right;"></td> 
 <td style="font-weight: bold; text-align:right">4,767</td> 
 <td style="font-weight: bold; text-align:right;"></td> 
 <td style="text-align:right;font-weight:bold;">4,393</td> 
 <td style="font-weight: bold; text-align:right">20</td> 
 <td style="font-weight: bold; text-align:right">3,630</td> 
 <td style="font-weight: bold; text-align:right">38</td> 
 <td style="font-weight: bold; text-align:right">75,511</td> 
 <td style="font-weight: bold; text-align:right">29,616</td> 
 <td style="font-weight: bold; text-align:right"><a href="/world-population/namibia-population/">2,549,670</a> </td> 
 <td style="display:none" data-continent="Africa">Africa</td> 
 <td>275</td>
 <td>26,559</td>
 <td>34</td> 
</tr>
<tr style=""> 
 <td style="font-size:12px;color: grey;text-align:center;vertical-align:middle;">96</td> 
 <td style="font-weight: bold; font-size:15px; text-align:left;"><a class="mt_a" href="country/tajikistan/">Tajikistan</a></td> 
 <td style="font-weight: bold; text-align:right">8,939</td> 
 <td style="font-weight: bold; text-align:right;"></td> 
 <td style="font-weight: bold; text-align:right;">72 </td> 
 <td style="font-weight: bold; 
                                    text-align:right;"></td> 
 <td style="font-weight: bold; text-align:right">7,714</td> 
 <td style="font-weight: bold; text-align:right;"></td> 
 <td style="text-align:right;font-weight:bold;">1,153</td> 
 <td style="font-weight: bold; text-align:right"></td> 
 <td style="font-weight: bold; text-align:right">933</td> 
 <td style="font-weight: bold; text-align:right">8</td> 
 <td style="font-weight: bold; text-align:right"></td> 
 <td style="font-weight: bold; text-align:right"></td> 
 <td style="font-weight: bold; text-align:right"><a href="/world-population/tajikistan-population/">9,578,004</a> </td> 
 <td style="display:none" data-continent="Asia">Asia</td> 
 <td>1,071</td>
 <td>133,028</td>
 <td></td> 
</tr>
<tr style=""> 
 <td style="font-size:12px;color: grey;text-align:center;vertical-align:middle;">97</td> 
 <td style="font-weight: bold; font-size:15px; text-align:left;"><a class="mt_a" href="country/maldives/">Maldives</a></td> 
 <td style="font-weight: bold; text-align:right">8,900</td> 
 <td style="font-weight: bold; text-align:right;"></td> 
 <td style="font-weight: bold; text-align:right;">31 </td> 
 <td style="font-weight: bold; 
                                    text-align:right;"></td> 
 <td style="font-weight: bold; text-align:right">6,559</td> 
 <td style="font-weight: bold; text-align:right;"></td> 
 <td style="text-align:right;font-weight:bold;">2,310</td> 
 <td style="font-weight: bold; text-align:right">12</td> 
 <td style="font-weight: bold; text-align:right">16,410</td> 
 <td style="font-weight: bold; text-align:right">57</td> 
 <td style="font-weight: bold; text-align:right">126,675</td> 
 <td style="font-weight: bold; text-align:right">233,563</td> 
 <td style="font-weight: bold; text-align:right"><a href="/world-population/maldives-population/">542,360</a> </td> 
 <td style="display:none" data-continent="Asia">Asia</td> 
 <td>61</td>
 <td>17,495</td>
 <td>4</td> 
</tr>
<tr style=""> 
 <td style="font-size:12px;color: grey;text-align:center;vertical-align:middle;">98</td> 
 <td style="font-weight: bold; font-size:15px; text-align:left;"><a class="mt_a" href="country/gabon/">Gabon</a></td> 
 <td style="font-weight: bold; text-align:right">8,621</td> 
 <td style="font-weight: bold; text-align:right;"></td> 
 <td style="font-weight: bold; text-align:right;">53 </td> 
 <td style="font-weight: bold; 
                                    text-align:right;"></td> 
 <td style="font-weight: bold; text-align:right">7,618</td> 
 <td style="font-weight: bold; text-align:right;"></td> 
 <td style="text-align:right;font-weight:bold;">950</td> 
 <td style="font-weight: bold; text-align:right">2</td> 
 <td style="font-weight: bold; text-align:right">3,856</td> 
 <td style="font-weight: bold; text-align:right">24</td> 
 <td style="font-weight: bold; text-align:right">131,610</td> 
 <td style="font-weight: bold; text-align:right">58,870</td> 
 <td style="font-weight: bold; text-align:right"><a href="/world-population/gabon-population/">2,235,599</a> </td> 
 <td style="display:none" data-continent="Africa">Africa</td> 
 <td>259</td>
 <td>42,181</td>
 <td>17</td> 
</tr>
<tr style=""> 
 <td style="font-size:12px;color: grey;text-align:center;vertical-align:middle;">99</td> 
 <td style="font-weight: bold; font-size:15px; text-align:left;"><a class="mt_a" href="country/finland/">Finland</a></td> 
 <td style="font-weight: bold; text-align:right">8,512</td> 
 <td style="font-weight: bold; text-align:right;background-color:#FFEEAA;">+43</td> 
 <td style="font-weight: bold; text-align:right;">337 </td> 
 <td style="font-weight: bold; 
                                    text-align:right;"></td> 
 <td style="font-weight: bold; text-align:right">7,500</td> 
 <td style="font-weight: bold; text-align:right;"></td> 
 <td style="text-align:right;font-weight:bold;">675</td> 
 <td style="font-weight: bold; text-align:right">1</td> 
 <td style="font-weight: bold; text-align:right">1,536</td> 
 <td style="font-weight: bold; text-align:right">61</td> 
 <td style="font-weight: bold; text-align:right">789,443</td> 
 <td style="font-weight: bold; text-align:right">142,436</td> 
 <td style="font-weight: bold; text-align:right"><a href="/world-population/finland-population/">5,542,425</a> </td> 
 <td style="display:none" data-continent="Europe">Europe</td> 
 <td>651</td>
 <td>16,446</td>
 <td>7</td> 
</tr>
<tr style=""> 
 <td style="font-size:12px;color: grey;text-align:center;vertical-align:middle;">100</td> 
 <td style="font-weight: bold; font-size:15px; text-align:left;"><a class="mt_a" href="country/haiti/">Haiti</a></td> 
 <td style="font-weight: bold; text-align:right">8,429</td> 
 <td style="font-weight: bold; text-align:right;"></td> 
 <td style="font-weight: bold; text-align:right;">215 </td> 
 <td style="font-weight: bold; 
                                    text-align:right;"></td> 
 <td style="font-weight: bold; text-align:right">5,991</td> 
 <td style="font-weight: bold; text-align:right;"></td> 
 <td style="text-align:right;font-weight:bold;">2,223</td> 
 <td style="font-weight: bold; text-align:right"></td> 
 <td style="font-weight: bold; text-align:right">737</td> 
 <td style="font-weight: bold; text-align:right">19</td> 
 <td style="font-weight: bold; text-align:right">24,862</td> 
 <td style="font-weight: bold; text-align:right">2,175</td> 
 <td style="font-weight: bold; text-align:right"><a href="/world-population/haiti-population/">11,429,394</a> </td> 
 <td style="display:none" data-continent="North America">North America</td> 
 <td>1,356</td>
 <td>53,160</td>
 <td>460</td> 
</tr>
<tr style=""> 
 <td style="font-size:12px;color: grey;text-align:center;vertical-align:middle;">101</td> 
 <td style="font-weight: bold; font-size:15px; text-align:left;"><a class="mt_a" href="country/zimbabwe/">Zimbabwe</a></td> 
 <td style="font-weight: bold; text-align:right">7,453</td> 
 <td style="font-weight: bold; text-align:right;"></td> 
 <td style="font-weight: bold; text-align:right;">222 </td> 
 <td style="font-weight: bold; 
                                    text-align:right;"></td> 
 <td style="font-weight: bold; text-align:right">5,635</td> 
 <td style="font-weight: bold; text-align:right;"></td> 
 <td style="text-align:right;font-weight:bold;">1,596</td> 
 <td style="font-weight: bold; text-align:right"></td> 
 <td style="font-weight: bold; text-align:right">500</td> 
 <td style="font-weight: bold; text-align:right">15</td> 
 <td style="font-weight: bold; text-align:right">153,315</td> 
 <td style="font-weight: bold; text-align:right">10,286</td> 
 <td style="font-weight: bold; text-align:right"><a href="/world-population/zimbabwe-population/">14,904,502</a> </td> 
 <td style="display:none" data-continent="Africa">Africa</td> 
 <td>2,000</td>
 <td>67,137</td>
 <td>97</td> 
</tr>
<tr style=""> 
 <td style="font-size:12px;color: grey;text-align:center;vertical-align:middle;">102</td> 
 <td style="font-weight: bold; font-size:15px; text-align:left;"><a class="mt_a" href="country/mauritania/">Mauritania</a></td> 
 <td style="font-weight: bold; text-align:right">7,222</td> 
 <td style="font-weight: bold; text-align:right;"></td> 
 <td style="font-weight: bold; text-align:right;">161 </td> 
 <td style="font-weight: bold; 
                                    text-align:right;"></td> 
 <td style="font-weight: bold; text-align:right">6,758</td> 
 <td style="font-weight: bold; text-align:right;"></td> 
 <td style="text-align:right;font-weight:bold;">303</td> 
 <td style="font-weight: bold; text-align:right">3</td> 
 <td style="font-weight: bold; text-align:right">1,546</td> 
 <td style="font-weight: bold; text-align:right">34</td> 
 <td style="font-weight: bold; text-align:right">70,257</td> 
 <td style="font-weight: bold; text-align:right">15,036</td> 
 <td style="font-weight: bold; text-align:right"><a href="/world-population/mauritania-population/">4,672,455</a> </td> 
 <td style="display:none" data-continent="Africa">Africa</td> 
 <td>647</td>
 <td>29,021</td>
 <td>67</td> 
</tr>
<tr style=""> 
 <td style="font-size:12px;color: grey;text-align:center;vertical-align:middle;">103</td> 
 <td style="font-weight: bold; font-size:15px; text-align:left;"><a class="mt_a" href="country/luxembourg/">Luxembourg</a></td> 
 <td style="font-weight: bold; text-align:right">7,088</td> 
 <td style="font-weight: bold; text-align:right;"></td> 
 <td style="font-weight: bold; text-align:right;">124 </td> 
 <td style="font-weight: bold; 
                                    text-align:right;"></td> 
 <td style="font-weight: bold; text-align:right">6,397</td> 
 <td style="font-weight: bold; text-align:right;"></td> 
 <td style="text-align:right;font-weight:bold;">567</td> 
 <td style="font-weight: bold; text-align:right"></td> 
 <td style="font-weight: bold; text-align:right">11,288</td> 
 <td style="font-weight: bold; text-align:right">197</td> 
 <td style="font-weight: bold; text-align:right">712,262</td> 
 <td style="font-weight: bold; text-align:right">1,134,307</td> 
 <td style="font-weight: bold; text-align:right"><a href="/world-population/luxembourg-population/">627,927</a> </td> 
 <td style="display:none" data-continent="Europe">Europe</td> 
 <td>89</td>
 <td>5,064</td>
 <td>1</td> 
</tr>
<tr style=""> 
 <td style="font-size:12px;color: grey;text-align:center;vertical-align:middle;">104</td> 
 <td style="font-weight: bold; font-size:15px; text-align:left;"><a class="mt_a" href="country/montenegro/">Montenegro</a></td> 
 <td style="font-weight: bold; text-align:right">6,222</td> 
 <td style="font-weight: bold; text-align:right;"></td> 
 <td style="font-weight: bold; text-align:right;">114 </td> 
 <td style="font-weight: bold; 
                                    text-align:right;"></td> 
 <td style="font-weight: bold; text-align:right">4,393</td> 
 <td style="font-weight: bold; text-align:right;"></td> 
 <td style="text-align:right;font-weight:bold;">1,715</td> 
 <td style="font-weight: bold; text-align:right"></td> 
 <td style="font-weight: bold; text-align:right">9,906</td> 
 <td style="font-weight: bold; text-align:right">182</td> 
 <td style="font-weight: bold; text-align:right">55,041</td> 
 <td style="font-weight: bold; text-align:right">87,633</td> 
 <td style="font-weight: bold; text-align:right"><a href="/world-population/montenegro-population/">628,082</a> </td> 
 <td style="display:none" data-continent="Europe">Europe</td> 
 <td>101</td>
 <td>5,509</td>
 <td>11</td> 
</tr>
<tr style=""> 
 <td style="font-size:12px;color: grey;text-align:center;vertical-align:middle;">105</td> 
 <td style="font-weight: bold; font-size:15px; text-align:left;"><a class="mt_a" href="country/tunisia/">Tunisia</a></td> 
 <td style="font-weight: bold; text-align:right">5,882</td> 
 <td style="font-weight: bold; text-align:right;"></td> 
 <td style="font-weight: bold; text-align:right;">99 </td> 
 <td style="font-weight: bold; 
                                    text-align:right;"></td> 
 <td style="font-weight: bold; text-align:right">1,862</td> 
 <td style="font-weight: bold; text-align:right;"></td> 
 <td style="text-align:right;font-weight:bold;">3,921</td> 
 <td style="font-weight: bold; text-align:right">26</td> 
 <td style="font-weight: bold; text-align:right">497</td> 
 <td style="font-weight: bold; text-align:right">8</td> 
 <td style="font-weight: bold; text-align:right">165,423</td> 
 <td style="font-weight: bold; text-align:right">13,968</td> 
 <td style="font-weight: bold; text-align:right"><a href="/world-population/tunisia-population/">11,842,619</a> </td> 
 <td style="display:none" data-continent="Africa">Africa</td> 
 <td>2,013</td>
 <td>119,622</td>
 <td>72</td> 
</tr>
<tr style=""> 
 <td style="font-size:12px;color: grey;text-align:center;vertical-align:middle;">106</td> 
 <td style="font-weight: bold; font-size:15px; text-align:left;"><a class="mt_a" href="country/malawi/">Malawi</a></td> 
 <td style="font-weight: bold; text-align:right">5,655</td> 
 <td style="font-weight: bold; text-align:right;"></td> 
 <td style="font-weight: bold; text-align:right;">176 </td> 
 <td style="font-weight: bold; 
                                    text-align:right;"></td> 
 <td style="font-weight: bold; text-align:right">3,683</td> 
 <td style="font-weight: bold; text-align:right;"></td> 
 <td style="text-align:right;font-weight:bold;">1,796</td> 
 <td style="font-weight: bold; text-align:right">4</td> 
 <td style="font-weight: bold; text-align:right">294</td> 
 <td style="font-weight: bold; text-align:right">9</td> 
 <td style="font-weight: bold; text-align:right">47,351</td> 
 <td style="font-weight: bold; text-align:right">2,463</td> 
 <td style="font-weight: bold; text-align:right"><a href="/world-population/malawi-population/">19,222,266</a> </td> 
 <td style="display:none" data-continent="Africa">Africa</td> 
 <td>3,399</td>
 <td>109,217</td>
 <td>406</td> 
</tr>
<tr style=""> 
 <td style="font-size:12px;color: grey;text-align:center;vertical-align:middle;">107</td> 
 <td style="font-weight: bold; font-size:15px; text-align:left;"><a class="mt_a" href="country/djibouti/">Djibouti</a></td> 
 <td style="font-weight: bold; text-align:right">5,394</td> 
 <td style="font-weight: bold; text-align:right;"></td> 
 <td style="font-weight: bold; text-align:right;">61 </td> 
 <td style="font-weight: bold; 
                                    text-align:right;"></td> 
 <td style="font-weight: bold; text-align:right">5,327</td> 
 <td style="font-weight: bold; text-align:right;"></td> 
 <td style="text-align:right;font-weight:bold;">6</td> 
 <td style="font-weight: bold; text-align:right"></td> 
 <td style="font-weight: bold; text-align:right">5,444</td> 
 <td style="font-weight: bold; text-align:right">62</td> 
 <td style="font-weight: bold; text-align:right">70,635</td> 
 <td style="font-weight: bold; text-align:right">71,294</td> 
 <td style="font-weight: bold; text-align:right"><a href="/world-population/djibouti-population/">990,761</a> </td> 
 <td style="display:none" data-continent="Africa">Africa</td> 
 <td>184</td>
 <td>16,242</td>
 <td>14</td> 
</tr>
<tr style=""> 
 <td style="font-size:12px;color: grey;text-align:center;vertical-align:middle;">108</td> 
 <td style="font-weight: bold; font-size:15px; text-align:left;"><a class="mt_a" href="country/slovakia/">Slovakia</a></td> 
 <td style="font-weight: bold; text-align:right">5,252</td> 
 <td style="font-weight: bold; text-align:right;background-color:#FFEEAA;">+186</td> 
 <td style="font-weight: bold; text-align:right;">37 </td> 
 <td style="font-weight: bold; 
                                    text-align:right;"></td> 
 <td style="font-weight: bold; text-align:right">3,081</td> 
 <td style="font-weight: bold; text-align:right;background-color:#c8e6c9; color:#000">+80</td> 
 <td style="text-align:right;font-weight:bold;">2,134</td> 
 <td style="font-weight: bold; text-align:right">23</td> 
 <td style="font-weight: bold; text-align:right">962</td> 
 <td style="font-weight: bold; text-align:right">7</td> 
 <td style="font-weight: bold; text-align:right">375,232</td> 
 <td style="font-weight: bold; text-align:right">68,722</td> 
 <td style="font-weight: bold; text-align:right"><a href="/world-population/slovakia-population/">5,460,167</a> </td> 
 <td style="display:none" data-continent="Europe">Europe</td> 
 <td>1,040</td>
 <td>147,572</td>
 <td>15</td> 
</tr>
<tr style=""> 
 <td style="font-size:12px;color: grey;text-align:center;vertical-align:middle;">109</td> 
 <td style="font-weight: bold; font-size:15px; text-align:left;"><a class="mt_a" href="country/swaziland/">Eswatini</a></td> 
 <td style="font-weight: bold; text-align:right">4,994</td> 
 <td style="font-weight: bold; text-align:right;"></td> 
 <td style="font-weight: bold; text-align:right;">98 </td> 
 <td style="font-weight: bold; 
                                    text-align:right;"></td> 
 <td style="font-weight: bold; text-align:right">4,103</td> 
 <td style="font-weight: bold; text-align:right;"></td> 
 <td style="text-align:right;font-weight:bold;">793</td> 
 <td style="font-weight: bold; text-align:right">11</td> 
 <td style="font-weight: bold; text-align:right">4,296</td> 
 <td style="font-weight: bold; text-align:right">84</td> 
 <td style="font-weight: bold; text-align:right">30,843</td> 
 <td style="font-weight: bold; text-align:right">26,532</td> 
 <td style="font-weight: bold; text-align:right"><a href="/world-population/swaziland-population/">1,162,496</a> </td> 
 <td style="display:none" data-continent="Africa">Africa</td> 
 <td>233</td>
 <td>11,862</td>
 <td>38</td> 
</tr>
<tr style=""> 
 <td style="font-size:12px;color: grey;text-align:center;vertical-align:middle;">110</td> 
 <td style="font-weight: bold; font-size:15px; text-align:left;"><a class="mt_a" href="country/equatorial-guinea/">Equatorial Guinea</a></td> 
 <td style="font-weight: bold; text-align:right">4,990</td> 
 <td style="font-weight: bold; text-align:right;"></td> 
 <td style="font-weight: bold; text-align:right;">83 </td> 
 <td style="font-weight: bold; 
                                    text-align:right;"></td> 
 <td style="font-weight: bold; text-align:right">4,479</td> 
 <td style="font-weight: bold; text-align:right;"></td> 
 <td style="text-align:right;font-weight:bold;">428</td> 
 <td style="font-weight: bold; text-align:right"></td> 
 <td style="font-weight: bold; text-align:right">3,535</td> 
 <td style="font-weight: bold; text-align:right">59</td> 
 <td style="font-weight: bold; text-align:right">55,133</td> 
 <td style="font-weight: bold; text-align:right">39,062</td> 
 <td style="font-weight: bold; text-align:right"><a href="/world-population/equatorial-guinea-population/">1,411,432</a> </td> 
 <td style="display:none" data-continent="Africa">Africa</td> 
 <td>283</td>
 <td>17,005</td>
 <td>26</td> 
</tr>
<tr style=""> 
 <td style="font-size:12px;color: grey;text-align:center;vertical-align:middle;">111</td> 
 <td style="font-weight: bold; font-size:15px; text-align:left;"><a class="mt_a" href="country/china-hong-kong-sar/">Hong Kong</a></td> 
 <td style="font-weight: bold; text-align:right">4,926</td> 
 <td style="font-weight: bold; text-align:right;background-color:#FFEEAA;">+12</td> 
 <td style="font-weight: bold; text-align:right;">99 </td> 
 <td style="font-weight: bold; 
                                    text-align:right;"></td> 
 <td style="font-weight: bold; text-align:right">4,597</td> 
 <td style="font-weight: bold; text-align:right;background-color:#c8e6c9; color:#000">+15</td> 
 <td style="text-align:right;font-weight:bold;">230</td> 
 <td style="font-weight: bold; text-align:right">21</td> 
 <td style="font-weight: bold; text-align:right">656</td> 
 <td style="font-weight: bold; text-align:right">13</td> 
 <td style="font-weight: bold; text-align:right">780,415</td> 
 <td style="font-weight: bold; text-align:right">103,933</td> 
 <td style="font-weight: bold; text-align:right"><a href="/world-population/china-hong-kong-sar-population/">7,508,850</a> </td> 
 <td style="display:none" data-continent="Asia">Asia</td> 
 <td>1,524</td>
 <td>75,847</td>
 <td>10</td> 
</tr>
<tr style=""> 
 <td style="font-size:12px;color: grey;text-align:center;vertical-align:middle;">112</td> 
 <td style="font-weight: bold; font-size:15px; text-align:left;"><a class="mt_a" href="country/congo/">Congo</a></td> 
 <td style="font-weight: bold; text-align:right">4,891</td> 
 <td style="font-weight: bold; text-align:right;"></td> 
 <td style="font-weight: bold; text-align:right;">83 </td> 
 <td style="font-weight: bold; 
                                    text-align:right;"></td> 
 <td style="font-weight: bold; text-align:right">3,887</td> 
 <td style="font-weight: bold; text-align:right;"></td> 
 <td style="text-align:right;font-weight:bold;">921</td> 
 <td style="font-weight: bold; text-align:right"></td> 
 <td style="font-weight: bold; text-align:right">882</td> 
 <td style="font-weight: bold; text-align:right">15</td> 
 <td style="font-weight: bold; text-align:right"></td> 
 <td style="font-weight: bold; text-align:right"></td> 
 <td style="font-weight: bold; text-align:right"><a href="/world-population/congo-population/">5,543,533</a> </td> 
 <td style="display:none" data-continent="Africa">Africa</td> 
 <td>1,133</td>
 <td>66,790</td>
 <td></td> 
</tr>
<tr style=""> 
 <td style="font-size:12px;color: grey;text-align:center;vertical-align:middle;">113</td> 
 <td style="font-weight: bold; font-size:15px; text-align:left;"><a class="mt_a" href="country/mozambique/">Mozambique</a></td> 
 <td style="font-weight: bold; text-align:right">4,832</td> 
 <td style="font-weight: bold; text-align:right;"></td> 
 <td style="font-weight: bold; text-align:right;">31 </td> 
 <td style="font-weight: bold; 
                                    text-align:right;"></td> 
 <td style="font-weight: bold; text-align:right">2,857</td> 
 <td style="font-weight: bold; text-align:right;"></td> 
 <td style="text-align:right;font-weight:bold;">1,944</td> 
 <td style="font-weight: bold; text-align:right"></td> 
 <td style="font-weight: bold; text-align:right">154</td> 
 <td style="font-weight: bold; text-align:right">1.0</td> 
 <td style="font-weight: bold; text-align:right">108,745</td> 
 <td style="font-weight: bold; text-align:right">3,461</td> 
 <td style="font-weight: bold; text-align:right"><a href="/world-population/mozambique-population/">31,418,025</a> </td> 
 <td style="display:none" data-continent="Africa">Africa</td> 
 <td>6,502</td>
 <td>1,013,485</td>
 <td>289</td> 
</tr>
<tr style=""> 
 <td style="font-size:12px;color: grey;text-align:center;vertical-align:middle;">114</td> 
 <td style="font-weight: bold; font-size:15px; text-align:left;"><a class="mt_a" href="country/nicaragua/">Nicaragua</a></td> 
 <td style="font-weight: bold; text-align:right">4,818</td> 
 <td style="font-weight: bold; text-align:right;"></td> 
 <td style="font-weight: bold; text-align:right;">144 </td> 
 <td style="font-weight: bold; 
                                    text-align:right;"></td> 
 <td style="font-weight: bold; text-align:right">2,913</td> 
 <td style="font-weight: bold; text-align:right;"></td> 
 <td style="text-align:right;font-weight:bold;">1,761</td> 
 <td style="font-weight: bold; text-align:right"></td> 
 <td style="font-weight: bold; text-align:right">726</td> 
 <td style="font-weight: bold; text-align:right">22</td> 
 <td style="font-weight: bold; text-align:right"></td> 
 <td style="font-weight: bold; text-align:right"></td> 
 <td style="font-weight: bold; text-align:right"><a href="/world-population/nicaragua-population/">6,639,798</a> </td> 
 <td style="display:none" data-continent="North America">North America</td> 
 <td>1,378</td>
 <td>46,110</td>
 <td></td> 
</tr>
<tr style=""> 
 <td style="font-size:12px;color: grey;text-align:center;vertical-align:middle;">115</td> 
 <td style="font-weight: bold; font-size:15px; text-align:left;"><a class="mt_a" href="country/central-african-republic/">CAR</a></td> 
 <td style="font-weight: bold; text-align:right">4,747</td> 
 <td style="font-weight: bold; text-align:right;"></td> 
 <td style="font-weight: bold; text-align:right;">62 </td> 
 <td style="font-weight: bold; 
                                    text-align:right;"></td> 
 <td style="font-weight: bold; text-align:right">1,825</td> 
 <td style="font-weight: bold; text-align:right;"></td> 
 <td style="text-align:right;font-weight:bold;">2,860</td> 
 <td style="font-weight: bold; text-align:right">2</td> 
 <td style="font-weight: bold; text-align:right">980</td> 
 <td style="font-weight: bold; text-align:right">13</td> 
 <td style="font-weight: bold; text-align:right">31,345</td> 
 <td style="font-weight: bold; text-align:right">6,468</td> 
 <td style="font-weight: bold; text-align:right"><a href="/world-population/central-african-republic-population/">4,845,792</a> </td> 
 <td style="display:none" data-continent="Africa">Africa</td> 
 <td>1,021</td>
 <td>78,158</td>
 <td>155</td> 
</tr>
<tr style=""> 
 <td style="font-size:12px;color: grey;text-align:center;vertical-align:middle;">116</td> 
 <td style="font-weight: bold; font-size:15px; text-align:left;"><a class="mt_a" href="country/cabo-verde/">Cabo Verde</a></td> 
 <td style="font-weight: bold; text-align:right">4,557</td> 
 <td style="font-weight: bold; text-align:right;"></td> 
 <td style="font-weight: bold; text-align:right;">43 </td> 
 <td style="font-weight: bold; 
                                    text-align:right;"></td> 
 <td style="font-weight: bold; text-align:right">3,993</td> 
 <td style="font-weight: bold; text-align:right;"></td> 
 <td style="text-align:right;font-weight:bold;">521</td> 
 <td style="font-weight: bold; text-align:right"></td> 
 <td style="font-weight: bold; text-align:right">8,179</td> 
 <td style="font-weight: bold; text-align:right">77</td> 
 <td style="font-weight: bold; text-align:right">76,576</td> 
 <td style="font-weight: bold; text-align:right">137,440</td> 
 <td style="font-weight: bold; text-align:right"><a href="/world-population/cabo-verde-population/">557,158</a> </td> 
 <td style="display:none" data-continent="Africa">Africa</td> 
 <td>122</td>
 <td>12,957</td>
 <td>7</td> 
</tr>
<tr style=""> 
 <td style="font-size:12px;color: grey;text-align:center;vertical-align:middle;">117</td> 
 <td style="font-weight: bold; font-size:15px; text-align:left;"><a class="mt_a" href="country/cuba/">Cuba</a></td> 
 <td style="font-weight: bold; text-align:right">4,551</td> 
 <td style="font-weight: bold; text-align:right;"></td> 
 <td style="font-weight: bold; text-align:right;">106 </td> 
 <td style="font-weight: bold; 
                                    text-align:right;"></td> 
 <td style="font-weight: bold; text-align:right">3,779</td> 
 <td style="font-weight: bold; text-align:right;"></td> 
 <td style="text-align:right;font-weight:bold;">666</td> 
 <td style="font-weight: bold; text-align:right">12</td> 
 <td style="font-weight: bold; text-align:right">402</td> 
 <td style="font-weight: bold; text-align:right">9</td> 
 <td style="font-weight: bold; text-align:right">454,724</td> 
 <td style="font-weight: bold; text-align:right">40,151</td> 
 <td style="font-weight: bold; text-align:right"><a href="/world-population/cuba-population/">11,325,240</a> </td> 
 <td style="display:none" data-continent="North America">North America</td> 
 <td>2,489</td>
 <td>106,842</td>
 <td>25</td> 
</tr>
<tr style=""> 
 <td style="font-size:12px;color: grey;text-align:center;vertical-align:middle;">118</td> 
 <td style="font-weight: bold; font-size:15px; text-align:left;"><a class="mt_a" href="country/rwanda/">Rwanda</a></td> 
 <td style="font-weight: bold; text-align:right">4,479</td> 
 <td style="font-weight: bold; text-align:right;"></td> 
 <td style="font-weight: bold; text-align:right;">22 </td> 
 <td style="font-weight: bold; 
                                    text-align:right;"></td> 
 <td style="font-weight: bold; text-align:right">2,352</td> 
 <td style="font-weight: bold; text-align:right;"></td> 
 <td style="text-align:right;font-weight:bold;">2,105</td> 
 <td style="font-weight: bold; text-align:right"></td> 
 <td style="font-weight: bold; text-align:right">344</td> 
 <td style="font-weight: bold; text-align:right">2</td> 
 <td style="font-weight: bold; text-align:right">454,246</td> 
 <td style="font-weight: bold; text-align:right">34,909</td> 
 <td style="font-weight: bold; text-align:right"><a href="/world-population/rwanda-population/">13,012,342</a> </td> 
 <td style="display:none" data-continent="Africa">Africa</td> 
 <td>2,905</td>
 <td>591,470</td>
 <td>29</td> 
</tr>
<tr style=""> 
 <td style="font-size:12px;color: grey;text-align:center;vertical-align:middle;">119</td> 
 <td style="font-weight: bold; font-size:15px; text-align:left;"><a class="mt_a" href="country/suriname/">Suriname</a></td> 
 <td style="font-weight: bold; text-align:right">4,477</td> 
 <td style="font-weight: bold; text-align:right;"></td> 
 <td style="font-weight: bold; text-align:right;">93 </td> 
 <td style="font-weight: bold; 
                                    text-align:right;"></td> 
 <td style="font-weight: bold; text-align:right">3,706</td> 
 <td style="font-weight: bold; text-align:right;"></td> 
 <td style="text-align:right;font-weight:bold;">678</td> 
 <td style="font-weight: bold; text-align:right">9</td> 
 <td style="font-weight: bold; text-align:right">7,618</td> 
 <td style="font-weight: bold; text-align:right">158</td> 
 <td style="font-weight: bold; text-align:right">11,137</td> 
 <td style="font-weight: bold; text-align:right">18,952</td> 
 <td style="font-weight: bold; text-align:right"><a href="/world-population/suriname-population/">587,656</a> </td> 
 <td style="display:none" data-continent="South America">South America</td> 
 <td>131</td>
 <td>6,319</td>
 <td>53</td> 
</tr>
<tr style=""> 
 <td style="font-size:12px;color: grey;text-align:center;vertical-align:middle;">120</td> 
 <td style="font-weight: bold; font-size:15px; text-align:left;"><a class="mt_a" href="country/uganda/">Uganda</a></td> 
 <td style="font-weight: bold; text-align:right">4,377</td> 
 <td style="font-weight: bold; text-align:right;background-color:#FFEEAA;">+86</td> 
 <td style="font-weight: bold; text-align:right;">49 </td> 
 <td style="font-weight: bold; 
                                    text-align:right;background-color:red; color:white">+1</td> 
 <td style="font-weight: bold; text-align:right">1,998</td> 
 <td style="font-weight: bold; text-align:right;"></td> 
 <td style="text-align:right;font-weight:bold;">2,330</td> 
 <td style="font-weight: bold; text-align:right"></td> 
 <td style="font-weight: bold; text-align:right">95</td> 
 <td style="font-weight: bold; text-align:right">1</td> 
 <td style="font-weight: bold; text-align:right">423,214</td> 
 <td style="font-weight: bold; text-align:right">9,199</td> 
 <td style="font-weight: bold; text-align:right"><a href="/world-population/uganda-population/">46,006,658</a> </td> 
 <td style="display:none" data-continent="Africa">Africa</td> 
 <td>10,511</td>
 <td>938,911</td>
 <td>109</td> 
</tr>
<tr style=""> 
 <td style="font-size:12px;color: grey;text-align:center;vertical-align:middle;">121</td> 
 <td style="font-weight: bold; font-size:15px; text-align:left;"><a class="mt_a" href="country/jamaica/">Jamaica</a></td> 
 <td style="font-weight: bold; text-align:right">3,511</td> 
 <td style="font-weight: bold; text-align:right;background-color:#FFEEAA;">+74</td> 
 <td style="font-weight: bold; text-align:right;">40 </td> 
 <td style="font-weight: bold; 
                                    text-align:right;background-color:red; color:white">+2</td> 
 <td style="font-weight: bold; text-align:right">1,019</td> 
 <td style="font-weight: bold; text-align:right;"></td> 
 <td style="text-align:right;font-weight:bold;">2,452</td> 
 <td style="font-weight: bold; text-align:right">8</td> 
 <td style="font-weight: bold; text-align:right">1,185</td> 
 <td style="font-weight: bold; text-align:right">13</td> 
 <td style="font-weight: bold; text-align:right">66,072</td> 
 <td style="font-weight: bold; text-align:right">22,294</td> 
 <td style="font-weight: bold; text-align:right"><a href="/world-population/jamaica-population/">2,963,711</a> </td> 
 <td style="display:none" data-continent="North America">North America</td> 
 <td>844</td>
 <td>74,093</td>
 <td>45</td> 
</tr>
<tr style=""> 
 <td style="font-size:12px;color: grey;text-align:center;vertical-align:middle;">122</td> 
 <td style="font-weight: bold; font-size:15px; text-align:left;"><a class="mt_a" href="country/slovenia/">Slovenia</a></td> 
 <td style="font-weight: bold; text-align:right">3,497</td> 
 <td style="font-weight: bold; text-align:right;background-color:#FFEEAA;">+108</td> 
 <td style="font-weight: bold; text-align:right;">135 </td> 
 <td style="font-weight: bold; 
                                    text-align:right;"></td> 
 <td style="font-weight: bold; text-align:right">2,662</td> 
 <td style="font-weight: bold; text-align:right;background-color:#c8e6c9; color:#000">+42</td> 
 <td style="text-align:right;font-weight:bold;">700</td> 
 <td style="font-weight: bold; text-align:right">5</td> 
 <td style="font-weight: bold; text-align:right">1,682</td> 
 <td style="font-weight: bold; text-align:right">65</td> 
 <td style="font-weight: bold; text-align:right">178,247</td> 
 <td style="font-weight: bold; text-align:right">85,737</td> 
 <td style="font-weight: bold; text-align:right"><a href="/world-population/slovenia-population/">2,078,995</a> </td> 
 <td style="display:none" data-continent="Europe">Europe</td> 
 <td>595</td>
 <td>15,400</td>
 <td>12</td> 
</tr>
<tr style=""> 
 <td style="font-size:12px;color: grey;text-align:center;vertical-align:middle;">123</td> 
 <td style="font-weight: bold; font-size:15px; text-align:left;"><a class="mt_a" href="country/thailand/">Thailand</a></td> 
 <td style="font-weight: bold; text-align:right">3,461</td> 
 <td style="font-weight: bold; text-align:right;background-color:#FFEEAA;">+7</td> 
 <td style="font-weight: bold; text-align:right;">58 </td> 
 <td style="font-weight: bold; 
                                    text-align:right;"></td> 
 <td style="font-weight: bold; text-align:right">3,312</td> 
 <td style="font-weight: bold; text-align:right;background-color:#c8e6c9; color:#000">+2</td> 
 <td style="text-align:right;font-weight:bold;">91</td> 
 <td style="font-weight: bold; text-align:right">1</td> 
 <td style="font-weight: bold; text-align:right">50</td> 
 <td style="font-weight: bold; text-align:right">0.8</td> 
 <td style="font-weight: bold; text-align:right">749,213</td> 
 <td style="font-weight: bold; text-align:right">10,728</td> 
 <td style="font-weight: bold; text-align:right"><a href="/world-population/thailand-population/">69,834,596</a> </td> 
 <td style="display:none" data-continent="Asia">Asia</td> 
 <td>20,178</td>
 <td>1,204,045</td>
 <td>93</td> 
</tr>
<tr style=""> 
 <td style="font-size:12px;color: grey;text-align:center;vertical-align:middle;">124</td> 
 <td style="font-weight: bold; font-size:15px; text-align:left;"><a class="mt_a" href="country/syria/">Syria</a></td> 
 <td style="font-weight: bold; text-align:right">3,416</td> 
 <td style="font-weight: bold; text-align:right;"></td> 
 <td style="font-weight: bold; text-align:right;">147 </td> 
 <td style="font-weight: bold; 
                                    text-align:right;"></td> 
 <td style="font-weight: bold; text-align:right">797</td> 
 <td style="font-weight: bold; text-align:right;"></td> 
 <td style="text-align:right;font-weight:bold;">2,472</td> 
 <td style="font-weight: bold; text-align:right"></td> 
 <td style="font-weight: bold; text-align:right">194</td> 
 <td style="font-weight: bold; text-align:right">8</td> 
 <td style="font-weight: bold; text-align:right"></td> 
 <td style="font-weight: bold; text-align:right"></td> 
 <td style="font-weight: bold; text-align:right"><a href="/world-population/syria-population/">17,580,373</a> </td> 
 <td style="display:none" data-continent="Asia">Asia</td> 
 <td>5,146</td>
 <td>119,594</td>
 <td></td> 
</tr>
<tr style=""> 
 <td style="font-size:12px;color: grey;text-align:center;vertical-align:middle;">125</td> 
 <td style="font-weight: bold; font-size:15px; text-align:left;"><a class="mt_a" href="country/mayotte/">Mayotte</a></td> 
 <td style="font-weight: bold; text-align:right">3,374</td> 
 <td style="font-weight: bold; text-align:right;"></td> 
 <td style="font-weight: bold; text-align:right;">40 </td> 
 <td style="font-weight: bold; 
                                    text-align:right;"></td> 
 <td style="font-weight: bold; text-align:right">2,964</td> 
 <td style="font-weight: bold; text-align:right;"></td> 
 <td style="text-align:right;font-weight:bold;">370</td> 
 <td style="font-weight: bold; text-align:right">2</td> 
 <td style="font-weight: bold; text-align:right">12,312</td> 
 <td style="font-weight: bold; text-align:right">146</td> 
 <td style="font-weight: bold; text-align:right">13,000</td> 
 <td style="font-weight: bold; text-align:right">47,437</td> 
 <td style="font-weight: bold; text-align:right"><a href="/world-population/mayotte-population/">274,050</a> </td> 
 <td style="display:none" data-continent="Africa">Africa</td> 
 <td>81</td>
 <td>6,851</td>
 <td>21</td> 
</tr>
<tr style=""> 
 <td style="font-size:12px;color: grey;text-align:center;vertical-align:middle;">126</td> 
 <td style="font-weight: bold; font-size:15px; text-align:left;"><a class="mt_a" href="country/somalia/">Somalia</a></td> 
 <td style="font-weight: bold; text-align:right">3,371</td> 
 <td style="font-weight: bold; text-align:right;"></td> 
 <td style="font-weight: bold; text-align:right;">97 </td> 
 <td style="font-weight: bold; 
                                    text-align:right;"></td> 
 <td style="font-weight: bold; text-align:right">2,738</td> 
 <td style="font-weight: bold; text-align:right;"></td> 
 <td style="text-align:right;font-weight:bold;">536</td> 
 <td style="font-weight: bold; text-align:right"></td> 
 <td style="font-weight: bold; text-align:right">211</td> 
 <td style="font-weight: bold; text-align:right">6</td> 
 <td style="font-weight: bold; text-align:right"></td> 
 <td style="font-weight: bold; text-align:right"></td> 
 <td style="font-weight: bold; text-align:right"><a href="/world-population/somalia-population/">15,975,577</a> </td> 
 <td style="display:none" data-continent="Africa">Africa</td> 
 <td>4,739</td>
 <td>164,697</td>
 <td></td> 
</tr>
<tr style=""> 
 <td style="font-size:12px;color: grey;text-align:center;vertical-align:middle;">127</td> 
 <td style="font-weight: bold; font-size:15px; text-align:left;"><a class="mt_a" href="country/gambia/">Gambia</a></td> 
 <td style="font-weight: bold; text-align:right">3,362</td> 
 <td style="font-weight: bold; text-align:right;background-color:#FFEEAA;">+32</td> 
 <td style="font-weight: bold; text-align:right;">100 </td> 
 <td style="font-weight: bold; 
                                    text-align:right;"></td> 
 <td style="font-weight: bold; text-align:right">1,582</td> 
 <td style="font-weight: bold; text-align:right;background-color:#c8e6c9; color:#000">+122</td> 
 <td style="text-align:right;font-weight:bold;">1,680</td> 
 <td style="font-weight: bold; text-align:right"></td> 
 <td style="font-weight: bold; text-align:right">1,384</td> 
 <td style="font-weight: bold; text-align:right">41</td> 
 <td style="font-weight: bold; text-align:right">14,090</td> 
 <td style="font-weight: bold; text-align:right">5,800</td> 
 <td style="font-weight: bold; text-align:right"><a href="/world-population/gambia-population/">2,429,272</a> </td> 
 <td style="display:none" data-continent="Africa">Africa</td> 
 <td>723</td>
 <td>24,293</td>
 <td>172</td> 
</tr>
<tr style=""> 
 <td style="font-size:12px;color: grey;text-align:center;vertical-align:middle;">128</td> 
 <td style="font-weight: bold; font-size:15px; text-align:left;"><a class="mt_a" href="country/lithuania/">Lithuania</a></td> 
 <td style="font-weight: bold; text-align:right">3,243</td> 
 <td style="font-weight: bold; text-align:right;background-color:#FFEEAA;">+44</td> 
 <td style="font-weight: bold; text-align:right;">86 </td> 
 <td style="font-weight: bold; 
                                    text-align:right;"></td> 
 <td style="font-weight: bold; text-align:right">2,049</td> 
 <td style="font-weight: bold; text-align:right;background-color:#c8e6c9; color:#000">+19</td> 
 <td style="text-align:right;font-weight:bold;">1,108</td> 
 <td style="font-weight: bold; text-align:right"></td> 
 <td style="font-weight: bold; text-align:right">1,195</td> 
 <td style="font-weight: bold; text-align:right">32</td> 
 <td style="font-weight: bold; text-align:right">687,118</td> 
 <td style="font-weight: bold; text-align:right">253,127</td> 
 <td style="font-weight: bold; text-align:right"><a href="/world-population/lithuania-population/">2,714,516</a> </td> 
 <td style="display:none" data-continent="Europe">Europe</td> 
 <td>837</td>
 <td>31,564</td>
 <td>4</td> 
</tr>
<tr style=""> 
 <td style="font-size:12px;color: grey;text-align:center;vertical-align:middle;">129</td> 
 <td style="font-weight: bold; font-size:15px; text-align:left;"><a class="mt_a" href="country/angola/">Angola</a></td> 
 <td style="font-weight: bold; text-align:right">3,217</td> 
 <td style="font-weight: bold; text-align:right;"></td> 
 <td style="font-weight: bold; text-align:right;">130 </td> 
 <td style="font-weight: bold; 
                                    text-align:right;"></td> 
 <td style="font-weight: bold; text-align:right">1,277</td> 
 <td style="font-weight: bold; text-align:right;"></td> 
 <td style="text-align:right;font-weight:bold;">1,810</td> 
 <td style="font-weight: bold; text-align:right">24</td> 
 <td style="font-weight: bold; text-align:right">97</td> 
 <td style="font-weight: bold; text-align:right">4</td> 
 <td style="font-weight: bold; text-align:right">64,747</td> 
 <td style="font-weight: bold; text-align:right">1,959</td> 
 <td style="font-weight: bold; text-align:right"><a href="/world-population/angola-population/">33,054,527</a> </td> 
 <td style="display:none" data-continent="Africa">Africa</td> 
 <td>10,275</td>
 <td>254,266</td>
 <td>511</td> 
</tr>
<tr style=""> 
 <td style="font-size:12px;color: grey;text-align:center;vertical-align:middle;">130</td> 
 <td style="font-weight: bold; font-size:15px; text-align:left;"><a class="mt_a" href="country/sri-lanka/">Sri Lanka</a></td> 
 <td style="font-weight: bold; text-align:right">3,155</td> 
 <td style="font-weight: bold; text-align:right;"></td> 
 <td style="font-weight: bold; text-align:right;">12 </td> 
 <td style="font-weight: bold; 
                                    text-align:right;"></td> 
 <td style="font-weight: bold; text-align:right">2,955</td> 
 <td style="font-weight: bold; text-align:right;"></td> 
 <td style="text-align:right;font-weight:bold;">188</td> 
 <td style="font-weight: bold; text-align:right"></td> 
 <td style="font-weight: bold; text-align:right">147</td> 
 <td style="font-weight: bold; text-align:right">0.6</td> 
 <td style="font-weight: bold; text-align:right">235,221</td> 
 <td style="font-weight: bold; text-align:right">10,976</td> 
 <td style="font-weight: bold; text-align:right"><a href="/world-population/sri-lanka-population/">21,430,928</a> </td> 
 <td style="display:none" data-continent="Asia">Asia</td> 
 <td>6,793</td>
 <td>1,785,911</td>
 <td>91</td> 
</tr>
<tr style=""> 
 <td style="font-size:12px;color: grey;text-align:center;vertical-align:middle;">131</td> 
 <td style="font-weight: bold; font-size:15px; text-align:left;"><a class="mt_a" href="country/mali/">Mali</a></td> 
 <td style="font-weight: bold; text-align:right">2,909</td> 
 <td style="font-weight: bold; text-align:right;"></td> 
 <td style="font-weight: bold; text-align:right;">128 </td> 
 <td style="font-weight: bold; 
                                    text-align:right;"></td> 
 <td style="font-weight: bold; text-align:right">2,269</td> 
 <td style="font-weight: bold; text-align:right;"></td> 
 <td style="text-align:right;font-weight:bold;">512</td> 
 <td style="font-weight: bold; text-align:right"></td> 
 <td style="font-weight: bold; text-align:right">143</td> 
 <td style="font-weight: bold; text-align:right">6</td> 
 <td style="font-weight: bold; text-align:right">41,204</td> 
 <td style="font-weight: bold; text-align:right">2,024</td> 
 <td style="font-weight: bold; text-align:right"><a href="/world-population/mali-population/">20,358,907</a> </td> 
 <td style="display:none" data-continent="Africa">Africa</td> 
 <td>6,999</td>
 <td>159,054</td>
 <td>494</td> 
</tr>
<tr style=""> 
 <td style="font-size:12px;color: grey;text-align:center;vertical-align:middle;">132</td> 
 <td style="font-weight: bold; font-size:15px; text-align:left;"><a class="mt_a" href="country/aruba/">Aruba</a></td> 
 <td style="font-weight: bold; text-align:right">2,819</td> 
 <td style="font-weight: bold; text-align:right;"></td> 
 <td style="font-weight: bold; text-align:right;">16 </td> 
 <td style="font-weight: bold; 
                                    text-align:right;"></td> 
 <td style="font-weight: bold; text-align:right">1,407</td> 
 <td style="font-weight: bold; text-align:right;"></td> 
 <td style="text-align:right;font-weight:bold;">1,396</td> 
 <td style="font-weight: bold; text-align:right">11</td> 
 <td style="font-weight: bold; text-align:right">26,382</td> 
 <td style="font-weight: bold; text-align:right">150</td> 
 <td style="font-weight: bold; text-align:right">24,442</td> 
 <td style="font-weight: bold; text-align:right">228,740</td> 
 <td style="font-weight: bold; text-align:right"><a href="/world-population/aruba-population/">106,855</a> </td> 
 <td style="display:none" data-continent="North America">North America</td> 
 <td>38</td>
 <td>6,678</td>
 <td>4</td> 
</tr>
<tr style=""> 
 <td style="font-size:12px;color: grey;text-align:center;vertical-align:middle;">133</td> 
 <td style="font-weight: bold; font-size:15px; text-align:left;"><a class="mt_a" href="country/jordan/">Jordan</a></td> 
 <td style="font-weight: bold; text-align:right">2,739</td> 
 <td style="font-weight: bold; text-align:right;"></td> 
 <td style="font-weight: bold; text-align:right;">20 </td> 
 <td style="font-weight: bold; 
                                    text-align:right;"></td> 
 <td style="font-weight: bold; text-align:right">1,981</td> 
 <td style="font-weight: bold; text-align:right;"></td> 
 <td style="text-align:right;font-weight:bold;">738</td> 
 <td style="font-weight: bold; text-align:right">13</td> 
 <td style="font-weight: bold; text-align:right">268</td> 
 <td style="font-weight: bold; text-align:right">2</td> 
 <td style="font-weight: bold; text-align:right">941,018</td> 
 <td style="font-weight: bold; text-align:right">92,051</td> 
 <td style="font-weight: bold; text-align:right"><a href="/world-population/jordan-population/">10,222,817</a> </td> 
 <td style="display:none" data-continent="Asia">Asia</td> 
 <td>3,732</td>
 <td>511,141</td>
 <td>11</td> 
</tr>
<tr style=""> 
 <td style="font-size:12px;color: grey;text-align:center;vertical-align:middle;">134</td> 
 <td style="font-weight: bold; font-size:15px; text-align:left;"><a class="mt_a" href="country/bahamas/">Bahamas</a></td> 
 <td style="font-weight: bold; text-align:right">2,721</td> 
 <td style="font-weight: bold; text-align:right;"></td> 
 <td style="font-weight: bold; text-align:right;">63 </td> 
 <td style="font-weight: bold; 
                                    text-align:right;"></td> 
 <td style="font-weight: bold; text-align:right">1,183</td> 
 <td style="font-weight: bold; text-align:right;"></td> 
 <td style="text-align:right;font-weight:bold;">1,475</td> 
 <td style="font-weight: bold; text-align:right">75</td> 
 <td style="font-weight: bold; text-align:right">6,907</td> 
 <td style="font-weight: bold; text-align:right">160</td> 
 <td style="font-weight: bold; text-align:right">13,971</td> 
 <td style="font-weight: bold; text-align:right">35,462</td> 
 <td style="font-weight: bold; text-align:right"><a href="/world-population/bahamas-population/">393,975</a> </td> 
 <td style="display:none" data-continent="North America">North America</td> 
 <td>145</td>
 <td>6,254</td>
 <td>28</td> 
</tr>
<tr style=""> 
 <td style="font-size:12px;color: grey;text-align:center;vertical-align:middle;">135</td> 
 <td style="font-weight: bold; font-size:15px; text-align:left;"><a class="mt_a" href="country/trinidad-and-tobago/">Trinidad and Tobago</a></td> 
 <td style="font-weight: bold; text-align:right">2,698</td> 
 <td style="font-weight: bold; text-align:right;"></td> 
 <td style="font-weight: bold; text-align:right;">43 </td> 
 <td style="font-weight: bold; 
                                    text-align:right;"></td> 
 <td style="font-weight: bold; text-align:right">755</td> 
 <td style="font-weight: bold; text-align:right;"></td> 
 <td style="text-align:right;font-weight:bold;">1,900</td> 
 <td style="font-weight: bold; text-align:right">14</td> 
 <td style="font-weight: bold; text-align:right">1,927</td> 
 <td style="font-weight: bold; text-align:right">31</td> 
 <td style="font-weight: bold; text-align:right">26,176</td> 
 <td style="font-weight: bold; text-align:right">18,692</td> 
 <td style="font-weight: bold; text-align:right"><a href="/world-population/trinidad-and-tobago-population/">1,400,382</a> </td> 
 <td style="display:none" data-continent="North America">North America</td> 
 <td>519</td>
 <td>32,567</td>
 <td>53</td> 
</tr>
<tr style=""> 
 <td style="font-size:12px;color: grey;text-align:center;vertical-align:middle;">136</td> 
 <td style="font-weight: bold; font-size:15px; text-align:left;"><a class="mt_a" href="country/estonia/">Estonia</a></td> 
 <td style="font-weight: bold; text-align:right">2,632</td> 
 <td style="font-weight: bold; text-align:right;background-color:#FFEEAA;">+32</td> 
 <td style="font-weight: bold; text-align:right;">64 </td> 
 <td style="font-weight: bold; 
                                    text-align:right;"></td> 
 <td style="font-weight: bold; text-align:right">2,233</td> 
 <td style="font-weight: bold; text-align:right;background-color:#c8e6c9; color:#000">+10</td> 
 <td style="text-align:right;font-weight:bold;">335</td> 
 <td style="font-weight: bold; text-align:right">1</td> 
 <td style="font-weight: bold; text-align:right">1,984</td> 
 <td style="font-weight: bold; text-align:right">48</td> 
 <td style="font-weight: bold; text-align:right">167,719</td> 
 <td style="font-weight: bold; text-align:right">126,417</td> 
 <td style="font-weight: bold; text-align:right"><a href="/world-population/estonia-population/">1,326,712</a> </td> 
 <td style="display:none" data-continent="Europe">Europe</td> 
 <td>504</td>
 <td>20,730</td>
 <td>8</td> 
</tr>
<tr style=""> 
 <td style="font-size:12px;color: grey;text-align:center;vertical-align:middle;">137</td> 
 <td style="font-weight: bold; font-size:15px; text-align:left;"><a class="mt_a" href="country/south-sudan/">South Sudan</a></td> 
 <td style="font-weight: bold; text-align:right">2,555</td> 
 <td style="font-weight: bold; text-align:right;"></td> 
 <td style="font-weight: bold; text-align:right;">49 </td> 
 <td style="font-weight: bold; 
                                    text-align:right;"></td> 
 <td style="font-weight: bold; text-align:right">1,290</td> 
 <td style="font-weight: bold; text-align:right;"></td> 
 <td style="text-align:right;font-weight:bold;">1,216</td> 
 <td style="font-weight: bold; text-align:right"></td> 
 <td style="font-weight: bold; text-align:right">228</td> 
 <td style="font-weight: bold; text-align:right">4</td> 
 <td style="font-weight: bold; text-align:right">12,044</td> 
 <td style="font-weight: bold; text-align:right">1,074</td> 
 <td style="font-weight: bold; text-align:right"><a href="/world-population/south-sudan-population/">11,219,118</a> </td> 
 <td style="display:none" data-continent="Africa">Africa</td> 
 <td>4,391</td>
 <td>228,962</td>
 <td>932</td> 
</tr>
<tr style=""> 
 <td style="font-size:12px;color: grey;text-align:center;vertical-align:middle;">138</td> 
 <td style="font-weight: bold; font-size:15px; text-align:left;"><a class="mt_a" href="country/reunion/">Réunion</a></td> 
 <td style="font-weight: bold; text-align:right">2,510</td> 
 <td style="font-weight: bold; text-align:right;"></td> 
 <td style="font-weight: bold; text-align:right;">14 </td> 
 <td style="font-weight: bold; 
                                    text-align:right;background-color:red; color:white">+1</td> 
 <td style="font-weight: bold; text-align:right">1,313</td> 
 <td style="font-weight: bold; text-align:right;"></td> 
 <td style="text-align:right;font-weight:bold;">1,183</td> 
 <td style="font-weight: bold; text-align:right"></td> 
 <td style="font-weight: bold; text-align:right">2,800</td> 
 <td style="font-weight: bold; text-align:right">16</td> 
 <td style="font-weight: bold; text-align:right">35,419</td> 
 <td style="font-weight: bold; text-align:right">39,505</td> 
 <td style="font-weight: bold; text-align:right"><a href="/world-population/reunion-population/">896,562</a> </td> 
 <td style="display:none" data-continent="Africa">Africa</td> 
 <td>357</td>
 <td>64,040</td>
 <td>25</td> 
</tr>
<tr style=""> 
 <td style="font-size:12px;color: grey;text-align:center;vertical-align:middle;">139</td> 
 <td style="font-weight: bold; font-size:15px; text-align:left;"><a class="mt_a" href="country/guadeloupe/">Guadeloupe</a></td> 
 <td style="font-weight: bold; text-align:right">2,287</td> 
 <td style="font-weight: bold; text-align:right;"></td> 
 <td style="font-weight: bold; text-align:right;">23 </td> 
 <td style="font-weight: bold; 
                                    text-align:right;"></td> 
 <td style="font-weight: bold; text-align:right">336</td> 
 <td style="font-weight: bold; text-align:right;"></td> 
 <td style="text-align:right;font-weight:bold;">1,928</td> 
 <td style="font-weight: bold; text-align:right">7</td> 
 <td style="font-weight: bold; text-align:right">5,716</td> 
 <td style="font-weight: bold; text-align:right">57</td> 
 <td style="font-weight: bold; text-align:right">33,042</td> 
 <td style="font-weight: bold; text-align:right">82,577</td> 
 <td style="font-weight: bold; text-align:right"><a href="/world-population/guadeloupe-population/">400,138</a> </td> 
 <td style="display:none" data-continent="North America">North America</td> 
 <td>175</td>
 <td>17,397</td>
 <td>12</td> 
</tr>
<tr style=""> 
 <td style="font-size:12px;color: grey;text-align:center;vertical-align:middle;">140</td> 
 <td style="font-weight: bold; font-size:15px; text-align:left;"><a class="mt_a" href="country/guinea-bissau/">Guinea-Bissau</a></td> 
 <td style="font-weight: bold; text-align:right">2,275</td> 
 <td style="font-weight: bold; text-align:right;"></td> 
 <td style="font-weight: bold; text-align:right;">39 </td> 
 <td style="font-weight: bold; 
                                    text-align:right;"></td> 
 <td style="font-weight: bold; text-align:right">1,127</td> 
 <td style="font-weight: bold; text-align:right;"></td> 
 <td style="text-align:right;font-weight:bold;">1,109</td> 
 <td style="font-weight: bold; text-align:right">5</td> 
 <td style="font-weight: bold; text-align:right">1,151</td> 
 <td style="font-weight: bold; text-align:right">20</td> 
 <td style="font-weight: bold; text-align:right"></td> 
 <td style="font-weight: bold; text-align:right"></td> 
 <td style="font-weight: bold; text-align:right"><a href="/world-population/guinea-bissau-population/">1,976,737</a> </td> 
 <td style="display:none" data-continent="Africa">Africa</td> 
 <td>869</td>
 <td>50,686</td>
 <td></td> 
</tr>
<tr style=""> 
 <td style="font-size:12px;color: grey;text-align:center;vertical-align:middle;">141</td> 
 <td style="font-weight: bold; font-size:15px; text-align:left;"><a class="mt_a" href="country/myanmar/">Myanmar</a></td> 
 <td style="font-weight: bold; text-align:right">2,265</td> 
 <td style="font-weight: bold; text-align:right;background-color:#FFEEAA;">+115</td> 
 <td style="font-weight: bold; text-align:right;">14 </td> 
 <td style="font-weight: bold; 
                                    text-align:right;"></td> 
 <td style="font-weight: bold; text-align:right">625</td> 
 <td style="font-weight: bold; text-align:right;"></td> 
 <td style="text-align:right;font-weight:bold;">1,626</td> 
 <td style="font-weight: bold; text-align:right"></td> 
 <td style="font-weight: bold; text-align:right">42</td> 
 <td style="font-weight: bold; text-align:right">0.3</td> 
 <td style="font-weight: bold; text-align:right">185,474</td> 
 <td style="font-weight: bold; text-align:right">3,404</td> 
 <td style="font-weight: bold; text-align:right"><a href="/world-population/myanmar-population/">54,481,213</a> </td> 
 <td style="display:none" data-continent="Asia">Asia</td> 
 <td>24,054</td>
 <td>3,891,515</td>
 <td>294</td> 
</tr>
<tr style=""> 
 <td style="font-size:12px;color: grey;text-align:center;vertical-align:middle;">142</td> 
 <td style="font-weight: bold; font-size:15px; text-align:left;"><a class="mt_a" href="country/botswana/">Botswana</a></td> 
 <td style="font-weight: bold; text-align:right">2,252</td> 
 <td style="font-weight: bold; text-align:right;"></td> 
 <td style="font-weight: bold; text-align:right;">10 </td> 
 <td style="font-weight: bold; 
                                    text-align:right;"></td> 
 <td style="font-weight: bold; text-align:right">546</td> 
 <td style="font-weight: bold; text-align:right;"></td> 
 <td style="text-align:right;font-weight:bold;">1,696</td> 
 <td style="font-weight: bold; text-align:right">1</td> 
 <td style="font-weight: bold; text-align:right">954</td> 
 <td style="font-weight: bold; text-align:right">4</td> 
 <td style="font-weight: bold; text-align:right">138,290</td> 
 <td style="font-weight: bold; text-align:right">58,582</td> 
 <td style="font-weight: bold; text-align:right"><a href="/world-population/botswana-population/">2,360,624</a> </td> 
 <td style="display:none" data-continent="Africa">Africa</td> 
 <td>1,048</td>
 <td>236,062</td>
 <td>17</td> 
</tr>
<tr style=""> 
 <td style="font-size:12px;color: grey;text-align:center;vertical-align:middle;">143</td> 
 <td style="font-weight: bold; font-size:15px; text-align:left;"><a class="mt_a" href="country/malta/">Malta</a></td> 
 <td style="font-weight: bold; text-align:right">2,247</td> 
 <td style="font-weight: bold; text-align:right;background-color:#FFEEAA;">+43</td> 
 <td style="font-weight: bold; text-align:right;">15 </td> 
 <td style="font-weight: bold; 
                                    text-align:right;background-color:red; color:white">+1</td> 
 <td style="font-weight: bold; text-align:right">1,833</td> 
 <td style="font-weight: bold; text-align:right;background-color:#c8e6c9; color:#000">+30</td> 
 <td style="text-align:right;font-weight:bold;">399</td> 
 <td style="font-weight: bold; text-align:right"></td> 
 <td style="font-weight: bold; text-align:right">5,086</td> 
 <td style="font-weight: bold; text-align:right">34</td> 
 <td style="font-weight: bold; text-align:right">211,236</td> 
 <td style="font-weight: bold; text-align:right">478,153</td> 
 <td style="font-weight: bold; text-align:right"><a href="/world-population/malta-population/">441,775</a> </td> 
 <td style="display:none" data-continent="Europe">Europe</td> 
 <td>197</td>
 <td>29,452</td>
 <td>2</td> 
</tr>
<tr style=""> 
 <td style="font-size:12px;color: grey;text-align:center;vertical-align:middle;">144</td> 
 <td style="font-weight: bold; font-size:15px; text-align:left;"><a class="mt_a" href="country/benin/">Benin</a></td> 
 <td style="font-weight: bold; text-align:right">2,242</td> 
 <td style="font-weight: bold; text-align:right;"></td> 
 <td style="font-weight: bold; text-align:right;">40 </td> 
 <td style="font-weight: bold; 
                                    text-align:right;"></td> 
 <td style="font-weight: bold; text-align:right">1,793</td> 
 <td style="font-weight: bold; text-align:right;"></td> 
 <td style="text-align:right;font-weight:bold;">409</td> 
 <td style="font-weight: bold; text-align:right"></td> 
 <td style="font-weight: bold; text-align:right">184</td> 
 <td style="font-weight: bold; text-align:right">3</td> 
 <td style="font-weight: bold; text-align:right">131,073</td> 
 <td style="font-weight: bold; text-align:right">10,759</td> 
 <td style="font-weight: bold; text-align:right"><a href="/world-population/benin-population/">12,182,445</a> </td> 
 <td style="display:none" data-continent="Africa">Africa</td> 
 <td>5,434</td>
 <td>304,561</td>
 <td>93</td> 
</tr>
<tr style=""> 
 <td style="font-size:12px;color: grey;text-align:center;vertical-align:middle;">145</td> 
 <td style="font-weight: bold; font-size:15px; text-align:left;"><a class="mt_a" href="country/iceland/">Iceland</a></td> 
 <td style="font-weight: bold; text-align:right">2,161</td> 
 <td style="font-weight: bold; text-align:right;background-color:#FFEEAA;">+4</td> 
 <td style="font-weight: bold; text-align:right;">10 </td> 
 <td style="font-weight: bold; 
                                    text-align:right;"></td> 
 <td style="font-weight: bold; text-align:right">2,079</td> 
 <td style="font-weight: bold; text-align:right;background-color:#c8e6c9; color:#000">+7</td> 
 <td style="text-align:right;font-weight:bold;">72</td> 
 <td style="font-weight: bold; text-align:right"></td> 
 <td style="font-weight: bold; text-align:right">6,325</td> 
 <td style="font-weight: bold; text-align:right">29</td> 
 <td style="font-weight: bold; text-align:right">233,083</td> 
 <td style="font-weight: bold; text-align:right">682,174</td> 
 <td style="font-weight: bold; text-align:right"><a href="/world-population/iceland-population/">341,677</a> </td> 
 <td style="display:none" data-continent="Europe">Europe</td> 
 <td>158</td>
 <td>34,168</td>
 <td>1</td> 
</tr>
<tr style=""> 
 <td style="font-size:12px;color: grey;text-align:center;vertical-align:middle;">146</td> 
 <td style="font-weight: bold; font-size:15px; text-align:left;"><a class="mt_a" href="country/sierra-leone/">Sierra Leone</a></td> 
 <td style="font-weight: bold; text-align:right">2,069</td> 
 <td style="font-weight: bold; text-align:right;"></td> 
 <td style="font-weight: bold; text-align:right;">72 </td> 
 <td style="font-weight: bold; 
                                    text-align:right;"></td> 
 <td style="font-weight: bold; text-align:right">1,622</td> 
 <td style="font-weight: bold; text-align:right;"></td> 
 <td style="text-align:right;font-weight:bold;">375</td> 
 <td style="font-weight: bold; text-align:right"></td> 
 <td style="font-weight: bold; text-align:right">258</td> 
 <td style="font-weight: bold; text-align:right">9</td> 
 <td style="font-weight: bold; text-align:right"></td> 
 <td style="font-weight: bold; text-align:right"></td> 
 <td style="font-weight: bold; text-align:right"><a href="/world-population/sierra-leone-population/">8,007,711</a> </td> 
 <td style="display:none" data-continent="Africa">Africa</td> 
 <td>3,870</td>
 <td>111,218</td>
 <td></td> 
</tr>
<tr style=""> 
 <td style="font-size:12px;color: grey;text-align:center;vertical-align:middle;">147</td> 
 <td style="font-weight: bold; font-size:15px; text-align:left;"><a class="mt_a" href="country/yemen/">Yemen</a></td> 
 <td style="font-weight: bold; text-align:right">2,003</td> 
 <td style="font-weight: bold; text-align:right;"></td> 
 <td style="font-weight: bold; text-align:right;">580 </td> 
 <td style="font-weight: bold; 
                                    text-align:right;"></td> 
 <td style="font-weight: bold; text-align:right">1,211</td> 
 <td style="font-weight: bold; text-align:right;"></td> 
 <td style="text-align:right;font-weight:bold;">212</td> 
 <td style="font-weight: bold; text-align:right"></td> 
 <td style="font-weight: bold; text-align:right">67</td> 
 <td style="font-weight: bold; text-align:right">19</td> 
 <td style="font-weight: bold; text-align:right"></td> 
 <td style="font-weight: bold; text-align:right"></td> 
 <td style="font-weight: bold; text-align:right"><a href="/world-population/yemen-population/">29,949,860</a> </td> 
 <td style="display:none" data-continent="Asia">Asia</td> 
 <td>14,953</td>
 <td>51,638</td>
 <td></td> 
</tr>
<tr style=""> 
 <td style="font-size:12px;color: grey;text-align:center;vertical-align:middle;">148</td> 
 <td style="font-weight: bold; font-size:15px; text-align:left;"><a class="mt_a" href="country/georgia/">Georgia</a></td> 
 <td style="font-weight: bold; text-align:right">1,917</td> 
 <td style="font-weight: bold; text-align:right;background-color:#FFEEAA;">+87</td> 
 <td style="font-weight: bold; text-align:right;">19 </td> 
 <td style="font-weight: bold; 
                                    text-align:right;"></td> 
 <td style="font-weight: bold; text-align:right">1,354</td> 
 <td style="font-weight: bold; text-align:right;background-color:#c8e6c9; color:#000">+20</td> 
 <td style="text-align:right;font-weight:bold;">544</td> 
 <td style="font-weight: bold; text-align:right"></td> 
 <td style="font-weight: bold; text-align:right">481</td> 
 <td style="font-weight: bold; text-align:right">5</td> 
 <td style="font-weight: bold; text-align:right">439,848</td> 
 <td style="font-weight: bold; text-align:right">110,303</td> 
 <td style="font-weight: bold; text-align:right"><a href="/world-population/georgia-population/">3,987,639</a> </td> 
 <td style="display:none" data-continent="Asia">Asia</td> 
 <td>2,080</td>
 <td>209,876</td>
 <td>9</td> 
</tr>
<tr style=""> 
 <td style="font-size:12px;color: grey;text-align:center;vertical-align:middle;">149</td> 
 <td style="font-weight: bold; font-size:15px; text-align:left;"><a class="mt_a" href="country/new-zealand/">New Zealand</a></td> 
 <td style="font-weight: bold; text-align:right">1,793</td> 
 <td style="font-weight: bold; text-align:right;background-color:#FFEEAA;">+1</td> 
 <td style="font-weight: bold; text-align:right;">24 </td> 
 <td style="font-weight: bold; 
                                    text-align:right;"></td> 
 <td style="font-weight: bold; text-align:right">1,655</td> 
 <td style="font-weight: bold; text-align:right;background-color:#c8e6c9; color:#000">+7</td> 
 <td style="text-align:right;font-weight:bold;">114</td> 
 <td style="font-weight: bold; text-align:right">3</td> 
 <td style="font-weight: bold; text-align:right">358</td> 
 <td style="font-weight: bold; text-align:right">5</td> 
 <td style="font-weight: bold; text-align:right">848,420</td> 
 <td style="font-weight: bold; text-align:right">169,613</td> 
 <td style="font-weight: bold; text-align:right">5,002,100 </td> 
 <td style="display:none" data-continent="Australia/Oceania">Australia/Oceania</td> 
 <td>2,790</td>
 <td>208,421</td>
 <td>6</td> 
</tr>
<tr style=""> 
 <td style="font-size:12px;color: grey;text-align:center;vertical-align:middle;">150</td> 
 <td style="font-weight: bold; font-size:15px; text-align:left;"><a class="mt_a" href="country/uruguay/">Uruguay</a></td> 
 <td style="font-weight: bold; text-align:right">1,759</td> 
 <td style="font-weight: bold; text-align:right;"></td> 
 <td style="font-weight: bold; text-align:right;">45 </td> 
 <td style="font-weight: bold; 
                                    text-align:right;"></td> 
 <td style="font-weight: bold; text-align:right">1,484</td> 
 <td style="font-weight: bold; text-align:right;"></td> 
 <td style="text-align:right;font-weight:bold;">230</td> 
 <td style="font-weight: bold; text-align:right">1</td> 
 <td style="font-weight: bold; text-align:right">506</td> 
 <td style="font-weight: bold; text-align:right">13</td> 
 <td style="font-weight: bold; text-align:right">192,578</td> 
 <td style="font-weight: bold; text-align:right">55,401</td> 
 <td style="font-weight: bold; text-align:right"><a href="/world-population/uruguay-population/">3,476,104</a> </td> 
 <td style="display:none" data-continent="South America">South America</td> 
 <td>1,976</td>
 <td>77,247</td>
 <td>18</td> 
</tr>
<tr style=""> 
 <td style="font-size:12px;color: grey;text-align:center;vertical-align:middle;">151</td> 
 <td style="font-weight: bold; font-size:15px; text-align:left;"><a class="mt_a" href="country/guyana/">Guyana</a></td> 
 <td style="font-weight: bold; text-align:right">1,750</td> 
 <td style="font-weight: bold; text-align:right;"></td> 
 <td style="font-weight: bold; text-align:right;">49 </td> 
 <td style="font-weight: bold; 
                                    text-align:right;"></td> 
 <td style="font-weight: bold; text-align:right">1,088</td> 
 <td style="font-weight: bold; text-align:right;"></td> 
 <td style="text-align:right;font-weight:bold;">613</td> 
 <td style="font-weight: bold; text-align:right">14</td> 
 <td style="font-weight: bold; text-align:right">2,223</td> 
 <td style="font-weight: bold; text-align:right">62</td> 
 <td style="font-weight: bold; text-align:right">10,459</td> 
 <td style="font-weight: bold; text-align:right">13,285</td> 
 <td style="font-weight: bold; text-align:right"><a href="/world-population/guyana-population/">787,298</a> </td> 
 <td style="display:none" data-continent="South America">South America</td> 
 <td>450</td>
 <td>16,067</td>
 <td>75</td> 
</tr>
<tr style=""> 
 <td style="font-size:12px;color: grey;text-align:center;vertical-align:middle;">152</td> 
 <td style="font-weight: bold; font-size:15px; text-align:left;"><a class="mt_a" href="country/togo/">Togo</a></td> 
 <td style="font-weight: bold; text-align:right">1,537</td> 
 <td style="font-weight: bold; text-align:right;"></td> 
 <td style="font-weight: bold; text-align:right;">37 </td> 
 <td style="font-weight: bold; 
                                    text-align:right;"></td> 
 <td style="font-weight: bold; text-align:right">1,145</td> 
 <td style="font-weight: bold; text-align:right;"></td> 
 <td style="text-align:right;font-weight:bold;">355</td> 
 <td style="font-weight: bold; text-align:right"></td> 
 <td style="font-weight: bold; text-align:right">185</td> 
 <td style="font-weight: bold; text-align:right">4</td> 
 <td style="font-weight: bold; text-align:right">74,495</td> 
 <td style="font-weight: bold; text-align:right">8,959</td> 
 <td style="font-weight: bold; text-align:right"><a href="/world-population/togo-population/">8,315,187</a> </td> 
 <td style="display:none" data-continent="Africa">Africa</td> 
 <td>5,410</td>
 <td>224,735</td>
 <td>112</td> 
</tr>
<tr style=""> 
 <td style="font-size:12px;color: grey;text-align:center;vertical-align:middle;">153</td> 
 <td style="font-weight: bold; font-size:15px; text-align:left;"><a class="mt_a" href="country/cyprus/">Cyprus</a></td> 
 <td style="font-weight: bold; text-align:right">1,517</td> 
 <td style="font-weight: bold; text-align:right;"></td> 
 <td style="font-weight: bold; text-align:right;">22 </td> 
 <td style="font-weight: bold; 
                                    text-align:right;"></td> 
 <td style="font-weight: bold; text-align:right">1,237</td> 
 <td style="font-weight: bold; text-align:right;"></td> 
 <td style="text-align:right;font-weight:bold;">258</td> 
 <td style="font-weight: bold; text-align:right">5</td> 
 <td style="font-weight: bold; text-align:right">1,255</td> 
 <td style="font-weight: bold; text-align:right">18</td> 
 <td style="font-weight: bold; text-align:right">312,813</td> 
 <td style="font-weight: bold; text-align:right">258,720</td> 
 <td style="font-weight: bold; text-align:right"><a href="/world-population/cyprus-population/">1,209,077</a> </td> 
 <td style="display:none" data-continent="Asia">Asia</td> 
 <td>797</td>
 <td>54,958</td>
 <td>4</td> 
</tr>
<tr style=""> 
 <td style="font-size:12px;color: grey;text-align:center;vertical-align:middle;">154</td> 
 <td style="font-weight: bold; font-size:15px; text-align:left;"><a class="mt_a" href="country/burkina-faso/">Burkina Faso</a></td> 
 <td style="font-weight: bold; text-align:right">1,486</td> 
 <td style="font-weight: bold; text-align:right;"></td> 
 <td style="font-weight: bold; text-align:right;">56 </td> 
 <td style="font-weight: bold; 
                                    text-align:right;"></td> 
 <td style="font-weight: bold; text-align:right">1,123</td> 
 <td style="font-weight: bold; text-align:right;"></td> 
 <td style="text-align:right;font-weight:bold;">307</td> 
 <td style="font-weight: bold; text-align:right"></td> 
 <td style="font-weight: bold; text-align:right">71</td> 
 <td style="font-weight: bold; text-align:right">3</td> 
 <td style="font-weight: bold; text-align:right"></td> 
 <td style="font-weight: bold; text-align:right"></td> 
 <td style="font-weight: bold; text-align:right"><a href="/world-population/burkina-faso-population/">21,009,868</a> </td> 
 <td style="display:none" data-continent="Africa">Africa</td> 
 <td>14,139</td>
 <td>375,176</td>
 <td></td> 
</tr>
<tr style=""> 
 <td style="font-size:12px;color: grey;text-align:center;vertical-align:middle;">155</td> 
 <td style="font-weight: bold; font-size:15px; text-align:left;"><a class="mt_a" href="country/latvia/">Latvia</a></td> 
 <td style="font-weight: bold; text-align:right">1,459</td> 
 <td style="font-weight: bold; text-align:right;background-color:#FFEEAA;">+11</td> 
 <td style="font-weight: bold; text-align:right;">35 </td> 
 <td style="font-weight: bold; 
                                    text-align:right;"></td> 
 <td style="font-weight: bold; text-align:right">1,248</td> 
 <td style="font-weight: bold; text-align:right;"></td> 
 <td style="text-align:right;font-weight:bold;">176</td> 
 <td style="font-weight: bold; text-align:right"></td> 
 <td style="font-weight: bold; text-align:right">775</td> 
 <td style="font-weight: bold; text-align:right">19</td> 
 <td style="font-weight: bold; text-align:right">274,826</td> 
 <td style="font-weight: bold; text-align:right">146,032</td> 
 <td style="font-weight: bold; text-align:right"><a href="/world-population/latvia-population/">1,881,956</a> </td> 
 <td style="display:none" data-continent="Europe">Europe</td> 
 <td>1,290</td>
 <td>53,770</td>
 <td>7</td> 
</tr>
<tr style=""> 
 <td style="font-size:12px;color: grey;text-align:center;vertical-align:middle;">156</td> 
 <td style="font-weight: bold; font-size:15px; text-align:left;"><a class="mt_a" href="country/belize/">Belize</a></td> 
 <td style="font-weight: bold; text-align:right">1,399</td> 
 <td style="font-weight: bold; text-align:right;background-color:#FFEEAA;">+34</td> 
 <td style="font-weight: bold; text-align:right;">19 </td> 
 <td style="font-weight: bold; 
                                    text-align:right;background-color:red; color:white">+1</td> 
 <td style="font-weight: bold; text-align:right">360</td> 
 <td style="font-weight: bold; text-align:right;background-color:#c8e6c9; color:#000">+34</td> 
 <td style="text-align:right;font-weight:bold;">1,020</td> 
 <td style="font-weight: bold; text-align:right">3</td> 
 <td style="font-weight: bold; text-align:right">3,506</td> 
 <td style="font-weight: bold; text-align:right">48</td> 
 <td style="font-weight: bold; text-align:right">10,510</td> 
 <td style="font-weight: bold; text-align:right">26,341</td> 
 <td style="font-weight: bold; text-align:right"><a href="/world-population/belize-population/">399,003</a> </td> 
 <td style="display:none" data-continent="North America">North America</td> 
 <td>285</td>
 <td>21,000</td>
 <td>38</td> 
</tr>
<tr style=""> 
 <td style="font-size:12px;color: grey;text-align:center;vertical-align:middle;">157</td> 
 <td style="font-weight: bold; font-size:15px; text-align:left;"><a class="mt_a" href="country/liberia/">Liberia</a></td> 
 <td style="font-weight: bold; text-align:right">1,315</td> 
 <td style="font-weight: bold; text-align:right;"></td> 
 <td style="font-weight: bold; text-align:right;">82 </td> 
 <td style="font-weight: bold; 
                                    text-align:right;"></td> 
 <td style="font-weight: bold; text-align:right">1,194</td> 
 <td style="font-weight: bold; text-align:right;"></td> 
 <td style="text-align:right;font-weight:bold;">39</td> 
 <td style="font-weight: bold; text-align:right"></td> 
 <td style="font-weight: bold; text-align:right">259</td> 
 <td style="font-weight: bold; text-align:right">16</td> 
 <td style="font-weight: bold; text-align:right"></td> 
 <td style="font-weight: bold; text-align:right"></td> 
 <td style="font-weight: bold; text-align:right"><a href="/world-population/liberia-population/">5,080,016</a> </td> 
 <td style="display:none" data-continent="Africa">Africa</td> 
 <td>3,863</td>
 <td>61,951</td>
 <td></td> 
</tr>
<tr style=""> 
 <td style="font-size:12px;color: grey;text-align:center;vertical-align:middle;">158</td> 
 <td style="font-weight: bold; font-size:15px; text-align:left;"><a class="mt_a" href="country/andorra/">Andorra</a></td> 
 <td style="font-weight: bold; text-align:right">1,301</td> 
 <td style="font-weight: bold; text-align:right;"></td> 
 <td style="font-weight: bold; text-align:right;">53 </td> 
 <td style="font-weight: bold; 
                                    text-align:right;"></td> 
 <td style="font-weight: bold; text-align:right">938</td> 
 <td style="font-weight: bold; text-align:right;"></td> 
 <td style="text-align:right;font-weight:bold;">310</td> 
 <td style="font-weight: bold; text-align:right">3</td> 
 <td style="font-weight: bold; text-align:right">16,833</td> 
 <td style="font-weight: bold; text-align:right">686</td> 
 <td style="font-weight: bold; text-align:right">137,457</td> 
 <td style="font-weight: bold; text-align:right">1,778,481</td> 
 <td style="font-weight: bold; text-align:right"><a href="/world-population/andorra-population/">77,289</a> </td> 
 <td style="display:none" data-continent="Europe">Europe</td> 
 <td>59</td>
 <td>1,458</td>
 <td>1</td> 
</tr>
<tr style=""> 
 <td style="font-size:12px;color: grey;text-align:center;vertical-align:middle;">159</td> 
 <td style="font-weight: bold; font-size:15px; text-align:left;"><a class="mt_a" href="country/niger/">Niger</a></td> 
 <td style="font-weight: bold; text-align:right">1,178</td> 
 <td style="font-weight: bold; text-align:right;"></td> 
 <td style="font-weight: bold; text-align:right;">69 </td> 
 <td style="font-weight: bold; 
                                    text-align:right;"></td> 
 <td style="font-weight: bold; text-align:right">1,099</td> 
 <td style="font-weight: bold; text-align:right;"></td> 
 <td style="text-align:right;font-weight:bold;">10</td> 
 <td style="font-weight: bold; text-align:right"></td> 
 <td style="font-weight: bold; text-align:right">48</td> 
 <td style="font-weight: bold; text-align:right">3</td> 
 <td style="font-weight: bold; text-align:right">9,052</td> 
 <td style="font-weight: bold; text-align:right">372</td> 
 <td style="font-weight: bold; text-align:right"><a href="/world-population/niger-population/">24,365,738</a> </td> 
 <td style="display:none" data-continent="Africa">Africa</td> 
 <td>20,684</td>
 <td>353,127</td>
 <td>2,692</td> 
</tr>
<tr style=""> 
 <td style="font-size:12px;color: grey;text-align:center;vertical-align:middle;">160</td> 
 <td style="font-weight: bold; font-size:15px; text-align:left;"><a class="mt_a" href="country/lesotho/">Lesotho</a></td> 
 <td style="font-weight: bold; text-align:right">1,164</td> 
 <td style="font-weight: bold; text-align:right;"></td> 
 <td style="font-weight: bold; text-align:right;">31 </td> 
 <td style="font-weight: bold; 
                                    text-align:right;"></td> 
 <td style="font-weight: bold; text-align:right">528</td> 
 <td style="font-weight: bold; text-align:right;"></td> 
 <td style="text-align:right;font-weight:bold;">605</td> 
 <td style="font-weight: bold; text-align:right"></td> 
 <td style="font-weight: bold; text-align:right">543</td> 
 <td style="font-weight: bold; text-align:right">14</td> 
 <td style="font-weight: bold; text-align:right">15,632</td> 
 <td style="font-weight: bold; text-align:right">7,286</td> 
 <td style="font-weight: bold; text-align:right"><a href="/world-population/lesotho-population/">2,145,564</a> </td> 
 <td style="display:none" data-continent="Africa">Africa</td> 
 <td>1,843</td>
 <td>69,212</td>
 <td>137</td> 
</tr>
<tr style=""> 
 <td style="font-size:12px;color: grey;text-align:center;vertical-align:middle;">161</td> 
 <td style="font-weight: bold; font-size:15px; text-align:left;"><a class="mt_a" href="country/viet-nam/">Vietnam</a></td> 
 <td style="font-weight: bold; text-align:right">1,060</td> 
 <td style="font-weight: bold; text-align:right;background-color:#FFEEAA;">+1</td> 
 <td style="font-weight: bold; text-align:right;">35 </td> 
 <td style="font-weight: bold; 
                                    text-align:right;"></td> 
 <td style="font-weight: bold; text-align:right">902</td> 
 <td style="font-weight: bold; text-align:right;background-color:#c8e6c9; color:#000">+9</td> 
 <td style="text-align:right;font-weight:bold;">123</td> 
 <td style="font-weight: bold; text-align:right"></td> 
 <td style="font-weight: bold; text-align:right">11</td> 
 <td style="font-weight: bold; text-align:right">0.4</td> 
 <td style="font-weight: bold; text-align:right">1,009,145</td> 
 <td style="font-weight: bold; text-align:right">10,349</td> 
 <td style="font-weight: bold; text-align:right"><a href="/world-population/viet-nam-population/">97,509,137</a> </td> 
 <td style="display:none" data-continent="Asia">Asia</td> 
 <td>91,990</td>
 <td>2,785,975</td>
 <td>97</td> 
</tr>
<tr style=""> 
 <td style="font-size:12px;color: grey;text-align:center;vertical-align:middle;">162</td> 
 <td style="font-weight: bold; font-size:15px; text-align:left;"><a class="mt_a" href="country/chad/">Chad</a></td> 
 <td style="font-weight: bold; text-align:right">1,051</td> 
 <td style="font-weight: bold; text-align:right;"></td> 
 <td style="font-weight: bold; text-align:right;">79 </td> 
 <td style="font-weight: bold; 
                                    text-align:right;"></td> 
 <td style="font-weight: bold; text-align:right">932</td> 
 <td style="font-weight: bold; text-align:right;"></td> 
 <td style="text-align:right;font-weight:bold;">40</td> 
 <td style="font-weight: bold; text-align:right"></td> 
 <td style="font-weight: bold; text-align:right">64</td> 
 <td style="font-weight: bold; text-align:right">5</td> 
 <td style="font-weight: bold; text-align:right"></td> 
 <td style="font-weight: bold; text-align:right"></td> 
 <td style="font-weight: bold; text-align:right"><a href="/world-population/chad-population/">16,513,221</a> </td> 
 <td style="display:none" data-continent="Africa">Africa</td> 
 <td>15,712</td>
 <td>209,028</td>
 <td></td> 
</tr>
<tr style=""> 
 <td style="font-size:12px;color: grey;text-align:center;vertical-align:middle;">163</td> 
 <td style="font-weight: bold; font-size:15px; text-align:left;"><a class="mt_a" href="country/martinique/">Martinique</a></td> 
 <td style="font-weight: bold; text-align:right">939</td> 
 <td style="font-weight: bold; text-align:right;"></td> 
 <td style="font-weight: bold; text-align:right;">18 </td> 
 <td style="font-weight: bold; 
                                    text-align:right;"></td> 
 <td style="font-weight: bold; text-align:right">98</td> 
 <td style="font-weight: bold; text-align:right;"></td> 
 <td style="text-align:right;font-weight:bold;">823</td> 
 <td style="font-weight: bold; text-align:right">5</td> 
 <td style="font-weight: bold; text-align:right">2,503</td> 
 <td style="font-weight: bold; text-align:right">48</td> 
 <td style="font-weight: bold; text-align:right">16,244</td> 
 <td style="font-weight: bold; text-align:right">43,293</td> 
 <td style="font-weight: bold; text-align:right"><a href="/world-population/martinique-population/">375,207</a> </td> 
 <td style="display:none" data-continent="North America">North America</td> 
 <td>400</td>
 <td>20,845</td>
 <td>23</td> 
</tr>
<tr style=""> 
 <td style="font-size:12px;color: grey;text-align:center;vertical-align:middle;">164</td> 
 <td style="font-weight: bold; font-size:15px; text-align:left;"><a class="mt_a" href="country/sao-tome-and-principe/">Sao Tome and Principe</a></td> 
 <td style="font-weight: bold; text-align:right">901</td> 
 <td style="font-weight: bold; text-align:right;"></td> 
 <td style="font-weight: bold; text-align:right;">15 </td> 
 <td style="font-weight: bold; 
                                    text-align:right;"></td> 
 <td style="font-weight: bold; text-align:right">866</td> 
 <td style="font-weight: bold; text-align:right;"></td> 
 <td style="text-align:right;font-weight:bold;">20</td> 
 <td style="font-weight: bold; text-align:right"></td> 
 <td style="font-weight: bold; text-align:right">4,097</td> 
 <td style="font-weight: bold; text-align:right">68</td> 
 <td style="font-weight: bold; text-align:right">4,180</td> 
 <td style="font-weight: bold; text-align:right">19,006</td> 
 <td style="font-weight: bold; text-align:right"><a href="/world-population/sao-tome-and-principe-population/">219,933</a> </td> 
 <td style="display:none" data-continent="Africa">Africa</td> 
 <td>244</td>
 <td>14,662</td>
 <td>53</td> 
</tr>
<tr style=""> 
 <td style="font-size:12px;color: grey;text-align:center;vertical-align:middle;">165</td> 
 <td style="font-weight: bold; font-size:15px; text-align:left;"><a class="mt_a" href="country/french-polynesia/">French Polynesia</a></td> 
 <td style="font-weight: bold; text-align:right">857</td> 
 <td style="font-weight: bold; text-align:right;"></td> 
 <td style="font-weight: bold; text-align:right;"> </td> 
 <td style="font-weight: bold; 
                                    text-align:right;"></td> 
 <td style="font-weight: bold; text-align:right">576</td> 
 <td style="font-weight: bold; text-align:right;"></td> 
 <td style="text-align:right;font-weight:bold;">281</td> 
 <td style="font-weight: bold; text-align:right">4</td> 
 <td style="font-weight: bold; text-align:right">3,047</td> 
 <td style="font-weight: bold; text-align:right"></td> 
 <td style="font-weight: bold; text-align:right">17,171</td> 
 <td style="font-weight: bold; text-align:right">61,057</td> 
 <td style="font-weight: bold; text-align:right"><a href="/world-population/french-polynesia-population/">281,227</a> </td> 
 <td style="display:none" data-continent="Australia/Oceania">Australia/Oceania</td> 
 <td>328</td>
 <td></td>
 <td>16</td> 
</tr>
<tr style=""> 
 <td style="font-size:12px;color: grey;text-align:center;vertical-align:middle;">166</td> 
 <td style="font-weight: bold; font-size:15px; text-align:left;"><a class="mt_a" href="country/san-marino/">San Marino</a></td> 
 <td style="font-weight: bold; text-align:right">722</td> 
 <td style="font-weight: bold; text-align:right;"></td> 
 <td style="font-weight: bold; text-align:right;">42 </td> 
 <td style="font-weight: bold; 
                                    text-align:right;"></td> 
 <td style="font-weight: bold; text-align:right">662</td> 
 <td style="font-weight: bold; text-align:right;"></td> 
 <td style="text-align:right;font-weight:bold;">18</td> 
 <td style="font-weight: bold; text-align:right">1</td> 
 <td style="font-weight: bold; text-align:right">21,270</td> 
 <td style="font-weight: bold; text-align:right">1,237</td> 
 <td style="font-weight: bold; text-align:right">7,176</td> 
 <td style="font-weight: bold; text-align:right">211,401</td> 
 <td style="font-weight: bold; text-align:right"><a href="/world-population/san-marino-population/">33,945</a> </td> 
 <td style="display:none" data-continent="Europe">Europe</td> 
 <td>47</td>
 <td>808</td>
 <td>5</td> 
</tr>
<tr style=""> 
 <td style="font-size:12px;color: grey;text-align:center;vertical-align:middle;">167</td> 
 <td style="font-weight: bold; font-size:15px; text-align:left;"><span style="color:#00B5F0; font-style:italic; ">Diamond Princess</span></td> 
 <td style="font-weight: bold; text-align:right">712</td> 
 <td style="font-weight: bold; text-align:right;"></td> 
 <td style="font-weight: bold; text-align:right;">13 </td> 
 <td style="font-weight: bold; 
                                    text-align:right;"></td> 
 <td style="font-weight: bold; text-align:right">651</td> 
 <td style="font-weight: bold; text-align:right;"></td> 
 <td style="text-align:right;font-weight:bold;">48</td> 
 <td style="font-weight: bold; text-align:right">4</td> 
 <td style="font-weight: bold; text-align:right"></td> 
 <td style="font-weight: bold; text-align:right"></td> 
 <td style="font-weight: bold; text-align:right"></td> 
 <td style="font-weight: bold; text-align:right"></td> 
 <td style="font-weight: bold; text-align:right"> </td> 
 <td style="display:none" data-continent=""></td> 
 <td></td>
 <td></td>
 <td></td> 
</tr>
<tr style=""> 
 <td style="font-size:12px;color: grey;text-align:center;vertical-align:middle;">168</td> 
 <td style="font-weight: bold; font-size:15px; text-align:left;"><a class="mt_a" href="country/turks-and-caicos-islands/">Turks and Caicos</a></td> 
 <td style="font-weight: bold; text-align:right">638</td> 
 <td style="font-weight: bold; text-align:right;background-color:#FFEEAA;">+10</td> 
 <td style="font-weight: bold; text-align:right;">5 </td> 
 <td style="font-weight: bold; 
                                    text-align:right;"></td> 
 <td style="font-weight: bold; text-align:right">270</td> 
 <td style="font-weight: bold; text-align:right;background-color:#c8e6c9; color:#000">+4</td> 
 <td style="text-align:right;font-weight:bold;">363</td> 
 <td style="font-weight: bold; text-align:right">4</td> 
 <td style="font-weight: bold; text-align:right">16,436</td> 
 <td style="font-weight: bold; text-align:right">129</td> 
 <td style="font-weight: bold; text-align:right">2,850</td> 
 <td style="font-weight: bold; text-align:right">73,420</td> 
 <td style="font-weight: bold; text-align:right"><a href="/world-population/turks-and-caicos-islands-population/">38,818</a> </td> 
 <td style="display:none" data-continent="North America">North America</td> 
 <td>61</td>
 <td>7,764</td>
 <td>14</td> 
</tr>
<tr style=""> 
 <td style="font-size:12px;color: grey;text-align:center;vertical-align:middle;">169</td> 
 <td style="font-weight: bold; font-size:15px; text-align:left;"><a class="mt_a" href="country/channel-islands/">Channel Islands</a></td> 
 <td style="font-weight: bold; text-align:right">631</td> 
 <td style="font-weight: bold; text-align:right;"></td> 
 <td style="font-weight: bold; text-align:right;">48 </td> 
 <td style="font-weight: bold; 
                                    text-align:right;"></td> 
 <td style="font-weight: bold; text-align:right">575</td> 
 <td style="font-weight: bold; text-align:right;"></td> 
 <td style="text-align:right;font-weight:bold;">8</td> 
 <td style="font-weight: bold; text-align:right">1</td> 
 <td style="font-weight: bold; text-align:right">3,623</td> 
 <td style="font-weight: bold; text-align:right">276</td> 
 <td style="font-weight: bold; text-align:right">91,292</td> 
 <td style="font-weight: bold; text-align:right">524,140</td> 
 <td style="font-weight: bold; text-align:right"><a href="/world-population/channel-islands-population/">174,175</a> </td> 
 <td style="display:none" data-continent="Europe">Europe</td> 
 <td>276</td>
 <td>3,629</td>
 <td>2</td> 
</tr>
<tr style=""> 
 <td style="font-size:12px;color: grey;text-align:center;vertical-align:middle;">170</td> 
 <td style="font-weight: bold; font-size:15px; text-align:left;"><a class="mt_a" href="country/sint-maarten/">Sint Maarten</a></td> 
 <td style="font-weight: bold; text-align:right">530</td> 
 <td style="font-weight: bold; text-align:right;"></td> 
 <td style="font-weight: bold; text-align:right;">19 </td> 
 <td style="font-weight: bold; 
                                    text-align:right;"></td> 
 <td style="font-weight: bold; text-align:right">333</td> 
 <td style="font-weight: bold; text-align:right;"></td> 
 <td style="text-align:right;font-weight:bold;">178</td> 
 <td style="font-weight: bold; text-align:right">6</td> 
 <td style="font-weight: bold; text-align:right">12,334</td> 
 <td style="font-weight: bold; text-align:right">442</td> 
 <td style="font-weight: bold; text-align:right">2,450</td> 
 <td style="font-weight: bold; text-align:right">57,017</td> 
 <td style="font-weight: bold; text-align:right"><a href="/world-population/sint-maarten-population/">42,970</a> </td> 
 <td style="display:none" data-continent="North America">North America</td> 
 <td>81</td>
 <td>2,262</td>
 <td>18</td> 
</tr>
<tr style=""> 
 <td style="font-size:12px;color: grey;text-align:center;vertical-align:middle;">171</td> 
 <td style="font-weight: bold; font-size:15px; text-align:left;"><a class="mt_a" href="country/tanzania/">Tanzania</a></td> 
 <td style="font-weight: bold; text-align:right">509</td> 
 <td style="font-weight: bold; text-align:right;"></td> 
 <td style="font-weight: bold; text-align:right;">21 </td> 
 <td style="font-weight: bold; 
                                    text-align:right;"></td> 
 <td style="font-weight: bold; text-align:right">183</td> 
 <td style="font-weight: bold; text-align:right;"></td> 
 <td style="text-align:right;font-weight:bold;">305</td> 
 <td style="font-weight: bold; text-align:right">7</td> 
 <td style="font-weight: bold; text-align:right">8</td> 
 <td style="font-weight: bold; text-align:right">0.3</td> 
 <td style="font-weight: bold; text-align:right"></td> 
 <td style="font-weight: bold; text-align:right"></td> 
 <td style="font-weight: bold; text-align:right"><a href="/world-population/tanzania-population/">60,049,738</a> </td> 
 <td style="display:none" data-continent="Africa">Africa</td> 
 <td>117,976</td>
 <td>2,859,511</td>
 <td></td> 
</tr>
<tr style=""> 
 <td style="font-size:12px;color: grey;text-align:center;vertical-align:middle;">172</td> 
 <td style="font-weight: bold; font-size:15px; text-align:left;"><a class="mt_a" href="country/papua-new-guinea/">Papua New Guinea</a></td> 
 <td style="font-weight: bold; text-align:right">507</td> 
 <td style="font-weight: bold; text-align:right;"></td> 
 <td style="font-weight: bold; text-align:right;">5 </td> 
 <td style="font-weight: bold; 
                                    text-align:right;"></td> 
 <td style="font-weight: bold; text-align:right">232</td> 
 <td style="font-weight: bold; text-align:right;"></td> 
 <td style="text-align:right;font-weight:bold;">270</td> 
 <td style="font-weight: bold; text-align:right"></td> 
 <td style="font-weight: bold; text-align:right">56</td> 
 <td style="font-weight: bold; text-align:right">0.6</td> 
 <td style="font-weight: bold; text-align:right">15,592</td> 
 <td style="font-weight: bold; text-align:right">1,736</td> 
 <td style="font-weight: bold; text-align:right"><a href="/world-population/papua-new-guinea-population/">8,979,241</a> </td> 
 <td style="display:none" data-continent="Australia/Oceania">Australia/Oceania</td> 
 <td>17,711</td>
 <td>1,795,848</td>
 <td>576</td> 
</tr>
<tr style=""> 
 <td style="font-size:12px;color: grey;text-align:center;vertical-align:middle;">173</td> 
 <td style="font-weight: bold; font-size:15px; text-align:left;"><a class="mt_a" href="country/taiwan/">Taiwan</a></td> 
 <td style="font-weight: bold; text-align:right">498</td> 
 <td style="font-weight: bold; text-align:right;background-color:#FFEEAA;">+2</td> 
 <td style="font-weight: bold; text-align:right;">7 </td> 
 <td style="font-weight: bold; 
                                    text-align:right;"></td> 
 <td style="font-weight: bold; text-align:right">475</td> 
 <td style="font-weight: bold; text-align:right;"></td> 
 <td style="text-align:right;font-weight:bold;">16</td> 
 <td style="font-weight: bold; text-align:right"></td> 
 <td style="font-weight: bold; text-align:right">21</td> 
 <td style="font-weight: bold; text-align:right">0.3</td> 
 <td style="font-weight: bold; text-align:right">89,310</td> 
 <td style="font-weight: bold; text-align:right">3,749</td> 
 <td style="font-weight: bold; text-align:right"><a href="/world-population/taiwan-population/">23,825,309</a> </td> 
 <td style="display:none" data-continent="Asia">Asia</td> 
 <td>47,842</td>
 <td>3,403,616</td>
 <td>267</td> 
</tr>
<tr style=""> 
 <td style="font-size:12px;color: grey;text-align:center;vertical-align:middle;">174</td> 
 <td style="font-weight: bold; font-size:15px; text-align:left;"><a class="mt_a" href="country/burundi/">Burundi</a></td> 
 <td style="font-weight: bold; text-align:right">469</td> 
 <td style="font-weight: bold; text-align:right;"></td> 
 <td style="font-weight: bold; text-align:right;">1 </td> 
 <td style="font-weight: bold; 
                                    text-align:right;"></td> 
 <td style="font-weight: bold; text-align:right">374</td> 
 <td style="font-weight: bold; text-align:right;"></td> 
 <td style="text-align:right;font-weight:bold;">94</td> 
 <td style="font-weight: bold; text-align:right"></td> 
 <td style="font-weight: bold; text-align:right">39</td> 
 <td style="font-weight: bold; text-align:right">0.08</td> 
 <td style="font-weight: bold; text-align:right">27,836</td> 
 <td style="font-weight: bold; text-align:right">2,328</td> 
 <td style="font-weight: bold; text-align:right"><a href="/world-population/burundi-population/">11,956,229</a> </td> 
 <td style="display:none" data-continent="Africa">Africa</td> 
 <td>25,493</td>
 <td>11,956,229</td>
 <td>430</td> 
</tr>
<tr style=""> 
 <td style="font-size:12px;color: grey;text-align:center;vertical-align:middle;">175</td> 
 <td style="font-weight: bold; font-size:15px; text-align:left;"><a class="mt_a" href="country/comoros/">Comoros</a></td> 
 <td style="font-weight: bold; text-align:right">456</td> 
 <td style="font-weight: bold; text-align:right;"></td> 
 <td style="font-weight: bold; text-align:right;">7 </td> 
 <td style="font-weight: bold; 
                                    text-align:right;"></td> 
 <td style="font-weight: bold; text-align:right">415</td> 
 <td style="font-weight: bold; text-align:right;"></td> 
 <td style="text-align:right;font-weight:bold;">34</td> 
 <td style="font-weight: bold; text-align:right"></td> 
 <td style="font-weight: bold; text-align:right">522</td> 
 <td style="font-weight: bold; text-align:right">8</td> 
 <td style="font-weight: bold; text-align:right"></td> 
 <td style="font-weight: bold; text-align:right"></td> 
 <td style="font-weight: bold; text-align:right"><a href="/world-population/comoros-population/">873,101</a> </td> 
 <td style="display:none" data-continent="Africa">Africa</td> 
 <td>1,915</td>
 <td>124,729</td>
 <td></td> 
</tr>
<tr style=""> 
 <td style="font-size:12px;color: grey;text-align:center;vertical-align:middle;">176</td> 
 <td style="font-weight: bold; font-size:15px; text-align:left;"><a class="mt_a" href="country/faeroe-islands/">Faeroe Islands</a></td> 
 <td style="font-weight: bold; text-align:right">415</td> 
 <td style="font-weight: bold; text-align:right;"></td> 
 <td style="font-weight: bold; text-align:right;"> </td> 
 <td style="font-weight: bold; 
                                    text-align:right;"></td> 
 <td style="font-weight: bold; text-align:right">410</td> 
 <td style="font-weight: bold; text-align:right;"></td> 
 <td style="text-align:right;font-weight:bold;">5</td> 
 <td style="font-weight: bold; text-align:right">1</td> 
 <td style="font-weight: bold; text-align:right">8,487</td> 
 <td style="font-weight: bold; text-align:right"></td> 
 <td style="font-weight: bold; text-align:right">106,397</td> 
 <td style="font-weight: bold; text-align:right">2,175,808</td> 
 <td style="font-weight: bold; text-align:right"><a href="/world-population/faeroe-islands-population/">48,900</a> </td> 
 <td style="display:none" data-continent="Europe">Europe</td> 
 <td>118</td>
 <td></td>
 <td>0</td> 
</tr>
<tr style=""> 
 <td style="font-size:12px;color: grey;text-align:center;vertical-align:middle;">177</td> 
 <td style="font-weight: bold; font-size:15px; text-align:left;"><a class="mt_a" href="country/mauritius/">Mauritius</a></td> 
 <td style="font-weight: bold; text-align:right">361</td> 
 <td style="font-weight: bold; text-align:right;"></td> 
 <td style="font-weight: bold; text-align:right;">10 </td> 
 <td style="font-weight: bold; 
                                    text-align:right;"></td> 
 <td style="font-weight: bold; text-align:right">335</td> 
 <td style="font-weight: bold; text-align:right;"></td> 
 <td style="text-align:right;font-weight:bold;">16</td> 
 <td style="font-weight: bold; text-align:right"></td> 
 <td style="font-weight: bold; text-align:right">284</td> 
 <td style="font-weight: bold; text-align:right">8</td> 
 <td style="font-weight: bold; text-align:right">227,409</td> 
 <td style="font-weight: bold; text-align:right">178,755</td> 
 <td style="font-weight: bold; text-align:right"><a href="/world-population/mauritius-population/">1,272,186</a> </td> 
 <td style="display:none" data-continent="Africa">Africa</td> 
 <td>3,524</td>
 <td>127,219</td>
 <td>6</td> 
</tr>
<tr style=""> 
 <td style="font-size:12px;color: grey;text-align:center;vertical-align:middle;">178</td> 
 <td style="font-weight: bold; font-size:15px; text-align:left;"><a class="mt_a" href="country/eritrea/">Eritrea</a></td> 
 <td style="font-weight: bold; text-align:right">361</td> 
 <td style="font-weight: bold; text-align:right;"></td> 
 <td style="font-weight: bold; text-align:right;"> </td> 
 <td style="font-weight: bold; 
                                    text-align:right;"></td> 
 <td style="font-weight: bold; text-align:right">304</td> 
 <td style="font-weight: bold; text-align:right;"></td> 
 <td style="text-align:right;font-weight:bold;">57</td> 
 <td style="font-weight: bold; text-align:right"></td> 
 <td style="font-weight: bold; text-align:right">102</td> 
 <td style="font-weight: bold; text-align:right"></td> 
 <td style="font-weight: bold; text-align:right"></td> 
 <td style="font-weight: bold; text-align:right"></td> 
 <td style="font-weight: bold; text-align:right"><a href="/world-population/eritrea-population/">3,555,870</a> </td> 
 <td style="display:none" data-continent="Africa">Africa</td> 
 <td>9,850</td>
 <td></td>
 <td></td> 
</tr>
<tr style=""> 
 <td style="font-size:12px;color: grey;text-align:center;vertical-align:middle;">179</td> 
 <td style="font-weight: bold; font-size:15px; text-align:left;"><a class="mt_a" href="country/isle-of-man/">Isle of Man</a></td> 
 <td style="font-weight: bold; text-align:right">337</td> 
 <td style="font-weight: bold; text-align:right;"></td> 
 <td style="font-weight: bold; text-align:right;">24 </td> 
 <td style="font-weight: bold; 
                                    text-align:right;"></td> 
 <td style="font-weight: bold; text-align:right">312</td> 
 <td style="font-weight: bold; text-align:right;"></td> 
 <td style="text-align:right;font-weight:bold;">1</td> 
 <td style="font-weight: bold; text-align:right"></td> 
 <td style="font-weight: bold; text-align:right">3,959</td> 
 <td style="font-weight: bold; text-align:right">282</td> 
 <td style="font-weight: bold; text-align:right">10,732</td> 
 <td style="font-weight: bold; text-align:right">126,079</td> 
 <td style="font-weight: bold; text-align:right"><a href="/world-population/isle-of-man-population/">85,121</a> </td> 
 <td style="display:none" data-continent="Europe">Europe</td> 
 <td>253</td>
 <td>3,547</td>
 <td>8</td> 
</tr>
<tr style=""> 
 <td style="font-size:12px;color: grey;text-align:center;vertical-align:middle;">180</td> 
 <td style="font-weight: bold; font-size:15px; text-align:left;"><a class="mt_a" href="country/gibraltar/">Gibraltar</a></td> 
 <td style="font-weight: bold; text-align:right">323</td> 
 <td style="font-weight: bold; text-align:right;"></td> 
 <td style="font-weight: bold; text-align:right;"> </td> 
 <td style="font-weight: bold; 
                                    text-align:right;"></td> 
 <td style="font-weight: bold; text-align:right">289</td> 
 <td style="font-weight: bold; text-align:right;background-color:#c8e6c9; color:#000">+2</td> 
 <td style="text-align:right;font-weight:bold;">34</td> 
 <td style="font-weight: bold; text-align:right">1</td> 
 <td style="font-weight: bold; text-align:right">9,588</td> 
 <td style="font-weight: bold; text-align:right"></td> 
 <td style="font-weight: bold; text-align:right">38,748</td> 
 <td style="font-weight: bold; text-align:right">1,150,168</td> 
 <td style="font-weight: bold; text-align:right"><a href="/world-population/gibraltar-population/">33,689</a> </td> 
 <td style="display:none" data-continent="Europe">Europe</td> 
 <td>104</td>
 <td></td>
 <td>1</td> 
</tr>
<tr style=""> 
 <td style="font-size:12px;color: grey;text-align:center;vertical-align:middle;">181</td> 
 <td style="font-weight: bold; font-size:15px; text-align:left;"><a class="mt_a" href="country/mongolia/">Mongolia</a></td> 
 <td style="font-weight: bold; text-align:right">311</td> 
 <td style="font-weight: bold; text-align:right;background-color:#FFEEAA;">+1</td> 
 <td style="font-weight: bold; text-align:right;"> </td> 
 <td style="font-weight: bold; 
                                    text-align:right;"></td> 
 <td style="font-weight: bold; text-align:right">298</td> 
 <td style="font-weight: bold; text-align:right;"></td> 
 <td style="text-align:right;font-weight:bold;">13</td> 
 <td style="font-weight: bold; text-align:right">1</td> 
 <td style="font-weight: bold; text-align:right">95</td> 
 <td style="font-weight: bold; text-align:right"></td> 
 <td style="font-weight: bold; text-align:right">59,764</td> 
 <td style="font-weight: bold; text-align:right">18,174</td> 
 <td style="font-weight: bold; text-align:right"><a href="/world-population/mongolia-population/">3,288,397</a> </td> 
 <td style="display:none" data-continent="Asia">Asia</td> 
 <td>10,574</td>
 <td></td>
 <td>55</td> 
</tr>
<tr style="background-color:#EAF7D5"> 
 <td style="font-size:12px;color: grey;text-align:center;vertical-align:middle;">182</td> 
 <td style="font-weight: bold; font-size:15px; text-align:left;"><a class="mt_a" href="country/cambodia/">Cambodia</a></td> 
 <td style="font-weight: bold; text-align:right">274</td> 
 <td style="font-weight: bold; text-align:right;"></td> 
 <td style="font-weight: bold; text-align:right;"> </td> 
 <td style="font-weight: bold; 
                                    text-align:right;"></td> 
 <td style="font-weight: bold; text-align:right">274</td> 
 <td style="font-weight: bold; text-align:right;background-color:#c8e6c9; color:#000">+1</td> 
 <td style="text-align:right;font-weight:bold;">0</td> 
 <td style="font-weight: bold; text-align:right"></td> 
 <td style="font-weight: bold; text-align:right">16</td> 
 <td style="font-weight: bold; text-align:right"></td> 
 <td style="font-weight: bold; text-align:right">112,082</td> 
 <td style="font-weight: bold; text-align:right">6,686</td> 
 <td style="font-weight: bold; text-align:right"><a href="/world-population/cambodia-population/">16,763,507</a> </td> 
 <td style="display:none" data-continent="Asia">Asia</td> 
 <td>61,181</td>
 <td></td>
 <td>150</td> 
</tr>
<tr style=""> 
 <td style="font-size:12px;color: grey;text-align:center;vertical-align:middle;">183</td> 
 <td style="font-weight: bold; font-size:15px; text-align:left;"><a class="mt_a" href="country/saint-martin/">Saint Martin</a></td> 
 <td style="font-weight: bold; text-align:right">256</td> 
 <td style="font-weight: bold; text-align:right;"></td> 
 <td style="font-weight: bold; text-align:right;">6 </td> 
 <td style="font-weight: bold; 
                                    text-align:right;"></td> 
 <td style="font-weight: bold; text-align:right">107</td> 
 <td style="font-weight: bold; text-align:right;"></td> 
 <td style="text-align:right;font-weight:bold;">143</td> 
 <td style="font-weight: bold; text-align:right">11</td> 
 <td style="font-weight: bold; text-align:right">6,599</td> 
 <td style="font-weight: bold; text-align:right">155</td> 
 <td style="font-weight: bold; text-align:right">2,968</td> 
 <td style="font-weight: bold; text-align:right">76,511</td> 
 <td style="font-weight: bold; text-align:right"><a href="/world-population/saint-martin-population/">38,792</a> </td> 
 <td style="display:none" data-continent="North America">North America</td> 
 <td>152</td>
 <td>6,465</td>
 <td>13</td> 
</tr>
<tr style=""> 
 <td style="font-size:12px;color: grey;text-align:center;vertical-align:middle;">184</td> 
 <td style="font-weight: bold; font-size:15px; text-align:left;"><a class="mt_a" href="country/bhutan/">Bhutan</a></td> 
 <td style="font-weight: bold; text-align:right">238</td> 
 <td style="font-weight: bold; text-align:right;background-color:#FFEEAA;">+4</td> 
 <td style="font-weight: bold; text-align:right;"> </td> 
 <td style="font-weight: bold; 
                                    text-align:right;"></td> 
 <td style="font-weight: bold; text-align:right">155</td> 
 <td style="font-weight: bold; text-align:right;"></td> 
 <td style="text-align:right;font-weight:bold;">83</td> 
 <td style="font-weight: bold; text-align:right"></td> 
 <td style="font-weight: bold; text-align:right">308</td> 
 <td style="font-weight: bold; text-align:right"></td> 
 <td style="font-weight: bold; text-align:right">112,002</td> 
 <td style="font-weight: bold; text-align:right">144,845</td> 
 <td style="font-weight: bold; text-align:right"><a href="/world-population/bhutan-population/">773,255</a> </td> 
 <td style="display:none" data-continent="Asia">Asia</td> 
 <td>3,249</td>
 <td></td>
 <td>7</td> 
</tr>
<tr style=""> 
 <td style="font-size:12px;color: grey;text-align:center;vertical-align:middle;">185</td> 
 <td style="font-weight: bold; font-size:15px; text-align:left;"><a class="mt_a" href="country/cayman-islands/">Cayman Islands</a></td> 
 <td style="font-weight: bold; text-align:right">208</td> 
 <td style="font-weight: bold; text-align:right;"></td> 
 <td style="font-weight: bold; text-align:right;">1 </td> 
 <td style="font-weight: bold; 
                                    text-align:right;"></td> 
 <td style="font-weight: bold; text-align:right">204</td> 
 <td style="font-weight: bold; text-align:right;"></td> 
 <td style="text-align:right;font-weight:bold;">3</td> 
 <td style="font-weight: bold; text-align:right"></td> 
 <td style="font-weight: bold; text-align:right">3,158</td> 
 <td style="font-weight: bold; text-align:right">15</td> 
 <td style="font-weight: bold; text-align:right">36,483</td> 
 <td style="font-weight: bold; text-align:right">553,855</td> 
 <td style="font-weight: bold; text-align:right"><a href="/world-population/cayman-islands-population/">65,871</a> </td> 
 <td style="display:none" data-continent="North America">North America</td> 
 <td>317</td>
 <td>65,871</td>
 <td>2</td> 
</tr>
<tr style=""> 
 <td style="font-size:12px;color: grey;text-align:center;vertical-align:middle;">186</td> 
 <td style="font-weight: bold; font-size:15px; text-align:left;"><a class="mt_a" href="country/barbados/">Barbados</a></td> 
 <td style="font-weight: bold; text-align:right">180</td> 
 <td style="font-weight: bold; text-align:right;"></td> 
 <td style="font-weight: bold; text-align:right;">7 </td> 
 <td style="font-weight: bold; 
                                    text-align:right;"></td> 
 <td style="font-weight: bold; text-align:right">157</td> 
 <td style="font-weight: bold; text-align:right;"></td> 
 <td style="text-align:right;font-weight:bold;">16</td> 
 <td style="font-weight: bold; text-align:right"></td> 
 <td style="font-weight: bold; text-align:right">626</td> 
 <td style="font-weight: bold; text-align:right">24</td> 
 <td style="font-weight: bold; text-align:right">19,140</td> 
 <td style="font-weight: bold; text-align:right">66,587</td> 
 <td style="font-weight: bold; text-align:right"><a href="/world-population/barbados-population/">287,445</a> </td> 
 <td style="display:none" data-continent="North America">North America</td> 
 <td>1,597</td>
 <td>41,064</td>
 <td>15</td> 
</tr>
<tr style=""> 
 <td style="font-size:12px;color: grey;text-align:center;vertical-align:middle;">187</td> 
 <td style="font-weight: bold; font-size:15px; text-align:left;"><a class="mt_a" href="country/bermuda/">Bermuda</a></td> 
 <td style="font-weight: bold; text-align:right">177</td> 
 <td style="font-weight: bold; text-align:right;"></td> 
 <td style="font-weight: bold; text-align:right;">9 </td> 
 <td style="font-weight: bold; 
                                    text-align:right;"></td> 
 <td style="font-weight: bold; text-align:right">160</td> 
 <td style="font-weight: bold; text-align:right;"></td> 
 <td style="text-align:right;font-weight:bold;">8</td> 
 <td style="font-weight: bold; text-align:right"></td> 
 <td style="font-weight: bold; text-align:right">2,844</td> 
 <td style="font-weight: bold; text-align:right">145</td> 
 <td style="font-weight: bold; text-align:right">53,057</td> 
 <td style="font-weight: bold; text-align:right">852,568</td> 
 <td style="font-weight: bold; text-align:right"><a href="/world-population/bermuda-population/">62,232</a> </td> 
 <td style="display:none" data-continent="North America">North America</td> 
 <td>352</td>
 <td>6,915</td>
 <td>1</td> 
</tr>
<tr style=""> 
 <td style="font-size:12px;color: grey;text-align:center;vertical-align:middle;">188</td> 
 <td style="font-weight: bold; font-size:15px; text-align:left;"><a class="mt_a" href="country/monaco/">Monaco</a></td> 
 <td style="font-weight: bold; text-align:right">165</td> 
 <td style="font-weight: bold; text-align:right;"></td> 
 <td style="font-weight: bold; text-align:right;">1 </td> 
 <td style="font-weight: bold; 
                                    text-align:right;"></td> 
 <td style="font-weight: bold; text-align:right">107</td> 
 <td style="font-weight: bold; text-align:right;"></td> 
 <td style="text-align:right;font-weight:bold;">57</td> 
 <td style="font-weight: bold; text-align:right">1</td> 
 <td style="font-weight: bold; text-align:right">4,199</td> 
 <td style="font-weight: bold; text-align:right">25</td> 
 <td style="font-weight: bold; text-align:right">51,953</td> 
 <td style="font-weight: bold; text-align:right">1,322,094</td> 
 <td style="font-weight: bold; text-align:right"><a href="/world-population/monaco-population/">39,296</a> </td> 
 <td style="display:none" data-continent="Europe">Europe</td> 
 <td>238</td>
 <td>39,296</td>
 <td>1</td> 
</tr>
<tr style=""> 
 <td style="font-size:12px;color: grey;text-align:center;vertical-align:middle;">189</td> 
 <td style="font-weight: bold; font-size:15px; text-align:left;"><a class="mt_a" href="country/brunei-darussalam/">Brunei </a></td> 
 <td style="font-weight: bold; text-align:right">145</td> 
 <td style="font-weight: bold; text-align:right;"></td> 
 <td style="font-weight: bold; text-align:right;">3 </td> 
 <td style="font-weight: bold; 
                                    text-align:right;"></td> 
 <td style="font-weight: bold; text-align:right">139</td> 
 <td style="font-weight: bold; text-align:right;"></td> 
 <td style="text-align:right;font-weight:bold;">3</td> 
 <td style="font-weight: bold; text-align:right"></td> 
 <td style="font-weight: bold; text-align:right">331</td> 
 <td style="font-weight: bold; text-align:right">7</td> 
 <td style="font-weight: bold; text-align:right">53,867</td> 
 <td style="font-weight: bold; text-align:right">122,902</td> 
 <td style="font-weight: bold; text-align:right"><a href="/world-population/brunei-darussalam-population/">438,294</a> </td> 
 <td style="display:none" data-continent="Asia">Asia</td> 
 <td>3,023</td>
 <td>146,098</td>
 <td>8</td> 
</tr>
<tr style=""> 
 <td style="font-size:12px;color: grey;text-align:center;vertical-align:middle;">190</td> 
 <td style="font-weight: bold; font-size:15px; text-align:left;"><a class="mt_a" href="country/seychelles/">Seychelles</a></td> 
 <td style="font-weight: bold; text-align:right">138</td> 
 <td style="font-weight: bold; text-align:right;background-color:#FFEEAA;">+1</td> 
 <td style="font-weight: bold; text-align:right;"> </td> 
 <td style="font-weight: bold; 
                                    text-align:right;"></td> 
 <td style="font-weight: bold; text-align:right">136</td> 
 <td style="font-weight: bold; text-align:right;background-color:#c8e6c9; color:#000">+9</td> 
 <td style="text-align:right;font-weight:bold;">2</td> 
 <td style="font-weight: bold; text-align:right"></td> 
 <td style="font-weight: bold; text-align:right">1,401</td> 
 <td style="font-weight: bold; text-align:right"></td> 
 <td style="font-weight: bold; text-align:right">5,200</td> 
 <td style="font-weight: bold; text-align:right">52,810</td> 
 <td style="font-weight: bold; text-align:right"><a href="/world-population/seychelles-population/">98,466</a> </td> 
 <td style="display:none" data-continent="Africa">Africa</td> 
 <td>714</td>
 <td></td>
 <td>19</td> 
</tr>
<tr style=""> 
 <td style="font-size:12px;color: grey;text-align:center;vertical-align:middle;">191</td> 
 <td style="font-weight: bold; font-size:15px; text-align:left;"><a class="mt_a" href="country/curacao/">Curaçao</a></td> 
 <td style="font-weight: bold; text-align:right">135</td> 
 <td style="font-weight: bold; text-align:right;background-color:#FFEEAA;">+4</td> 
 <td style="font-weight: bold; text-align:right;">1 </td> 
 <td style="font-weight: bold; 
                                    text-align:right;"></td> 
 <td style="font-weight: bold; text-align:right">55</td> 
 <td style="font-weight: bold; text-align:right;"></td> 
 <td style="text-align:right;font-weight:bold;">79</td> 
 <td style="font-weight: bold; text-align:right">1</td> 
 <td style="font-weight: bold; text-align:right">822</td> 
 <td style="font-weight: bold; text-align:right">6</td> 
 <td style="font-weight: bold; text-align:right">1,080</td> 
 <td style="font-weight: bold; text-align:right">6,576</td> 
 <td style="font-weight: bold; text-align:right"><a href="/world-population/curacao-population/">164,225</a> </td> 
 <td style="display:none" data-continent="North America">North America</td> 
 <td>1,216</td>
 <td>164,225</td>
 <td>152</td> 
</tr>
<tr style=""> 
 <td style="font-size:12px;color: grey;text-align:center;vertical-align:middle;">192</td> 
 <td style="font-weight: bold; font-size:15px; text-align:left;"><a class="mt_a" href="country/liechtenstein/">Liechtenstein</a></td> 
 <td style="font-weight: bold; text-align:right">109</td> 
 <td style="font-weight: bold; text-align:right;"></td> 
 <td style="font-weight: bold; text-align:right;">1 </td> 
 <td style="font-weight: bold; 
                                    text-align:right;"></td> 
 <td style="font-weight: bold; text-align:right">105</td> 
 <td style="font-weight: bold; text-align:right;"></td> 
 <td style="text-align:right;font-weight:bold;">3</td> 
 <td style="font-weight: bold; text-align:right"></td> 
 <td style="font-weight: bold; text-align:right">2,857</td> 
 <td style="font-weight: bold; text-align:right">26</td> 
 <td style="font-weight: bold; text-align:right">900</td> 
 <td style="font-weight: bold; text-align:right">23,591</td> 
 <td style="font-weight: bold; text-align:right"><a href="/world-population/liechtenstein-population/">38,150</a> </td> 
 <td style="display:none" data-continent="Europe">Europe</td> 
 <td>350</td>
 <td>38,150</td>
 <td>42</td> 
</tr>
<tr style=""> 
 <td style="font-size:12px;color: grey;text-align:center;vertical-align:middle;">193</td> 
 <td style="font-weight: bold; font-size:15px; text-align:left;"><a class="mt_a" href="country/antigua-and-barbuda/">Antigua and Barbuda</a></td> 
 <td style="font-weight: bold; text-align:right">95</td> 
 <td style="font-weight: bold; text-align:right;"></td> 
 <td style="font-weight: bold; text-align:right;">3 </td> 
 <td style="font-weight: bold; 
                                    text-align:right;"></td> 
 <td style="font-weight: bold; text-align:right">91</td> 
 <td style="font-weight: bold; text-align:right;"></td> 
 <td style="text-align:right;font-weight:bold;">1</td> 
 <td style="font-weight: bold; text-align:right">1</td> 
 <td style="font-weight: bold; text-align:right">969</td> 
 <td style="font-weight: bold; text-align:right">31</td> 
 <td style="font-weight: bold; text-align:right">2,122</td> 
 <td style="font-weight: bold; text-align:right">21,634</td> 
 <td style="font-weight: bold; text-align:right"><a href="/world-population/antigua-and-barbuda-population/">98,087</a> </td> 
 <td style="display:none" data-continent="North America">North America</td> 
 <td>1,032</td>
 <td>32,696</td>
 <td>46</td> 
</tr>
<tr style=""> 
 <td style="font-size:12px;color: grey;text-align:center;vertical-align:middle;">194</td> 
 <td style="font-weight: bold; font-size:15px; text-align:left;"><a class="mt_a" href="country/british-virgin-islands/">British Virgin Islands</a></td> 
 <td style="font-weight: bold; text-align:right">63</td> 
 <td style="font-weight: bold; text-align:right;"></td> 
 <td style="font-weight: bold; text-align:right;">1 </td> 
 <td style="font-weight: bold; 
                                    text-align:right;"></td> 
 <td style="font-weight: bold; text-align:right">10</td> 
 <td style="font-weight: bold; text-align:right;"></td> 
 <td style="text-align:right;font-weight:bold;">52</td> 
 <td style="font-weight: bold; text-align:right">2</td> 
 <td style="font-weight: bold; text-align:right">2,081</td> 
 <td style="font-weight: bold; text-align:right">33</td> 
 <td style="font-weight: bold; text-align:right">3,824</td> 
 <td style="font-weight: bold; text-align:right">126,330</td> 
 <td style="font-weight: bold; text-align:right"><a href="/world-population/british-virgin-islands-population/">30,270</a> </td> 
 <td style="display:none" data-continent="North America">North America</td> 
 <td>480</td>
 <td>30,270</td>
 <td>8</td> 
</tr>
<tr style=""> 
 <td style="font-size:12px;color: grey;text-align:center;vertical-align:middle;">195</td> 
 <td style="font-weight: bold; font-size:15px; text-align:left;"><a class="mt_a" href="country/saint-vincent-and-the-grenadines/">St. Vincent Grenadines</a></td> 
 <td style="font-weight: bold; text-align:right">62</td> 
 <td style="font-weight: bold; text-align:right;"></td> 
 <td style="font-weight: bold; text-align:right;"> </td> 
 <td style="font-weight: bold; 
                                    text-align:right;"></td> 
 <td style="font-weight: bold; text-align:right">58</td> 
 <td style="font-weight: bold; text-align:right;"></td> 
 <td style="text-align:right;font-weight:bold;">4</td> 
 <td style="font-weight: bold; text-align:right"></td> 
 <td style="font-weight: bold; text-align:right">559</td> 
 <td style="font-weight: bold; text-align:right"></td> 
 <td style="font-weight: bold; text-align:right">4,171</td> 
 <td style="font-weight: bold; text-align:right">37,573</td> 
 <td style="font-weight: bold; text-align:right"><a href="/world-population/saint-vincent-and-the-grenadines-population/">111,010</a> </td> 
 <td style="display:none" data-continent="North America">North America</td> 
 <td>1,790</td>
 <td></td>
 <td>27</td> 
</tr>
<tr style="background-color:#EAF7D5"> 
 <td style="font-size:12px;color: grey;text-align:center;vertical-align:middle;">196</td> 
 <td style="font-weight: bold; font-size:15px; text-align:left;"><a class="mt_a" href="country/china-macao-sar/">Macao</a></td> 
 <td style="font-weight: bold; text-align:right">46</td> 
 <td style="font-weight: bold; text-align:right;"></td> 
 <td style="font-weight: bold; text-align:right;"> </td> 
 <td style="font-weight: bold; 
                                    text-align:right;"></td> 
 <td style="font-weight: bold; text-align:right">46</td> 
 <td style="font-weight: bold; text-align:right;"></td> 
 <td style="text-align:right;font-weight:bold;">0</td> 
 <td style="font-weight: bold; text-align:right"></td> 
 <td style="font-weight: bold; text-align:right">71</td> 
 <td style="font-weight: bold; text-align:right"></td> 
 <td style="font-weight: bold; text-align:right">4,238</td> 
 <td style="font-weight: bold; text-align:right">6,510</td> 
 <td style="font-weight: bold; text-align:right"><a href="/world-population/china-macao-sar-population/">651,040</a> </td> 
 <td style="display:none" data-continent="Asia">Asia</td> 
 <td>14,153</td>
 <td></td>
 <td>154</td> 
</tr>
<tr style=""> 
 <td style="font-size:12px;color: grey;text-align:center;vertical-align:middle;">197</td> 
 <td style="font-weight: bold; font-size:15px; text-align:left;"><a class="mt_a" href="country/fiji/">Fiji</a></td> 
 <td style="font-weight: bold; text-align:right">32</td> 
 <td style="font-weight: bold; text-align:right;"></td> 
 <td style="font-weight: bold; text-align:right;">2 </td> 
 <td style="font-weight: bold; 
                                    text-align:right;"></td> 
 <td style="font-weight: bold; text-align:right">24</td> 
 <td style="font-weight: bold; text-align:right;"></td> 
 <td style="text-align:right;font-weight:bold;">6</td> 
 <td style="font-weight: bold; text-align:right">1</td> 
 <td style="font-weight: bold; text-align:right">36</td> 
 <td style="font-weight: bold; text-align:right">2</td> 
 <td style="font-weight: bold; text-align:right">9,076</td> 
 <td style="font-weight: bold; text-align:right">10,110</td> 
 <td style="font-weight: bold; text-align:right"><a href="/world-population/fiji-population/">897,715</a> </td> 
 <td style="display:none" data-continent="Australia/Oceania">Australia/Oceania</td> 
 <td>28,054</td>
 <td>448,858</td>
 <td>99</td> 
</tr>
<tr style=""> 
 <td style="font-size:12px;color: grey;text-align:center;vertical-align:middle;">198</td> 
 <td style="font-weight: bold; font-size:15px; text-align:left;"><a class="mt_a" href="country/saint-lucia/">Saint Lucia</a></td> 
 <td style="font-weight: bold; text-align:right">27</td> 
 <td style="font-weight: bold; text-align:right;"></td> 
 <td style="font-weight: bold; text-align:right;"> </td> 
 <td style="font-weight: bold; 
                                    text-align:right;"></td> 
 <td style="font-weight: bold; text-align:right">26</td> 
 <td style="font-weight: bold; text-align:right;"></td> 
 <td style="text-align:right;font-weight:bold;">1</td> 
 <td style="font-weight: bold; text-align:right"></td> 
 <td style="font-weight: bold; text-align:right">147</td> 
 <td style="font-weight: bold; text-align:right"></td> 
 <td style="font-weight: bold; text-align:right">7,107</td> 
 <td style="font-weight: bold; text-align:right">38,669</td> 
 <td style="font-weight: bold; text-align:right"><a href="/world-population/saint-lucia-population/">183,792</a> </td> 
 <td style="display:none" data-continent="North America">North America</td> 
 <td>6,807</td>
 <td></td>
 <td>26</td> 
</tr>
<tr style=""> 
 <td style="font-size:12px;color: grey;text-align:center;vertical-align:middle;">199</td> 
 <td style="font-weight: bold; font-size:15px; text-align:left;"><a class="mt_a" href="country/timor-leste/">Timor-Leste</a></td> 
 <td style="font-weight: bold; text-align:right">27</td> 
 <td style="font-weight: bold; text-align:right;"></td> 
 <td style="font-weight: bold; text-align:right;"> </td> 
 <td style="font-weight: bold; 
                                    text-align:right;"></td> 
 <td style="font-weight: bold; text-align:right">25</td> 
 <td style="font-weight: bold; text-align:right;"></td> 
 <td style="text-align:right;font-weight:bold;">2</td> 
 <td style="font-weight: bold; text-align:right"></td> 
 <td style="font-weight: bold; text-align:right">20</td> 
 <td style="font-weight: bold; text-align:right"></td> 
 <td style="font-weight: bold; text-align:right">5,146</td> 
 <td style="font-weight: bold; text-align:right">3,889</td> 
 <td style="font-weight: bold; text-align:right"><a href="/world-population/timor-leste-population/">1,323,217</a> </td> 
 <td style="display:none" data-continent="Asia">Asia</td> 
 <td>49,008</td>
 <td></td>
 <td>257</td> 
</tr>
<tr style=""> 
 <td style="font-size:12px;color: grey;text-align:center;vertical-align:middle;">200</td> 
 <td style="font-weight: bold; font-size:15px; text-align:left;"><a class="mt_a" href="country/new-caledonia/">New Caledonia</a></td> 
 <td style="font-weight: bold; text-align:right">26</td> 
 <td style="font-weight: bold; text-align:right;"></td> 
 <td style="font-weight: bold; text-align:right;"> </td> 
 <td style="font-weight: bold; 
                                    text-align:right;"></td> 
 <td style="font-weight: bold; text-align:right">25</td> 
 <td style="font-weight: bold; text-align:right;"></td> 
 <td style="text-align:right;font-weight:bold;">1</td> 
 <td style="font-weight: bold; text-align:right"></td> 
 <td style="font-weight: bold; text-align:right">91</td> 
 <td style="font-weight: bold; text-align:right"></td> 
 <td style="font-weight: bold; text-align:right">13,262</td> 
 <td style="font-weight: bold; text-align:right">46,365</td> 
 <td style="font-weight: bold; text-align:right"><a href="/world-population/new-caledonia-population/">286,032</a> </td> 
 <td style="display:none" data-continent="Australia/Oceania">Australia/Oceania</td> 
 <td>11,001</td>
 <td></td>
 <td>22</td> 
</tr>
<tr style=""> 
 <td style="font-size:12px;color: grey;text-align:center;vertical-align:middle;">201</td> 
 <td style="font-weight: bold; font-size:15px; text-align:left;"><a class="mt_a" href="country/caribbean-netherlands/">Caribbean Netherlands</a></td> 
 <td style="font-weight: bold; text-align:right">25</td> 
 <td style="font-weight: bold; text-align:right;"></td> 
 <td style="font-weight: bold; text-align:right;"> </td> 
 <td style="font-weight: bold; 
                                    text-align:right;"></td> 
 <td style="font-weight: bold; text-align:right">7</td> 
 <td style="font-weight: bold; text-align:right;"></td> 
 <td style="text-align:right;font-weight:bold;">18</td> 
 <td style="font-weight: bold; text-align:right"></td> 
 <td style="font-weight: bold; text-align:right">952</td> 
 <td style="font-weight: bold; text-align:right"></td> 
 <td style="font-weight: bold; text-align:right">900</td> 
 <td style="font-weight: bold; text-align:right">34,260</td> 
 <td style="font-weight: bold; text-align:right"><a href="/world-population/caribbean-netherlands-population/">26,270</a> </td> 
 <td style="display:none" data-continent="North America">North America</td> 
 <td>1,051</td>
 <td></td>
 <td>29</td> 
</tr>
<tr style=""> 
 <td style="font-size:12px;color: grey;text-align:center;vertical-align:middle;">202</td> 
 <td style="font-weight: bold; font-size:15px; text-align:left;"><a class="mt_a" href="country/dominica/">Dominica</a></td> 
 <td style="font-weight: bold; text-align:right">24</td> 
 <td style="font-weight: bold; text-align:right;"></td> 
 <td style="font-weight: bold; text-align:right;"> </td> 
 <td style="font-weight: bold; 
                                    text-align:right;"></td> 
 <td style="font-weight: bold; text-align:right">18</td> 
 <td style="font-weight: bold; text-align:right;"></td> 
 <td style="text-align:right;font-weight:bold;">6</td> 
 <td style="font-weight: bold; text-align:right"></td> 
 <td style="font-weight: bold; text-align:right">333</td> 
 <td style="font-weight: bold; text-align:right"></td> 
 <td style="font-weight: bold; text-align:right">2,077</td> 
 <td style="font-weight: bold; text-align:right">28,839</td> 
 <td style="font-weight: bold; text-align:right"><a href="/world-population/dominica-population/">72,021</a> </td> 
 <td style="display:none" data-continent="North America">North America</td> 
 <td>3,001</td>
 <td></td>
 <td>35</td> 
</tr>
<tr style="background-color:#EAF7D5"> 
 <td style="font-size:12px;color: grey;text-align:center;vertical-align:middle;">203</td> 
 <td style="font-weight: bold; font-size:15px; text-align:left;"><a class="mt_a" href="country/grenada/">Grenada</a></td> 
 <td style="font-weight: bold; text-align:right">24</td> 
 <td style="font-weight: bold; text-align:right;"></td> 
 <td style="font-weight: bold; text-align:right;"> </td> 
 <td style="font-weight: bold; 
                                    text-align:right;"></td> 
 <td style="font-weight: bold; text-align:right">24</td> 
 <td style="font-weight: bold; text-align:right;"></td> 
 <td style="text-align:right;font-weight:bold;">0</td> 
 <td style="font-weight: bold; text-align:right"></td> 
 <td style="font-weight: bold; text-align:right">213</td> 
 <td style="font-weight: bold; text-align:right"></td> 
 <td style="font-weight: bold; text-align:right">6,252</td> 
 <td style="font-weight: bold; text-align:right">55,511</td> 
 <td style="font-weight: bold; text-align:right"><a href="/world-population/grenada-population/">112,626</a> </td> 
 <td style="display:none" data-continent="North America">North America</td> 
 <td>4,693</td>
 <td></td>
 <td>18</td> 
</tr>
<tr style=""> 
 <td style="font-size:12px;color: grey;text-align:center;vertical-align:middle;">204</td> 
 <td style="font-weight: bold; font-size:15px; text-align:left;"><a class="mt_a" href="country/laos/">Laos</a></td> 
 <td style="font-weight: bold; text-align:right">23</td> 
 <td style="font-weight: bold; text-align:right;background-color:#FFEEAA;">+1</td> 
 <td style="font-weight: bold; text-align:right;"> </td> 
 <td style="font-weight: bold; 
                                    text-align:right;"></td> 
 <td style="font-weight: bold; text-align:right">21</td> 
 <td style="font-weight: bold; text-align:right;"></td> 
 <td style="text-align:right;font-weight:bold;">2</td> 
 <td style="font-weight: bold; text-align:right"></td> 
 <td style="font-weight: bold; text-align:right">3</td> 
 <td style="font-weight: bold; text-align:right"></td> 
 <td style="font-weight: bold; text-align:right">43,597</td> 
 <td style="font-weight: bold; text-align:right">5,976</td> 
 <td style="font-weight: bold; text-align:right"><a href="/world-population/laos-population/">7,295,851</a> </td> 
 <td style="display:none" data-continent="Asia">Asia</td> 
 <td>317,211</td>
 <td></td>
 <td>167</td> 
</tr>
<tr style=""> 
 <td style="font-size:12px;color: grey;text-align:center;vertical-align:middle;">205</td> 
 <td style="font-weight: bold; font-size:15px; text-align:left;"><a class="mt_a" href="country/saint-barthelemy/">St. Barth</a></td> 
 <td style="font-weight: bold; text-align:right">21</td> 
 <td style="font-weight: bold; text-align:right;"></td> 
 <td style="font-weight: bold; text-align:right;"> </td> 
 <td style="font-weight: bold; 
                                    text-align:right;"></td> 
 <td style="font-weight: bold; text-align:right">13</td> 
 <td style="font-weight: bold; text-align:right;"></td> 
 <td style="text-align:right;font-weight:bold;">8</td> 
 <td style="font-weight: bold; text-align:right"></td> 
 <td style="font-weight: bold; text-align:right">2,125</td> 
 <td style="font-weight: bold; text-align:right"></td> 
 <td style="font-weight: bold; text-align:right">2,075</td> 
 <td style="font-weight: bold; text-align:right">209,956</td> 
 <td style="font-weight: bold; text-align:right"><a href="/world-population/saint-barthelemy-population/">9,883</a> </td> 
 <td style="display:none" data-continent="North America">North America</td> 
 <td>471</td>
 <td></td>
 <td>5</td> 
</tr>
<tr style="background-color:#EAF7D5"> 
 <td style="font-size:12px;color: grey;text-align:center;vertical-align:middle;">206</td> 
 <td style="font-weight: bold; font-size:15px; text-align:left;"><a class="mt_a" href="country/saint-kitts-and-nevis/">Saint Kitts and Nevis</a></td> 
 <td style="font-weight: bold; text-align:right">17</td> 
 <td style="font-weight: bold; text-align:right;"></td> 
 <td style="font-weight: bold; text-align:right;"> </td> 
 <td style="font-weight: bold; 
                                    text-align:right;"></td> 
 <td style="font-weight: bold; text-align:right">17</td> 
 <td style="font-weight: bold; text-align:right;"></td> 
 <td style="text-align:right;font-weight:bold;">0</td> 
 <td style="font-weight: bold; text-align:right"></td> 
 <td style="font-weight: bold; text-align:right">319</td> 
 <td style="font-weight: bold; text-align:right"></td> 
 <td style="font-weight: bold; text-align:right">1,897</td> 
 <td style="font-weight: bold; text-align:right">35,609</td> 
 <td style="font-weight: bold; text-align:right"><a href="/world-population/saint-kitts-and-nevis-population/">53,273</a> </td> 
 <td style="display:none" data-continent="North America">North America</td> 
 <td>3,134</td>
 <td></td>
 <td>28</td> 
</tr>
<tr style="background-color:#EAF7D5"> 
 <td style="font-size:12px;color: grey;text-align:center;vertical-align:middle;">207</td> 
 <td style="font-weight: bold; font-size:15px; text-align:left;"><a class="mt_a" href="country/greenland/">Greenland</a></td> 
 <td style="font-weight: bold; text-align:right">14</td> 
 <td style="font-weight: bold; text-align:right;"></td> 
 <td style="font-weight: bold; text-align:right;"> </td> 
 <td style="font-weight: bold; 
                                    text-align:right;"></td> 
 <td style="font-weight: bold; text-align:right">14</td> 
 <td style="font-weight: bold; text-align:right;"></td> 
 <td style="text-align:right;font-weight:bold;">0</td> 
 <td style="font-weight: bold; text-align:right"></td> 
 <td style="font-weight: bold; text-align:right">247</td> 
 <td style="font-weight: bold; text-align:right"></td> 
 <td style="font-weight: bold; text-align:right">7,223</td> 
 <td style="font-weight: bold; text-align:right">127,190</td> 
 <td style="font-weight: bold; text-align:right"><a href="/world-population/greenland-population/">56,789</a> </td> 
 <td style="display:none" data-continent="North America">North America</td> 
 <td>4,056</td>
 <td></td>
 <td>8</td> 
</tr>
<tr style=""> 
 <td style="font-size:12px;color: grey;text-align:center;vertical-align:middle;">208</td> 
 <td style="font-weight: bold; font-size:15px; text-align:left;"><a class="mt_a" href="country/montserrat/">Montserrat</a></td> 
 <td style="font-weight: bold; text-align:right">13</td> 
 <td style="font-weight: bold; text-align:right;"></td> 
 <td style="font-weight: bold; text-align:right;">1 </td> 
 <td style="font-weight: bold; 
                                    text-align:right;"></td> 
 <td style="font-weight: bold; text-align:right">11</td> 
 <td style="font-weight: bold; text-align:right;"></td> 
 <td style="text-align:right;font-weight:bold;">1</td> 
 <td style="font-weight: bold; text-align:right"></td> 
 <td style="font-weight: bold; text-align:right">2,604</td> 
 <td style="font-weight: bold; text-align:right">200</td> 
 <td style="font-weight: bold; text-align:right">373</td> 
 <td style="font-weight: bold; text-align:right">74,705</td> 
 <td style="font-weight: bold; text-align:right"><a href="/world-population/montserrat-population/">4,993</a> </td> 
 <td style="display:none" data-continent="North America">North America</td> 
 <td>384</td>
 <td>4,993</td>
 <td>13</td> 
</tr>
<tr style="background-color:#EAF7D5"> 
 <td style="font-size:12px;color: grey;text-align:center;vertical-align:middle;">209</td> 
 <td style="font-weight: bold; font-size:15px; text-align:left;"><a class="mt_a" href="country/falkland-islands-malvinas/">Falkland Islands</a></td> 
 <td style="font-weight: bold; text-align:right">13</td> 
 <td style="font-weight: bold; text-align:right;"></td> 
 <td style="font-weight: bold; text-align:right;"> </td> 
 <td style="font-weight: bold; 
                                    text-align:right;"></td> 
 <td style="font-weight: bold; text-align:right">13</td> 
 <td style="font-weight: bold; text-align:right;"></td> 
 <td style="text-align:right;font-weight:bold;">0</td> 
 <td style="font-weight: bold; text-align:right"></td> 
 <td style="font-weight: bold; text-align:right">3,715</td> 
 <td style="font-weight: bold; text-align:right"></td> 
 <td style="font-weight: bold; text-align:right">2,261</td> 
 <td style="font-weight: bold; text-align:right">646,185</td> 
 <td style="font-weight: bold; text-align:right"><a href="/world-population/falkland-islands-malvinas-population/">3,499</a> </td> 
 <td style="display:none" data-continent="South America">South America</td> 
 <td>269</td>
 <td></td>
 <td>2</td> 
</tr>
<tr style="background-color:#EAF7D5"> 
 <td style="font-size:12px;color: grey;text-align:center;vertical-align:middle;">210</td> 
 <td style="font-weight: bold; font-size:15px; text-align:left;"><a class="mt_a" href="country/holy-see/">Vatican City</a></td> 
 <td style="font-weight: bold; text-align:right">12</td> 
 <td style="font-weight: bold; text-align:right;"></td> 
 <td style="font-weight: bold; text-align:right;"> </td> 
 <td style="font-weight: bold; 
                                    text-align:right;"></td> 
 <td style="font-weight: bold; text-align:right">12</td> 
 <td style="font-weight: bold; text-align:right;"></td> 
 <td style="text-align:right;font-weight:bold;">0</td> 
 <td style="font-weight: bold; text-align:right"></td> 
 <td style="font-weight: bold; text-align:right">14,981</td> 
 <td style="font-weight: bold; text-align:right"></td> 
 <td style="font-weight: bold; text-align:right"></td> 
 <td style="font-weight: bold; text-align:right"></td> 
 <td style="font-weight: bold; text-align:right"><a href="/world-population/holy-see-population/">801</a> </td> 
 <td style="display:none" data-continent="Europe">Europe</td> 
 <td>67</td>
 <td></td>
 <td></td> 
</tr>
<tr style=""> 
 <td style="font-size:12px;color: grey;text-align:center;vertical-align:middle;">211</td> 
 <td style="font-weight: bold; font-size:15px; text-align:left;"><a class="mt_a" href="country/western-sahara/">Western Sahara</a></td> 
 <td style="font-weight: bold; text-align:right">10</td> 
 <td style="font-weight: bold; text-align:right;"></td> 
 <td style="font-weight: bold; text-align:right;">1 </td> 
 <td style="font-weight: bold; 
                                    text-align:right;"></td> 
 <td style="font-weight: bold; text-align:right">8</td> 
 <td style="font-weight: bold; text-align:right;"></td> 
 <td style="text-align:right;font-weight:bold;">1</td> 
 <td style="font-weight: bold; text-align:right"></td> 
 <td style="font-weight: bold; text-align:right">17</td> 
 <td style="font-weight: bold; text-align:right">2</td> 
 <td style="font-weight: bold; text-align:right"></td> 
 <td style="font-weight: bold; text-align:right"></td> 
 <td style="font-weight: bold; text-align:right"><a href="/world-population/western-sahara-population/">600,091</a> </td> 
 <td style="display:none" data-continent="Africa">Africa</td> 
 <td>60,009</td>
 <td>600,091</td>
 <td></td> 
</tr>
<tr style=""> 
 <td style="font-size:12px;color: grey;text-align:center;vertical-align:middle;">212</td> 
 <td style="font-weight: bold; font-size:15px; text-align:left;"><a class="mt_a" href="country/saint-pierre-and-miquelon/">Saint Pierre Miquelon</a></td> 
 <td style="font-weight: bold; text-align:right">10</td> 
 <td style="font-weight: bold; text-align:right;"></td> 
 <td style="font-weight: bold; text-align:right;"> </td> 
 <td style="font-weight: bold; 
                                    text-align:right;"></td> 
 <td style="font-weight: bold; text-align:right">5</td> 
 <td style="font-weight: bold; text-align:right;"></td> 
 <td style="text-align:right;font-weight:bold;">5</td> 
 <td style="font-weight: bold; text-align:right"></td> 
 <td style="font-weight: bold; text-align:right">1,728</td> 
 <td style="font-weight: bold; text-align:right"></td> 
 <td style="font-weight: bold; text-align:right">1,051</td> 
 <td style="font-weight: bold; text-align:right">181,583</td> 
 <td style="font-weight: bold; text-align:right"><a href="/world-population/saint-pierre-and-miquelon-population/">5,788</a> </td> 
 <td style="display:none" data-continent="North America">North America</td> 
 <td>579</td>
 <td></td>
 <td>6</td> 
</tr>
<tr style=""> 
 <td style="font-size:12px;color: grey;text-align:center;vertical-align:middle;">213</td> 
 <td style="font-weight: bold; font-size:15px; text-align:left;"><span style="color:#00B5F0; font-style:italic; ">MS Zaandam</span></td> 
 <td style="font-weight: bold; text-align:right">9</td> 
 <td style="font-weight: bold; text-align:right;"></td> 
 <td style="font-weight: bold; text-align:right;">2 </td> 
 <td style="font-weight: bold; 
                                    text-align:right;"></td> 
 <td style="font-weight: bold; text-align:right"></td> 
 <td style="font-weight: bold; text-align:right;"></td> 
 <td style="text-align:right;font-weight:bold;">7</td> 
 <td style="font-weight: bold; text-align:right"></td> 
 <td style="font-weight: bold; text-align:right"></td> 
 <td style="font-weight: bold; text-align:right"></td> 
 <td style="font-weight: bold; text-align:right"></td> 
 <td style="font-weight: bold; text-align:right"></td> 
 <td style="font-weight: bold; text-align:right"> </td> 
 <td style="display:none" data-continent=""></td> 
 <td></td>
 <td></td>
 <td></td> 
</tr>
<tr style="background-color:#EAF7D5"> 
 <td style="font-size:12px;color: grey;text-align:center;vertical-align:middle;">214</td> 
 <td style="font-weight: bold; font-size:15px; text-align:left;"><a class="mt_a" href="country/anguilla/">Anguilla</a></td> 
 <td style="font-weight: bold; text-align:right">3</td> 
 <td style="font-weight: bold; text-align:right;"></td> 
 <td style="font-weight: bold; text-align:right;"> </td> 
 <td style="font-weight: bold; 
                                    text-align:right;"></td> 
 <td style="font-weight: bold; text-align:right">3</td> 
 <td style="font-weight: bold; text-align:right;"></td> 
 <td style="text-align:right;font-weight:bold;">0</td> 
 <td style="font-weight: bold; text-align:right"></td> 
 <td style="font-weight: bold; text-align:right">200</td> 
 <td style="font-weight: bold; text-align:right"></td> 
 <td style="font-weight: bold; text-align:right">928</td> 
 <td style="font-weight: bold; text-align:right">61,747</td> 
 <td style="font-weight: bold; text-align:right"><a href="/world-population/anguilla-population/">15,029</a> </td> 
 <td style="display:none" data-continent="North America">North America</td> 
 <td>5,010</td>
 <td></td>
 <td>16</td> 
</tr>
<tr style=""> 
 <td style="font-size:12px;color: grey;text-align:center;vertical-align:middle;">215</td> 
 <td style="font-weight: bold; font-size:15px; text-align:left;"><a class="mt_a" href="country/china/">China</a></td> 
 <td style="font-weight: bold; text-align:right">85,168</td> 
 <td style="font-weight: bold; text-align:right;background-color:#FFEEAA;">+15</td> 
 <td style="font-weight: bold; text-align:right;">4,634 </td> 
 <td style="font-weight: bold; 
                                    text-align:right;"></td> 
 <td style="font-weight: bold; text-align:right">80,377</td> 
 <td style="font-weight: bold; text-align:right;background-color:#c8e6c9; color:#000">+19</td> 
 <td style="text-align:right;font-weight:bold;">157</td> 
 <td style="font-weight: bold; text-align:right">2</td> 
 <td style="font-weight: bold; text-align:right">59</td> 
 <td style="font-weight: bold; text-align:right">3</td> 
 <td style="font-weight: bold; text-align:right">160,000,000</td> 
 <td style="font-weight: bold; text-align:right">111,163</td> 
 <td style="font-weight: bold; text-align:right">1,439,323,776 </td> 
 <td style="display:none" data-continent="Asia">Asia</td> 
 <td>16,900</td>
 <td>310,601</td>
 <td>9</td> 
</tr>
]]></system-out>
  <system-err><![CDATA[]]></system-err>
</testsuite>
