<?xml version="1.0" encoding="UTF-8"?>
<testsuite name="com.example.namlol.Service.CovidServiceTest" tests="1" skipped="0" failures="0" errors="0" timestamp="2020-09-22T03:34:34" hostname="PO-PC" time="9.196">
  <properties/>
  <testcase name="youtubeTest()" classname="com.example.namlol.Service.CovidServiceTest" time="9.196"/>
  <system-out><![CDATA[12:34:31.881 [Test worker] DEBUG org.springframework.test.context.BootstrapUtils - Instantiating CacheAwareContextLoaderDelegate from class [org.springframework.test.context.cache.DefaultCacheAwareContextLoaderDelegate]
12:34:31.903 [Test worker] DEBUG org.springframework.test.context.BootstrapUtils - Instantiating BootstrapContext using constructor [public org.springframework.test.context.support.DefaultBootstrapContext(java.lang.Class,org.springframework.test.context.CacheAwareContextLoaderDelegate)]
12:34:31.937 [Test worker] DEBUG org.springframework.test.context.BootstrapUtils - Instantiating TestContextBootstrapper for test class [com.example.namlol.Service.CovidServiceTest] from class [org.springframework.boot.test.context.SpringBootTestContextBootstrapper]
12:34:31.955 [Test worker] INFO org.springframework.boot.test.context.SpringBootTestContextBootstrapper - Neither @ContextConfiguration nor @ContextHierarchy found for test class [com.example.namlol.Service.CovidServiceTest], using SpringBootContextLoader
12:34:31.960 [Test worker] DEBUG org.springframework.test.context.support.AbstractContextLoader - Did not detect default resource location for test class [com.example.namlol.Service.CovidServiceTest]: class path resource [com/example/namlol/Service/CovidServiceTest-context.xml] does not exist
12:34:31.961 [Test worker] DEBUG org.springframework.test.context.support.AbstractContextLoader - Did not detect default resource location for test class [com.example.namlol.Service.CovidServiceTest]: class path resource [com/example/namlol/Service/CovidServiceTestContext.groovy] does not exist
12:34:31.961 [Test worker] INFO org.springframework.test.context.support.AbstractContextLoader - Could not detect default resource locations for test class [com.example.namlol.Service.CovidServiceTest]: no resource found for suffixes {-context.xml, Context.groovy}.
12:34:31.963 [Test worker] INFO org.springframework.test.context.support.AnnotationConfigContextLoaderUtils - Could not detect default configuration classes for test class [com.example.namlol.Service.CovidServiceTest]: CovidServiceTest does not declare any static, non-private, non-final, nested classes annotated with @Configuration.
12:34:32.014 [Test worker] DEBUG org.springframework.test.context.support.ActiveProfilesUtils - Could not find an 'annotation declaring class' for annotation type [org.springframework.test.context.ActiveProfiles] and class [com.example.namlol.Service.CovidServiceTest]
12:34:32.098 [Test worker] DEBUG org.springframework.context.annotation.ClassPathScanningCandidateComponentProvider - Identified candidate component class: file [C:\projects\nam-lol\build\classes\java\main\com\example\namlol\NamLolApplication.class]
12:34:32.099 [Test worker] INFO org.springframework.boot.test.context.SpringBootTestContextBootstrapper - Found @SpringBootConfiguration com.example.namlol.NamLolApplication for test class com.example.namlol.Service.CovidServiceTest
12:34:32.223 [Test worker] DEBUG org.springframework.boot.test.context.SpringBootTestContextBootstrapper - @TestExecutionListeners is not present for class [com.example.namlol.Service.CovidServiceTest]: using defaults.
12:34:32.223 [Test worker] INFO org.springframework.boot.test.context.SpringBootTestContextBootstrapper - Loaded default TestExecutionListener class names from location [META-INF/spring.factories]: [org.springframework.boot.test.autoconfigure.restdocs.RestDocsTestExecutionListener, org.springframework.boot.test.autoconfigure.web.client.MockRestServiceServerResetTestExecutionListener, org.springframework.boot.test.autoconfigure.web.servlet.MockMvcPrintOnlyOnFailureTestExecutionListener, org.springframework.boot.test.autoconfigure.web.servlet.WebDriverTestExecutionListener, org.springframework.boot.test.autoconfigure.webservices.client.MockWebServiceServerTestExecutionListener, org.springframework.boot.test.mock.mockito.MockitoTestExecutionListener, org.springframework.boot.test.mock.mockito.ResetMocksTestExecutionListener, org.springframework.test.context.web.ServletTestExecutionListener, org.springframework.test.context.support.DirtiesContextBeforeModesTestExecutionListener, org.springframework.test.context.support.DependencyInjectionTestExecutionListener, org.springframework.test.context.support.DirtiesContextTestExecutionListener, org.springframework.test.context.transaction.TransactionalTestExecutionListener, org.springframework.test.context.jdbc.SqlScriptsTestExecutionListener, org.springframework.test.context.event.EventPublishingTestExecutionListener]
12:34:32.246 [Test worker] DEBUG org.springframework.boot.test.context.SpringBootTestContextBootstrapper - Skipping candidate TestExecutionListener [org.springframework.test.context.transaction.TransactionalTestExecutionListener] due to a missing dependency. Specify custom listener classes or make the default listener classes and their required dependencies available. Offending class: [org/springframework/transaction/interceptor/TransactionAttributeSource]
12:34:32.249 [Test worker] DEBUG org.springframework.boot.test.context.SpringBootTestContextBootstrapper - Skipping candidate TestExecutionListener [org.springframework.test.context.jdbc.SqlScriptsTestExecutionListener] due to a missing dependency. Specify custom listener classes or make the default listener classes and their required dependencies available. Offending class: [org/springframework/transaction/interceptor/TransactionAttribute]
12:34:32.252 [Test worker] INFO org.springframework.boot.test.context.SpringBootTestContextBootstrapper - Using TestExecutionListeners: [org.springframework.test.context.web.ServletTestExecutionListener@e92aef8, org.springframework.test.context.support.DirtiesContextBeforeModesTestExecutionListener@791fe24b, org.springframework.boot.test.mock.mockito.MockitoTestExecutionListener@4cfe854c, org.springframework.boot.test.autoconfigure.SpringBootDependencyInjectionTestExecutionListener@19ad252a, org.springframework.test.context.support.DirtiesContextTestExecutionListener@2d3bd89, org.springframework.test.context.event.EventPublishingTestExecutionListener@4580a22, org.springframework.boot.test.autoconfigure.restdocs.RestDocsTestExecutionListener@3c342b00, org.springframework.boot.test.autoconfigure.web.client.MockRestServiceServerResetTestExecutionListener@4c40ddd9, org.springframework.boot.test.autoconfigure.web.servlet.MockMvcPrintOnlyOnFailureTestExecutionListener@53e00e2d, org.springframework.boot.test.autoconfigure.web.servlet.WebDriverTestExecutionListener@17ad1769, org.springframework.boot.test.autoconfigure.webservices.client.MockWebServiceServerTestExecutionListener@a5c52b7, org.springframework.boot.test.mock.mockito.ResetMocksTestExecutionListener@4038f830]
12:34:32.265 [Test worker] DEBUG org.springframework.test.context.support.AbstractDirtiesContextTestExecutionListener - Before test class: context [DefaultTestContext@7bcb576d testClass = CovidServiceTest, testInstance = [null], testMethod = [null], testException = [null], mergedContextConfiguration = [WebMergedContextConfiguration@585b505e testClass = CovidServiceTest, locations = '{}', classes = '{class com.example.namlol.NamLolApplication}', contextInitializerClasses = '[]', activeProfiles = '{}', propertySourceLocations = '{}', propertySourceProperties = '{org.springframework.boot.test.context.SpringBootTestContextBootstrapper=true}', contextCustomizers = set[org.springframework.boot.test.autoconfigure.actuate.metrics.MetricsExportContextCustomizerFactory$DisableMetricExportContextCustomizer@7bfa14bb, org.springframework.boot.test.autoconfigure.properties.PropertyMappingContextCustomizer@0, org.springframework.boot.test.autoconfigure.web.servlet.WebDriverContextCustomizerFactory$Customizer@5a3bcdc9, org.springframework.boot.test.context.filter.ExcludeFilterContextCustomizer@5c993122, org.springframework.boot.test.json.DuplicateJsonObjectContextCustomizerFactory$DuplicateJsonObjectContextCustomizer@6fc0b66b, org.springframework.boot.test.mock.mockito.MockitoContextCustomizer@0, org.springframework.boot.test.web.client.TestRestTemplateContextCustomizer@f528a2a, org.springframework.boot.test.context.SpringBootTestArgs@1], resourceBasePath = 'src/main/webapp', contextLoader = 'org.springframework.boot.test.context.SpringBootContextLoader', parent = [null]], attributes = map['org.springframework.test.context.web.ServletTestExecutionListener.activateListener' -> true]], class annotated with @DirtiesContext [false] with mode [null].
12:34:32.311 [Test worker] DEBUG org.springframework.test.context.support.TestPropertySourceUtils - Adding inlined properties to environment: {spring.jmx.enabled=false, org.springframework.boot.test.context.SpringBootTestContextBootstrapper=true}

  .   ____          _            __ _ _
 /\\ / ___'_ __ _ _(_)_ __  __ _ \ \ \ \
( ( )\___ | '_ | '_| | '_ \/ _` | \ \ \ \
 \\/  ___)| |_)| | | | | || (_| |  ) ) ) )
  '  |____| .__|_| |_|_| |_\__, | / / / /
 =========|_|==============|___/=/_/_/_/
 :: Spring Boot ::       (v2.4.0-SNAPSHOT)

2020-09-22 12:34:32.679  INFO 32096 --- [    Test worker] c.e.namlol.Service.CovidServiceTest      : Starting CovidServiceTest using Java 14.0.2 on po-PC with PID 32096 (started by MAIN in C:\projects\nam-lol)
2020-09-22 12:34:32.684  INFO 32096 --- [    Test worker] c.e.namlol.Service.CovidServiceTest      : No active profile set, falling back to default profiles: default
2020-09-22 12:34:34.299  INFO 32096 --- [    Test worker] o.s.s.concurrent.ThreadPoolTaskExecutor  : Initializing ExecutorService 'applicationTaskExecutor'
2020-09-22 12:34:34.481  INFO 32096 --- [    Test worker] o.s.b.a.w.s.WelcomePageHandlerMapping    : Adding welcome page: class path resource [static/index.html]
2020-09-22 12:34:34.905  INFO 32096 --- [    Test worker] c.e.namlol.Service.CovidServiceTest      : Started CovidServiceTest in 2.583 seconds (JVM running for 4.237)
C:\projects\nam-lol\src\main\resources\chromedriver
2020-09-22 12:34:39.240  INFO 32096 --- [ null to remote] o.o.selenium.remote.ProtocolHandshake    : Detected dialect: W3C
==========
"코로나19 유전자 조합 흔적 보여...6개월이면 제작 가능" / YTN
246
==========
홍혜걸, 세계 기자대회에 가다! 각 나라별 코로나19 대응 방법?｜코로나19｜세계기자대회 ｜코로나방역
246
==========
中 윈난성 1주일째 방역 '전시 상태'...코로나19 승리 선언했는데 / YTN
246
]]></system-out>
  <system-err><![CDATA[Starting ChromeDriver 85.0.4183.87 (cd6713ebf92fa1cacc0f1a598df280093af0c5d7-refs/branch-heads/4183@{#1689}) on port 48491
Only local connections are allowed.
Please see https://chromedriver.chromium.org/security-considerations for suggestions on keeping ChromeDriver safe.
ChromeDriver was started successfully.
]]></system-err>
</testsuite>
