<?xml version="1.0" encoding="UTF-8"?>
<testsuite name="com.example.namlol.Service.CovidServiceTest" tests="1" skipped="0" failures="0" errors="0" timestamp="2020-09-15T09:43:58" hostname="PO-PC" time="2.981">
  <properties/>
  <testcase name="googleCrawling()" classname="com.example.namlol.Service.CovidServiceTest" time="2.981"/>
  <system-out><![CDATA[18:43:55.166 [Test worker] DEBUG org.springframework.test.context.BootstrapUtils - Instantiating CacheAwareContextLoaderDelegate from class [org.springframework.test.context.cache.DefaultCacheAwareContextLoaderDelegate]
18:43:55.232 [Test worker] DEBUG org.springframework.test.context.BootstrapUtils - Instantiating BootstrapContext using constructor [public org.springframework.test.context.support.DefaultBootstrapContext(java.lang.Class,org.springframework.test.context.CacheAwareContextLoaderDelegate)]
18:43:55.284 [Test worker] DEBUG org.springframework.test.context.BootstrapUtils - Instantiating TestContextBootstrapper for test class [com.example.namlol.Service.CovidServiceTest] from class [org.springframework.boot.test.context.SpringBootTestContextBootstrapper]
18:43:55.305 [Test worker] INFO org.springframework.boot.test.context.SpringBootTestContextBootstrapper - Neither @ContextConfiguration nor @ContextHierarchy found for test class [com.example.namlol.Service.CovidServiceTest], using SpringBootContextLoader
18:43:55.311 [Test worker] DEBUG org.springframework.test.context.support.AbstractContextLoader - Did not detect default resource location for test class [com.example.namlol.Service.CovidServiceTest]: class path resource [com/example/namlol/Service/CovidServiceTest-context.xml] does not exist
18:43:55.312 [Test worker] DEBUG org.springframework.test.context.support.AbstractContextLoader - Did not detect default resource location for test class [com.example.namlol.Service.CovidServiceTest]: class path resource [com/example/namlol/Service/CovidServiceTestContext.groovy] does not exist
18:43:55.312 [Test worker] INFO org.springframework.test.context.support.AbstractContextLoader - Could not detect default resource locations for test class [com.example.namlol.Service.CovidServiceTest]: no resource found for suffixes {-context.xml, Context.groovy}.
18:43:55.313 [Test worker] INFO org.springframework.test.context.support.AnnotationConfigContextLoaderUtils - Could not detect default configuration classes for test class [com.example.namlol.Service.CovidServiceTest]: CovidServiceTest does not declare any static, non-private, non-final, nested classes annotated with @Configuration.
18:43:55.383 [Test worker] DEBUG org.springframework.test.context.support.ActiveProfilesUtils - Could not find an 'annotation declaring class' for annotation type [org.springframework.test.context.ActiveProfiles] and class [com.example.namlol.Service.CovidServiceTest]
18:43:55.499 [Test worker] DEBUG org.springframework.context.annotation.ClassPathScanningCandidateComponentProvider - Identified candidate component class: file [C:\projects\nam-lol\build\classes\java\main\com\example\namlol\NamLolApplication.class]
18:43:55.501 [Test worker] INFO org.springframework.boot.test.context.SpringBootTestContextBootstrapper - Found @SpringBootConfiguration com.example.namlol.NamLolApplication for test class com.example.namlol.Service.CovidServiceTest
18:43:55.652 [Test worker] DEBUG org.springframework.boot.test.context.SpringBootTestContextBootstrapper - @TestExecutionListeners is not present for class [com.example.namlol.Service.CovidServiceTest]: using defaults.
18:43:55.654 [Test worker] INFO org.springframework.boot.test.context.SpringBootTestContextBootstrapper - Loaded default TestExecutionListener class names from location [META-INF/spring.factories]: [org.springframework.boot.test.autoconfigure.restdocs.RestDocsTestExecutionListener, org.springframework.boot.test.autoconfigure.web.client.MockRestServiceServerResetTestExecutionListener, org.springframework.boot.test.autoconfigure.web.servlet.MockMvcPrintOnlyOnFailureTestExecutionListener, org.springframework.boot.test.autoconfigure.web.servlet.WebDriverTestExecutionListener, org.springframework.boot.test.autoconfigure.webservices.client.MockWebServiceServerTestExecutionListener, org.springframework.boot.test.mock.mockito.MockitoTestExecutionListener, org.springframework.boot.test.mock.mockito.ResetMocksTestExecutionListener, org.springframework.test.context.web.ServletTestExecutionListener, org.springframework.test.context.support.DirtiesContextBeforeModesTestExecutionListener, org.springframework.test.context.support.DependencyInjectionTestExecutionListener, org.springframework.test.context.support.DirtiesContextTestExecutionListener, org.springframework.test.context.transaction.TransactionalTestExecutionListener, org.springframework.test.context.jdbc.SqlScriptsTestExecutionListener, org.springframework.test.context.event.EventPublishingTestExecutionListener]
18:43:55.677 [Test worker] DEBUG org.springframework.boot.test.context.SpringBootTestContextBootstrapper - Skipping candidate TestExecutionListener [org.springframework.test.context.transaction.TransactionalTestExecutionListener] due to a missing dependency. Specify custom listener classes or make the default listener classes and their required dependencies available. Offending class: [org/springframework/transaction/interceptor/TransactionAttributeSource]
18:43:55.685 [Test worker] DEBUG org.springframework.boot.test.context.SpringBootTestContextBootstrapper - Skipping candidate TestExecutionListener [org.springframework.test.context.jdbc.SqlScriptsTestExecutionListener] due to a missing dependency. Specify custom listener classes or make the default listener classes and their required dependencies available. Offending class: [org/springframework/transaction/interceptor/TransactionAttribute]
18:43:55.687 [Test worker] INFO org.springframework.boot.test.context.SpringBootTestContextBootstrapper - Using TestExecutionListeners: [org.springframework.test.context.web.ServletTestExecutionListener@7a88d2e2, org.springframework.test.context.support.DirtiesContextBeforeModesTestExecutionListener@2456a70f, org.springframework.boot.test.mock.mockito.MockitoTestExecutionListener@5eb49f8, org.springframework.boot.test.autoconfigure.SpringBootDependencyInjectionTestExecutionListener@3fe8a9be, org.springframework.test.context.support.DirtiesContextTestExecutionListener@3cb7363, org.springframework.test.context.event.EventPublishingTestExecutionListener@1234c2ca, org.springframework.boot.test.autoconfigure.restdocs.RestDocsTestExecutionListener@4dcffdfd, org.springframework.boot.test.autoconfigure.web.client.MockRestServiceServerResetTestExecutionListener@371018a3, org.springframework.boot.test.autoconfigure.web.servlet.MockMvcPrintOnlyOnFailureTestExecutionListener@6f183549, org.springframework.boot.test.autoconfigure.web.servlet.WebDriverTestExecutionListener@5b0e98f2, org.springframework.boot.test.autoconfigure.webservices.client.MockWebServiceServerTestExecutionListener@699cb67b, org.springframework.boot.test.mock.mockito.ResetMocksTestExecutionListener@5e7e6eeb]
18:43:55.695 [Test worker] DEBUG org.springframework.test.context.support.AbstractDirtiesContextTestExecutionListener - Before test class: context [DefaultTestContext@51fa346a testClass = CovidServiceTest, testInstance = [null], testMethod = [null], testException = [null], mergedContextConfiguration = [WebMergedContextConfiguration@bb4f36b testClass = CovidServiceTest, locations = '{}', classes = '{class com.example.namlol.NamLolApplication}', contextInitializerClasses = '[]', activeProfiles = '{}', propertySourceLocations = '{}', propertySourceProperties = '{org.springframework.boot.test.context.SpringBootTestContextBootstrapper=true}', contextCustomizers = set[org.springframework.boot.test.autoconfigure.actuate.metrics.MetricsExportContextCustomizerFactory$DisableMetricExportContextCustomizer@67cff, org.springframework.boot.test.autoconfigure.properties.PropertyMappingContextCustomizer@0, org.springframework.boot.test.autoconfigure.web.servlet.WebDriverContextCustomizerFactory$Customizer@2d16d59e, org.springframework.boot.test.context.filter.ExcludeFilterContextCustomizer@690a71d5, org.springframework.boot.test.json.DuplicateJsonObjectContextCustomizerFactory$DuplicateJsonObjectContextCustomizer@7590e9ca, org.springframework.boot.test.mock.mockito.MockitoContextCustomizer@0, org.springframework.boot.test.web.client.TestRestTemplateContextCustomizer@4b705bc5, org.springframework.boot.test.context.SpringBootTestArgs@1], resourceBasePath = 'src/main/webapp', contextLoader = 'org.springframework.boot.test.context.SpringBootContextLoader', parent = [null]], attributes = map['org.springframework.test.context.web.ServletTestExecutionListener.activateListener' -> true]], class annotated with @DirtiesContext [false] with mode [null].
18:43:55.737 [Test worker] DEBUG org.springframework.test.context.support.TestPropertySourceUtils - Adding inlined properties to environment: {spring.jmx.enabled=false, org.springframework.boot.test.context.SpringBootTestContextBootstrapper=true}

  .   ____          _            __ _ _
 /\\ / ___'_ __ _ _(_)_ __  __ _ \ \ \ \
( ( )\___ | '_ | '_| | '_ \/ _` | \ \ \ \
 \\/  ___)| |_)| | | | | || (_| |  ) ) ) )
  '  |____| .__|_| |_|_| |_\__, | / / / /
 =========|_|==============|___/=/_/_/_/
 :: Spring Boot ::       (v2.4.0-SNAPSHOT)

2020-09-15 18:43:56.174  INFO 30588 --- [    Test worker] c.e.namlol.Service.CovidServiceTest      : Starting CovidServiceTest using Java 14.0.2 on po-PC with PID 30588 (started by MAIN in C:\projects\nam-lol)
2020-09-15 18:43:56.177  INFO 30588 --- [    Test worker] c.e.namlol.Service.CovidServiceTest      : No active profile set, falling back to default profiles: default
2020-09-15 18:43:57.927  INFO 30588 --- [    Test worker] o.s.s.concurrent.ThreadPoolTaskExecutor  : Initializing ExecutorService 'applicationTaskExecutor'
2020-09-15 18:43:58.057  INFO 30588 --- [    Test worker] o.s.b.a.w.s.WelcomePageHandlerMapping    : Adding welcome page: class path resource [static/index.html]
2020-09-15 18:43:58.271  INFO 30588 --- [    Test worker] c.e.namlol.Service.CovidServiceTest      : Started CovidServiceTest in 2.523 seconds (JVM running for 4.314)
<a href="./articles/CAIiELwno2gLiT6X7tIBU_rKWG4qGAgEKg8IACoHCAoww5LyAzD2zh0w_ru7Bg?hl=en-US&amp;gl=US&amp;ceid=US%3Aen" class="DY5T1d">COVID-19 in Africa: Milder-than-expected pandemic has experts puzzled</a>
<a href="./articles/CAIiEFiWsrHGPRkS7sZKA9gV2LoqGAgEKg8IACoHCAowlOzSATCaiDUwg6vkBQ?hl=en-US&amp;gl=US&amp;ceid=US%3Aen" class="DY5T1d">Why Covid-19 case numbers are falling in the US</a>
<a href="./articles/CAIiEEwxUyzMrNlfOR8qjdU2KUkqGQgEKhAIACoHCAowocv1CjCSptoCMPrTpgU?hl=en-US&amp;gl=US&amp;ceid=US%3Aen" class="DY5T1d">Israel is going into a second nationwide lockdown over Covid-19</a>
<a href="./articles/CAIiEIidFKRaX3xbnhHv58EySkgqGQgEKhAIACoHCAowocv1CjCSptoCMPrTpgU?hl=en-US&amp;gl=US&amp;ceid=US%3Aen" class="DY5T1d">Germany links Covid-19 outbreak at ski resort to US citizen who failed to quarantine</a>
<a href="./articles/CBMiMmh0dHBzOi8vd3d3LmJiYy5jb20vbmV3cy93b3JsZC1hc2lhLWluZGlhLTU0MTM5MTEy0gE2aHR0cHM6Ly93d3cuYmJjLmNvbS9uZXdzL2FtcC93b3JsZC1hc2lhLWluZGlhLTU0MTM5MTEy?hl=en-US&amp;gl=US&amp;ceid=US%3Aen" class="DY5T1d">Coronavirus: India faces oxygen scarcity as cases surge</a>
<a href="./articles/CAIiEOwPvaXcb3LwJ6ZzmHjyqesqGAgEKg8IACoHCAowhK-LAjD4ySww-9S0BQ?hl=en-US&amp;gl=US&amp;ceid=US%3Aen" class="DY5T1d">Chinese virologist posts report claiming COVID-19 was made in Wuhan lab</a>
<a href="./articles/CCAiC1ktcUszbjRtejJJmAEB?hl=en-US&amp;gl=US&amp;ceid=US%3Aen" class="DY5T1d">Trial finds medicine helps shorten COVID-19 hospital stay</a>
<a href="./articles/CAIiECLuUUQC-VikcHk_jSar1VIqGQgEKhAIACoHCAowocv1CjCSptoCMPrTpgU?hl=en-US&amp;gl=US&amp;ceid=US%3Aen" class="DY5T1d">'Nothing more could have been done': Trump's final phone call to Woodward</a>
<a href="./articles/CBMiLmh0dHBzOi8vd3d3LmJiYy5jb20vbmV3cy93b3JsZC1ldXJvcGUtNTQxNTEyODHSATJodHRwczovL3d3dy5iYmMuY29tL25ld3MvYW1wL3dvcmxkLWV1cm9wZS01NDE1MTI4MQ?hl=en-US&amp;gl=US&amp;ceid=US%3Aen" class="DY5T1d">Coronavirus: Marseille's Covid-19 hospital beds 'close to saturation'</a>
<a href="./articles/CAIiELZMjcfQEM6aaGhvdPgYKMYqGQgEKhAIACoHCAowyNj6CjDyiPICMJyFxQU?hl=en-US&amp;gl=US&amp;ceid=US%3Aen" class="DY5T1d">World Health Organization reports new daily record in COVID-19 cases</a>
]]></system-out>
  <system-err><![CDATA[]]></system-err>
</testsuite>
