<?xml version="1.0" encoding="UTF-8"?>
<testsuite name="com.example.namlol.Service.CovidServiceTest" tests="1" skipped="0" failures="0" errors="0" timestamp="2020-08-30T14:26:16" hostname="PO-PC" time="0.577">
  <properties/>
  <testcase name="caseGenAge()" classname="com.example.namlol.Service.CovidServiceTest" time="0.577"/>
  <system-out><![CDATA[23:26:07.902 [Test worker] DEBUG org.springframework.test.context.BootstrapUtils - Instantiating CacheAwareContextLoaderDelegate from class [org.springframework.test.context.cache.DefaultCacheAwareContextLoaderDelegate]
23:26:07.918 [Test worker] DEBUG org.springframework.test.context.BootstrapUtils - Instantiating BootstrapContext using constructor [public org.springframework.test.context.support.DefaultBootstrapContext(java.lang.Class,org.springframework.test.context.CacheAwareContextLoaderDelegate)]
23:26:07.952 [Test worker] DEBUG org.springframework.test.context.BootstrapUtils - Instantiating TestContextBootstrapper for test class [com.example.namlol.Service.CovidServiceTest] from class [org.springframework.boot.test.context.SpringBootTestContextBootstrapper]
23:26:07.974 [Test worker] INFO org.springframework.boot.test.context.SpringBootTestContextBootstrapper - Neither @ContextConfiguration nor @ContextHierarchy found for test class [com.example.namlol.Service.CovidServiceTest], using SpringBootContextLoader
23:26:07.979 [Test worker] DEBUG org.springframework.test.context.support.AbstractContextLoader - Did not detect default resource location for test class [com.example.namlol.Service.CovidServiceTest]: class path resource [com/example/namlol/Service/CovidServiceTest-context.xml] does not exist
23:26:07.981 [Test worker] DEBUG org.springframework.test.context.support.AbstractContextLoader - Did not detect default resource location for test class [com.example.namlol.Service.CovidServiceTest]: class path resource [com/example/namlol/Service/CovidServiceTestContext.groovy] does not exist
23:26:07.981 [Test worker] INFO org.springframework.test.context.support.AbstractContextLoader - Could not detect default resource locations for test class [com.example.namlol.Service.CovidServiceTest]: no resource found for suffixes {-context.xml, Context.groovy}.
23:26:07.982 [Test worker] INFO org.springframework.test.context.support.AnnotationConfigContextLoaderUtils - Could not detect default configuration classes for test class [com.example.namlol.Service.CovidServiceTest]: CovidServiceTest does not declare any static, non-private, non-final, nested classes annotated with @Configuration.
23:26:08.043 [Test worker] DEBUG org.springframework.test.context.support.ActiveProfilesUtils - Could not find an 'annotation declaring class' for annotation type [org.springframework.test.context.ActiveProfiles] and class [com.example.namlol.Service.CovidServiceTest]
23:26:08.129 [Test worker] DEBUG org.springframework.context.annotation.ClassPathScanningCandidateComponentProvider - Identified candidate component class: file [C:\projects\nam-lol\build\classes\java\main\com\example\namlol\NamLolApplication.class]
23:26:08.130 [Test worker] INFO org.springframework.boot.test.context.SpringBootTestContextBootstrapper - Found @SpringBootConfiguration com.example.namlol.NamLolApplication for test class com.example.namlol.Service.CovidServiceTest
23:26:08.242 [Test worker] DEBUG org.springframework.boot.test.context.SpringBootTestContextBootstrapper - @TestExecutionListeners is not present for class [com.example.namlol.Service.CovidServiceTest]: using defaults.
23:26:08.243 [Test worker] INFO org.springframework.boot.test.context.SpringBootTestContextBootstrapper - Loaded default TestExecutionListener class names from location [META-INF/spring.factories]: [org.springframework.boot.test.autoconfigure.restdocs.RestDocsTestExecutionListener, org.springframework.boot.test.autoconfigure.web.client.MockRestServiceServerResetTestExecutionListener, org.springframework.boot.test.autoconfigure.web.servlet.MockMvcPrintOnlyOnFailureTestExecutionListener, org.springframework.boot.test.autoconfigure.web.servlet.WebDriverTestExecutionListener, org.springframework.boot.test.autoconfigure.webservices.client.MockWebServiceServerTestExecutionListener, org.springframework.boot.test.mock.mockito.MockitoTestExecutionListener, org.springframework.boot.test.mock.mockito.ResetMocksTestExecutionListener, org.springframework.test.context.web.ServletTestExecutionListener, org.springframework.test.context.support.DirtiesContextBeforeModesTestExecutionListener, org.springframework.test.context.support.DependencyInjectionTestExecutionListener, org.springframework.test.context.support.DirtiesContextTestExecutionListener, org.springframework.test.context.transaction.TransactionalTestExecutionListener, org.springframework.test.context.jdbc.SqlScriptsTestExecutionListener, org.springframework.test.context.event.EventPublishingTestExecutionListener]
23:26:08.266 [Test worker] INFO org.springframework.boot.test.context.SpringBootTestContextBootstrapper - Using TestExecutionListeners: [org.springframework.test.context.web.ServletTestExecutionListener@739f455d, org.springframework.test.context.support.DirtiesContextBeforeModesTestExecutionListener@136d720b, org.springframework.boot.test.mock.mockito.MockitoTestExecutionListener@70226e4b, org.springframework.boot.test.autoconfigure.SpringBootDependencyInjectionTestExecutionListener@7f221f78, org.springframework.test.context.support.DirtiesContextTestExecutionListener@769e086c, org.springframework.test.context.transaction.TransactionalTestExecutionListener@e1bd19e, org.springframework.test.context.jdbc.SqlScriptsTestExecutionListener@6da8b620, org.springframework.test.context.event.EventPublishingTestExecutionListener@21ead32, org.springframework.boot.test.autoconfigure.restdocs.RestDocsTestExecutionListener@4450875, org.springframework.boot.test.autoconfigure.web.client.MockRestServiceServerResetTestExecutionListener@5402be42, org.springframework.boot.test.autoconfigure.web.servlet.MockMvcPrintOnlyOnFailureTestExecutionListener@7cb30b54, org.springframework.boot.test.autoconfigure.web.servlet.WebDriverTestExecutionListener@bb34ecd, org.springframework.boot.test.autoconfigure.webservices.client.MockWebServiceServerTestExecutionListener@2799e96e, org.springframework.boot.test.mock.mockito.ResetMocksTestExecutionListener@66a8b371]
23:26:08.271 [Test worker] DEBUG org.springframework.test.context.support.AbstractDirtiesContextTestExecutionListener - Before test class: context [DefaultTestContext@2ecdc818 testClass = CovidServiceTest, testInstance = [null], testMethod = [null], testException = [null], mergedContextConfiguration = [WebMergedContextConfiguration@2af5a4dc testClass = CovidServiceTest, locations = '{}', classes = '{class com.example.namlol.NamLolApplication}', contextInitializerClasses = '[]', activeProfiles = '{}', propertySourceLocations = '{}', propertySourceProperties = '{org.springframework.boot.test.context.SpringBootTestContextBootstrapper=true}', contextCustomizers = set[org.springframework.boot.test.autoconfigure.actuate.metrics.MetricsExportContextCustomizerFactory$DisableMetricExportContextCustomizer@2bf5e740, org.springframework.boot.test.autoconfigure.properties.PropertyMappingContextCustomizer@0, org.springframework.boot.test.autoconfigure.web.servlet.WebDriverContextCustomizerFactory$Customizer@34d0036a, org.springframework.boot.test.context.filter.ExcludeFilterContextCustomizer@51aaf270, org.springframework.boot.test.json.DuplicateJsonObjectContextCustomizerFactory$DuplicateJsonObjectContextCustomizer@41e94821, org.springframework.boot.test.mock.mockito.MockitoContextCustomizer@0, org.springframework.boot.test.web.client.TestRestTemplateContextCustomizer@1d6d431b, org.springframework.boot.test.context.SpringBootTestArgs@1], resourceBasePath = 'src/main/webapp', contextLoader = 'org.springframework.boot.test.context.SpringBootContextLoader', parent = [null]], attributes = map['org.springframework.test.context.web.ServletTestExecutionListener.activateListener' -> true]], class annotated with @DirtiesContext [false] with mode [null].
23:26:08.315 [Test worker] DEBUG org.springframework.test.context.support.TestPropertySourceUtils - Adding inlined properties to environment: {spring.jmx.enabled=false, org.springframework.boot.test.context.SpringBootTestContextBootstrapper=true}

  .   ____          _            __ _ _
 /\\ / ___'_ __ _ _(_)_ __  __ _ \ \ \ \
( ( )\___ | '_ | '_| | '_ \/ _` | \ \ \ \
 \\/  ___)| |_)| | | | | || (_| |  ) ) ) )
  '  |____| .__|_| |_|_| |_\__, | / / / /
 =========|_|==============|___/=/_/_/_/
 :: Spring Boot ::       (v2.4.0-SNAPSHOT)

2020-08-30 23:26:08.687  INFO 12448 --- [    Test worker] c.e.namlol.Service.CovidServiceTest      : Starting CovidServiceTest using Java 14.0.2 on po-PC with PID 12448 (started by MAIN in C:\projects\nam-lol)
2020-08-30 23:26:08.692  INFO 12448 --- [    Test worker] c.e.namlol.Service.CovidServiceTest      : No active profile set, falling back to default profiles: default
2020-08-30 23:26:09.681  INFO 12448 --- [    Test worker] .s.d.r.c.RepositoryConfigurationDelegate : Bootstrapping Spring Data JPA repositories in DEFERRED mode.
2020-08-30 23:26:09.777  INFO 12448 --- [    Test worker] .s.d.r.c.RepositoryConfigurationDelegate : Finished Spring Data repository scanning in 87 ms. Found 3 JPA repository interfaces.
2020-08-30 23:26:10.547  INFO 12448 --- [    Test worker] o.s.s.concurrent.ThreadPoolTaskExecutor  : Initializing ExecutorService 'applicationTaskExecutor'
2020-08-30 23:26:10.673  INFO 12448 --- [         task-1] o.hibernate.jpa.internal.util.LogHelper  : HHH000204: Processing PersistenceUnitInfo [name: default]
2020-08-30 23:26:10.913  INFO 12448 --- [         task-1] org.hibernate.Version                    : HHH000412: Hibernate ORM core version 5.4.20.Final
2020-08-30 23:26:11.454  INFO 12448 --- [         task-1] o.hibernate.annotations.common.Version   : HCANN000001: Hibernate Commons Annotations {5.1.0.Final}
2020-08-30 23:26:11.721  INFO 12448 --- [    Test worker] o.s.s.web.DefaultSecurityFilterChain     : Creating filter chain: Ant [pattern='/resources/**'], []
2020-08-30 23:26:11.850  INFO 12448 --- [         task-1] com.zaxxer.hikari.HikariDataSource       : HikariPool-1 - Starting...
2020-08-30 23:26:11.988  INFO 12448 --- [    Test worker] o.s.s.web.DefaultSecurityFilterChain     : Creating filter chain: any request, [org.springframework.security.web.context.request.async.WebAsyncManagerIntegrationFilter@6874a899, org.springframework.security.web.context.SecurityContextPersistenceFilter@31427ff9, org.springframework.security.web.header.HeaderWriterFilter@6167fc9f, org.springframework.security.web.authentication.logout.LogoutFilter@5987581d, org.springframework.security.web.savedrequest.RequestCacheAwareFilter@64b05449, org.springframework.security.web.servletapi.SecurityContextHolderAwareRequestFilter@68723172, org.springframework.security.web.authentication.AnonymousAuthenticationFilter@31230b13, org.springframework.security.web.session.SessionManagementFilter@3290bc16, org.springframework.security.web.access.ExceptionTranslationFilter@39c0f9e1, org.springframework.security.web.access.intercept.FilterSecurityInterceptor@4464aca0]
2020-08-30 23:26:12.400  INFO 12448 --- [         task-1] com.zaxxer.hikari.HikariDataSource       : HikariPool-1 - Start completed.
2020-08-30 23:26:12.443  INFO 12448 --- [         task-1] org.hibernate.dialect.Dialect            : HHH000400: Using dialect: org.hibernate.dialect.MySQL8Dialect
2020-08-30 23:26:13.808  INFO 12448 --- [         task-1] o.h.e.t.j.p.i.JtaPlatformInitiator       : HHH000490: Using JtaPlatform implementation: [org.hibernate.engine.transaction.jta.platform.internal.NoJtaPlatform]
2020-08-30 23:26:13.818  INFO 12448 --- [         task-1] j.LocalContainerEntityManagerFactoryBean : Initialized JPA EntityManagerFactory for persistence unit 'default'
2020-08-30 23:26:14.718  INFO 12448 --- [    Test worker] o.s.b.a.w.s.WelcomePageHandlerMapping    : Adding welcome page: class path resource [static/index.html]
2020-08-30 23:26:15.545  INFO 12448 --- [    Test worker] DeferredRepositoryInitializationListener : Triggering deferred initialization of Spring Data repositories…
2020-08-30 23:26:16.305  INFO 12448 --- [    Test worker] DeferredRepositoryInitializationListener : Spring Data repositories initialized!
2020-08-30 23:26:16.320  INFO 12448 --- [    Test worker] c.e.namlol.Service.CovidServiceTest      : Started CovidServiceTest in 7.996 seconds (JVM running for 9.722)
Response code: 200
{"response":{"header":{"resultCode":"00","resultMsg":"NORMAL SERVICE."},"body":{"items":{"item":[{"confCase":132,"confCaseRate":1.25,"createDt":"2020-04-14 10:24:23.23","criticalRate":0,"death":0,"deathRate":"0.00","gubun":"0-9","seq":145,"updateDt":""},{"confCase":565,"confCaseRate":5.35,"createDt":"2020-04-14 10:24:23.23","criticalRate":0,"death":0,"deathRate":"0.00","gubun":"10-19","seq":144,"updateDt":""},{"confCase":2886,"confCaseRate":27.32,"createDt":"2020-04-14 10:24:23.23","criticalRate":0,"death":0,"deathRate":"0.00","gubun":"20-29","seq":143,"updateDt":""},{"confCase":1126,"confCaseRate":10.66,"createDt":"2020-04-14 10:24:23.23","criticalRate":0.09,"death":1,"deathRate":0.45,"gubun":"30-39","seq":142,"updateDt":""},{"confCase":1405,"confCaseRate":13.3,"createDt":"2020-04-14 10:24:23.23","criticalRate":0.21,"death":3,"deathRate":1.35,"gubun":"40-49","seq":141,"updateDt":""},{"confCase":1935,"confCaseRate":18.32,"createDt":"2020-04-14 10:24:23.23","criticalRate":0.72,"death":14,"deathRate":6.31,"gubun":"50-59","seq":140,"updateDt":""},{"confCase":1338,"confCaseRate":12.67,"createDt":"2020-04-14 10:24:23.23","criticalRate":2.47,"death":33,"deathRate":14.86,"gubun":"60-69","seq":139,"updateDt":""},{"confCase":700,"confCaseRate":6.63,"createDt":"2020-04-14 10:24:23.23","criticalRate":9.29,"death":65,"deathRate":29.28,"gubun":"70-79","seq":138,"updateDt":""},{"confCase":477,"confCaseRate":4.52,"createDt":"2020-04-14 10:24:23.23","criticalRate":22.22,"death":106,"deathRate":47.75,"gubun":"80 이상","seq":137,"updateDt":""},{"confCase":6308,"confCaseRate":59.71,"createDt":"2020-04-14 10:24:23.23","criticalRate":1.68,"death":106,"deathRate":47.75,"gubun":"여성","seq":136,"updateDt":""},{"confCase":4256,"confCaseRate":40.29,"createDt":"2020-04-14 10:24:23.23","criticalRate":2.73,"death":116,"deathRate":52.25,"gubun":"남성","seq":135,"updateDt":""},{"confCase":132,"confCaseRate":1.25,"createDt":"2020-04-13 10:22:30.30","criticalRate":0,"death":0,"deathRate":"0.00","gubun":"0-9","seq":134,"updateDt":""},{"confCase":562,"confCaseRate":5.33,"createDt":"2020-04-13 10:22:30.30","criticalRate":0,"death":0,"deathRate":"0.00","gubun":"10-19","seq":133,"updateDt":""},{"confCase":2879,"confCaseRate":27.32,"createDt":"2020-04-13 10:22:30.30","criticalRate":0,"death":0,"deathRate":"0.00","gubun":"20-29","seq":132,"updateDt":""},{"confCase":1122,"confCaseRate":10.65,"createDt":"2020-04-13 10:22:30.30","criticalRate":0.09,"death":1,"deathRate":0.46,"gubun":"30-39","seq":131,"updateDt":""},{"confCase":1401,"confCaseRate":13.3,"createDt":"2020-04-13 10:22:30.30","criticalRate":0.21,"death":3,"deathRate":1.38,"gubun":"40-49","seq":130,"updateDt":""},{"confCase":1932,"confCaseRate":18.34,"createDt":"2020-04-13 10:22:30.30","criticalRate":0.72,"death":14,"deathRate":6.45,"gubun":"50-59","seq":129,"updateDt":""},{"confCase":1335,"confCaseRate":12.67,"createDt":"2020-04-13 10:22:30.30","criticalRate":2.4,"death":32,"deathRate":14.75,"gubun":"60-69","seq":128,"updateDt":""},{"confCase":698,"confCaseRate":6.62,"createDt":"2020-04-13 10:22:30.30","criticalRate":9.17,"death":64,"deathRate":29.49,"gubun":"70-79","seq":127,"updateDt":""},{"confCase":476,"confCaseRate":4.52,"createDt":"2020-04-13 10:22:30.30","criticalRate":21.64,"death":103,"deathRate":47.47,"gubun":"80 이상","seq":126,"updateDt":""},{"confCase":6294,"confCaseRate":59.73,"createDt":"2020-04-13 10:22:30.30","criticalRate":1.62,"death":102,"deathRate":"47.00","gubun":"여성","seq":125,"updateDt":""},{"confCase":4243,"confCaseRate":40.27,"createDt":"2020-04-13 10:22:30.30","criticalRate":2.71,"death":115,"deathRate":"53.00","gubun":"남성","seq":124,"updateDt":""},{"confCase":130,"confCaseRate":1.24,"createDt":"2020-04-12 10:22:13.13","criticalRate":0,"death":0,"deathRate":"0.00","gubun":"0-9","seq":123,"updateDt":""},{"confCase":561,"confCaseRate":5.34,"createDt":"2020-04-12 10:22:13.13","criticalRate":0,"death":0,"deathRate":"0.00","gubun":"10-19","seq":122,"updateDt":""},{"confCase":2869,"confCaseRate":27.29,"createDt":"2020-04-12 10:22:13.13","criticalRate":0,"death":0,"deathRate":"0.00","gubun":"20-29","seq":121,"updateDt":""},{"confCase":1120,"confCaseRate":10.65,"createDt":"2020-04-12 10:22:13.13","criticalRate":0.09,"death":1,"deathRate":0.47,"gubun":"30-39","seq":120,"updateDt":""},{"confCase":1400,"confCaseRate":13.32,"createDt":"2020-04-12 10:22:13.13","criticalRate":0.21,"death":3,"deathRate":"1.40","gubun":"40-49","seq":119,"updateDt":""},{"confCase":1930,"confCaseRate":18.36,"createDt":"2020-04-12 10:22:13.13","criticalRate":0.73,"death":14,"deathRate":6.54,"gubun":"50-59","seq":118,"updateDt":""},{"confCase":1330,"confCaseRate":12.65,"createDt":"2020-04-12 10:22:13.13","criticalRate":2.33,"death":31,"deathRate":14.49,"gubun":"60-69","seq":117,"updateDt":""},{"confCase":697,"confCaseRate":6.63,"createDt":"2020-04-12 10:22:13.13","criticalRate":9.04,"death":63,"deathRate":29.44,"gubun":"70-79","seq":116,"updateDt":""},{"confCase":475,"confCaseRate":4.52,"createDt":"2020-04-12 10:22:13.13","criticalRate":21.47,"death":102,"deathRate":47.66,"gubun":"80 이상","seq":115,"updateDt":""},{"confCase":6283,"confCaseRate":59.77,"createDt":"2020-04-12 10:22:13.13","criticalRate":1.61,"death":101,"deathRate":"47.20","gubun":"여성","seq":114,"updateDt":""},{"confCase":4229,"confCaseRate":40.23,"createDt":"2020-04-12 10:22:13.13","criticalRate":2.67,"death":113,"deathRate":"52.80","gubun":"남성","seq":113,"updateDt":""},{"confCase":130,"confCaseRate":1.24,"createDt":"2020-04-11 10:29:51.51","criticalRate":0,"death":0,"deathRate":"0.00","gubun":"0-9","seq":112,"updateDt":""},{"confCase":558,"confCaseRate":5.32,"createDt":"2020-04-11 10:29:51.51","criticalRate":0,"death":0,"deathRate":"0.00","gubun":"10-19","seq":111,"updateDt":""},{"confCase":2856,"confCaseRate":27.25,"createDt":"2020-04-11 10:29:51.51","criticalRate":0,"death":0,"deathRate":"0.00","gubun":"20-29","seq":110,"updateDt":""},{"confCase":1115,"confCaseRate":10.64,"createDt":"2020-04-11 10:29:51.51","criticalRate":0.09,"death":1,"deathRate":0.47,"gubun":"30-39","seq":109,"updateDt":""},{"confCase":1399,"confCaseRate":13.35,"createDt":"2020-04-11 10:29:51.51","criticalRate":0.21,"death":3,"deathRate":1.42,"gubun":"40-49","seq":108,"updateDt":""},{"confCase":1926,"confCaseRate":18.38,"createDt":"2020-04-11 10:29:51.51","criticalRate":0.73,"death":14,"deathRate":6.64,"gubun":"50-59","seq":107,"updateDt":""},{"confCase":1327,"confCaseRate":12.66,"createDt":"2020-04-11 10:29:51.51","criticalRate":2.19,"death":29,"deathRate":13.74,"gubun":"60-69","seq":106,"updateDt":""},{"confCase":694,"confCaseRate":6.62,"createDt":"2020-04-11 10:29:51.51","criticalRate":9.08,"death":63,"deathRate":29.86,"gubun":"70-79","seq":105,"updateDt":""},{"confCase":475,"confCaseRate":4.53,"createDt":"2020-04-11 10:29:51.51","criticalRate":21.26,"death":101,"deathRate":47.87,"gubun":"80 이상","seq":104,"updateDt":""},{"confCase":6265,"confCaseRate":59.78,"createDt":"2020-04-11 10:29:51.51","criticalRate":1.6,"death":100,"deathRate":47.39,"gubun":"여성","seq":103,"updateDt":""},{"confCase":4215,"confCaseRate":40.22,"createDt":"2020-04-11 10:29:51.51","criticalRate":2.63,"death":111,"deathRate":52.61,"gubun":"남성","seq":102,"updateDt":""},{"confCase":129,"confCaseRate":1.23,"createDt":"2020-04-10 10:17:34.34","criticalRate":0,"death":0,"deathRate":"0.00","gubun":"0-9","seq":101,"updateDt":""},{"confCase":553,"confCaseRate":5.29,"createDt":"2020-04-10 10:17:34.34","criticalRate":0,"death":0,"deathRate":"0.00","gubun":"10-19","seq":100,"updateDt":""},{"confCase":2851,"confCaseRate":27.28,"createDt":"2020-04-10 10:17:34.34","criticalRate":0,"death":0,"deathRate":"0.00","gubun":"20-29","seq":99,"updateDt":""},{"confCase":1113,"confCaseRate":10.65,"createDt":"2020-04-10 10:17:34.34","criticalRate":0.09,"death":1,"deathRate":0.48,"gubun":"30-39","seq":98,"updateDt":""},{"confCase":1396,"confCaseRate":13.36,"createDt":"2020-04-10 10:17:34.34","criticalRate":0.21,"death":3,"deathRate":1.44,"gubun":"40-49","seq":97,"updateDt":""},{"confCase":1920,"confCaseRate":18.37,"createDt":"2020-04-10 10:17:34.34","criticalRate":0.68,"death":13,"deathRate":6.25,"gubun":"50-59","seq":96,"updateDt":""},{"confCase":1320,"confCaseRate":12.63,"createDt":"2020-04-10 10:17:34.34","criticalRate":2.12,"death":28,"deathRate":13.46,"gubun":"60-69","seq":95,"updateDt":""},{"confCase":694,"confCaseRate":6.64,"createDt":"2020-04-10 10:17:34.34","criticalRate":8.93,"death":62,"deathRate":29.81,"gubun":"70-79","seq":94,"updateDt":""},{"confCase":474,"confCaseRate":4.54,"createDt":"2020-04-10 10:17:34.34","criticalRate":21.31,"death":101,"deathRate":48.56,"gubun":"80 이상","seq":93,"updateDt":""},{"confCase":6250,"confCaseRate":59.81,"createDt":"2020-04-10 10:17:34.34","criticalRate":1.58,"death":99,"deathRate":"47.60","gubun":"여성","seq":92,"updateDt":""},{"confCase":4200,"confCaseRate":40.19,"createDt":"2020-04-10 10:17:34.34","criticalRate":2.6,"death":109,"deathRate":"52.40","gubun":"남성","seq":91,"updateDt":""},{"confCase":128,"confCaseRate":1.23,"createDt":"2020-04-09 10:23:55.55","criticalRate":0,"death":0,"deathRate":"0.00","gubun":"0-9","seq":90,"updateDt":""},{"confCase":552,"confCaseRate":5.3,"createDt":"2020-04-09 10:23:55.55","criticalRate":0,"death":0,"deathRate":"0.00","gubun":"10-19","seq":89,"updateDt":""},{"confCase":2844,"confCaseRate":27.29,"createDt":"2020-04-09 10:23:55.55","criticalRate":0,"death":0,"deathRate":"0.00","gubun":"20-29","seq":88,"updateDt":""},{"confCase":1109,"confCaseRate":10.64,"createDt":"2020-04-09 10:23:55.55","criticalRate":0.09,"death":1,"deathRate":0.49,"gubun":"30-39","seq":87,"updateDt":""},{"confCase":1394,"confCaseRate":13.37,"createDt":"2020-04-09 10:23:55.55","criticalRate":0.22,"death":3,"deathRate":1.47,"gubun":"40-49","seq":86,"updateDt":""},{"confCase":1917,"confCaseRate":18.39,"createDt":"2020-04-09 10:23:55.55","criticalRate":0.68,"death":13,"deathRate":6.37,"gubun":"50-59","seq":85,"updateDt":""},{"confCase":1314,"confCaseRate":12.61,"createDt":"2020-04-09 10:23:55.55","criticalRate":2.05,"death":27,"deathRate":13.24,"gubun":"60-69","seq":84,"updateDt":""},{"confCase":692,"confCaseRate":6.64,"createDt":"2020-04-09 10:23:55.55","criticalRate":8.67,"death":60,"deathRate":29.41,"gubun":"70-79","seq":83,"updateDt":""},{"confCase":473,"confCaseRate":4.54,"createDt":"2020-04-09 10:23:55.55","criticalRate":21.14,"death":100,"deathRate":49.02,"gubun":"80 이상","seq":82,"updateDt":""},{"confCase":6238,"confCaseRate":59.85,"createDt":"2020-04-09 10:23:55.55","criticalRate":1.55,"death":97,"deathRate":47.55,"gubun":"여성","seq":81,"updateDt":""},{"confCase":4185,"confCaseRate":40.15,"createDt":"2020-04-09 10:23:55.55","criticalRate":2.56,"death":107,"deathRate":52.45,"gubun":"남성","seq":80,"updateDt":""},{"confCase":126,"confCaseRate":1.21,"createDt":"2020-04-08 11:34:40.40","criticalRate":0,"death":0,"deathRate":"0.00","gubun":"0-9","seq":79,"updateDt":""},{"confCase":548,"confCaseRate":5.28,"createDt":"2020-04-08 11:34:40.40","criticalRate":0,"death":0,"deathRate":"0.00","gubun":"10-19","seq":78,"updateDt":""},{"confCase":2832,"confCaseRate":27.27,"createDt":"2020-04-08 11:34:40.40","criticalRate":0,"death":0,"deathRate":"0.00","gubun":"20-29","seq":77,"updateDt":""},{"confCase":1102,"confCaseRate":10.61,"createDt":"2020-04-08 11:34:40.40","criticalRate":0.09,"death":1,"deathRate":"0.50","gubun":"30-39","seq":76,"updateDt":""},{"confCase":1387,"confCaseRate":13.36,"createDt":"2020-04-08 11:34:40.40","criticalRate":0.22,"death":3,"deathRate":"1.50","gubun":"40-49","seq":75,"updateDt":""},{"confCase":1915,"confCaseRate":18.44,"createDt":"2020-04-08 11:34:40.40","criticalRate":0.68,"death":13,"deathRate":"6.50","gubun":"50-59","seq":74,"updateDt":""},{"confCase":1312,"confCaseRate":12.63,"createDt":"2020-04-08 11:34:40.40","criticalRate":2.06,"death":27,"deathRate":"13.50","gubun":"60-69","seq":73,"updateDt":""},{"confCase":692,"confCaseRate":6.66,"createDt":"2020-04-08 11:34:40.40","criticalRate":8.67,"death":60,"deathRate":"30.00","gubun":"70-79","seq":72,"updateDt":""},{"confCase":470,"confCaseRate":4.53,"createDt":"2020-04-08 11:34:40.40","criticalRate":20.43,"death":96,"deathRate":"48.00","gubun":"80 이상","seq":71,"updateDt":""},{"confCase":6221,"confCaseRate":59.91,"createDt":"2020-04-08 11:34:40.40","criticalRate":1.51,"death":94,"deathRate":"47.00","gubun":"여성","seq":70,"updateDt":""},{"confCase":4163,"confCaseRate":40.09,"createDt":"2020-04-08 11:34:40.40","criticalRate":2.55,"death":106,"deathRate":"53.00","gubun":"남성","seq":69,"updateDt":""},{"confCase":126,"confCaseRate":1.21,"createDt":"2020-04-08 11:33:25.25","criticalRate":0,"death":0,"deathRate":"0.00","gubun":"0-9","seq":68,"updateDt":""},{"confCase":548,"confCaseRate":5.28,"createDt":"2020-04-08 11:33:25.25","criticalRate":0,"death":0,"deathRate":"0.00","gubun":"10-19","seq":67,"updateDt":""},{"confCase":2832,"confCaseRate":27.27,"createDt":"2020-04-08 11:33:25.25","criticalRate":0,"death":0,"deathRate":"0.00","gubun":"20-29","seq":66,"updateDt":""},{"confCase":1102,"confCaseRate":10.61,"createDt":"2020-04-08 11:33:25.25","criticalRate":0.09,"death":1,"deathRate":"0.50","gubun":"30-39","seq":65,"updateDt":""},{"confCase":1387,"confCaseRate":13.36,"createDt":"2020-04-08 11:33:25.25","criticalRate":0.22,"death":3,"deathRate":"1.50","gubun":"40-49","seq":64,"updateDt":""},{"confCase":1915,"confCaseRate":18.44,"createDt":"2020-04-08 11:33:25.25","criticalRate":0.68,"death":13,"deathRate":"6.50","gubun":"50-59","seq":63,"updateDt":""},{"confCase":1312,"confCaseRate":12.63,"createDt":"2020-04-08 11:33:25.25","criticalRate":2.06,"death":27,"deathRate":"13.50","gubun":"60-69","seq":62,"updateDt":""},{"confCase":692,"confCaseRate":6.66,"createDt":"2020-04-08 11:33:25.25","criticalRate":8.67,"death":60,"deathRate":"30.00","gubun":"70-79","seq":61,"updateDt":""},{"confCase":470,"confCaseRate":4.53,"createDt":"2020-04-08 11:33:25.25","criticalRate":20.43,"death":96,"deathRate":"48.00","gubun":"80 이상","seq":60,"updateDt":""},{"confCase":6221,"confCaseRate":59.91,"createDt":"2020-04-08 11:33:25.25","criticalRate":1.51,"death":94,"deathRate":"47.00","gubun":"여성","seq":59,"updateDt":""},{"confCase":4163,"confCaseRate":40.09,"createDt":"2020-04-08 11:33:25.25","criticalRate":2.55,"death":106,"deathRate":"53.00","gubun":"남성","seq":58,"updateDt":""},{"confCase":126,"confCaseRate":1.21,"createDt":"2020-04-08 10:58:36.36","criticalRate":0,"death":0,"deathRate":"0.00","gubun":"0-9","seq":56,"updateDt":""},{"confCase":548,"confCaseRate":5.28,"createDt":"2020-04-08 10:58:36.36","criticalRate":0,"death":0,"deathRate":"0.00","gubun":"10-19","seq":55,"updateDt":""},{"confCase":2832,"confCaseRate":27.27,"createDt":"2020-04-08 10:58:36.36","criticalRate":0,"death":0,"deathRate":"0.00","gubun":"20-29","seq":54,"updateDt":""},{"confCase":1102,"confCaseRate":10.61,"createDt":"2020-04-08 10:58:36.36","criticalRate":0.09,"death":1,"deathRate":"0.50","gubun":"30-39","seq":53,"updateDt":""},{"confCase":1387,"confCaseRate":13.36,"createDt":"2020-04-08 10:58:36.36","criticalRate":0.22,"death":3,"deathRate":"1.50","gubun":"40-49","seq":52,"updateDt":""},{"confCase":1915,"confCaseRate":18.44,"createDt":"2020-04-08 10:58:36.36","criticalRate":0.68,"death":13,"deathRate":"6.50","gubun":"50-59","seq":51,"updateDt":""},{"confCase":1312,"confCaseRate":12.63,"createDt":"2020-04-08 10:58:36.36","criticalRate":2.06,"death":27,"deathRate":"13.50","gubun":"60-69","seq":50,"updateDt":""},{"confCase":692,"confCaseRate":6.66,"createDt":"2020-04-08 10:58:36.36","criticalRate":8.67,"death":60,"deathRate":"30.00","gubun":"70-79","seq":49,"updateDt":""},{"confCase":470,"confCaseRate":4.53,"createDt":"2020-04-08 10:58:36.36","criticalRate":20.43,"death":96,"deathRate":"48.00","gubun":"80 이상","seq":48,"updateDt":""},{"confCase":6221,"confCaseRate":59.91,"createDt":"2020-04-08 10:58:36.36","criticalRate":1.51,"death":94,"deathRate":"47.00","gubun":"여성","seq":47,"updateDt":""},{"confCase":4163,"confCaseRate":40.09,"createDt":"2020-04-08 10:58:36.36","criticalRate":2.55,"death":106,"deathRate":"53.00","gubun":"남성","seq":46,"updateDt":""},{"confCase":126,"confCaseRate":1.21,"createDt":"2020-04-08 10:56:57.57","criticalRate":0,"death":0,"deathRate":0,"gubun":"0-9","seq":45,"updateDt":""},{"confCase":548,"confCaseRate":5.28,"createDt":"2020-04-08 10:56:57.57","criticalRate":0,"death":0,"deathRate":0,"gubun":"10-19","seq":44,"updateDt":""},{"confCase":2832,"confCaseRate":27.27,"createDt":"2020-04-08 10:56:57.57","criticalRate":0,"death":0,"deathRate":0,"gubun":"20-29","seq":43,"updateDt":""},{"confCase":1102,"confCaseRate":10.61,"createDt":"2020-04-08 10:56:57.57","criticalRate":0.09,"death":1,"deathRate":0.5,"gubun":"30-39","seq":42,"updateDt":""},{"confCase":1387,"confCaseRate":13.36,"createDt":"2020-04-08 10:56:57.57","criticalRate":0.22,"death":3,"deathRate":1.5,"gubun":"40-49","seq":41,"updateDt":""},{"confCase":1915,"confCaseRate":18.44,"createDt":"2020-04-08 10:56:57.57","criticalRate":0.68,"death":13,"deathRate":6.5,"gubun":"50-59","seq":40,"updateDt":""},{"confCase":1312,"confCaseRate":12.63,"createDt":"2020-04-08 10:56:57.57","criticalRate":2.06,"death":27,"deathRate":13.5,"gubun":"60-69","seq":39,"updateDt":""},{"confCase":692,"confCaseRate":6.66,"createDt":"2020-04-08 10:56:57.57","criticalRate":8.67,"death":60,"deathRate":30,"gubun":"70-79","seq":38,"updateDt":""},{"confCase":470,"confCaseRate":4.53,"createDt":"2020-04-08 10:56:57.57","criticalRate":20.43,"death":96,"deathRate":48,"gubun":"80 이상","seq":37,"updateDt":""},{"confCase":6221,"confCaseRate":59.91,"createDt":"2020-04-08 10:56:57.57","criticalRate":1.51,"death":94,"deathRate":47,"gubun":"여성","seq":36,"updateDt":""},{"confCase":4163,"confCaseRate":40.09,"createDt":"2020-04-08 10:56:57.57","criticalRate":2.55,"death":106,"deathRate":53,"gubun":"남성","seq":35,"updateDt":""},{"confCase":126,"confCaseRate":1.21,"createDt":"2020-04-08 10:55:38.38","criticalRate":0,"death":0,"deathRate":"0.00","gubun":"0-9","seq":34,"updateDt":""},{"confCase":548,"confCaseRate":5.28,"createDt":"2020-04-08 10:55:38.38","criticalRate":0,"death":0,"deathRate":"0.00","gubun":"10-19","seq":33,"updateDt":""},{"confCase":2832,"confCaseRate":27.27,"createDt":"2020-04-08 10:55:38.38","criticalRate":0,"death":0,"deathRate":"0.00","gubun":"20-29","seq":32,"updateDt":""},{"confCase":1102,"confCaseRate":10.61,"createDt":"2020-04-08 10:55:38.38","criticalRate":0.09,"death":1,"deathRate":"0.50","gubun":"30-39","seq":31,"updateDt":""},{"confCase":1387,"confCaseRate":13.36,"createDt":"2020-04-08 10:55:38.38","criticalRate":0.22,"death":3,"deathRate":"1.50","gubun":"40-49","seq":30,"updateDt":""},{"confCase":1915,"confCaseRate":18.44,"createDt":"2020-04-08 10:55:38.38","criticalRate":0.68,"death":13,"deathRate":"6.50","gubun":"50-59","seq":29,"updateDt":""},{"confCase":1312,"confCaseRate":12.63,"createDt":"2020-04-08 10:55:38.38","criticalRate":2.06,"death":27,"deathRate":"13.50","gubun":"60-69","seq":28,"updateDt":""},{"confCase":692,"confCaseRate":6.66,"createDt":"2020-04-08 10:55:38.38","criticalRate":8.67,"death":60,"deathRate":"30.00","gubun":"70-79","seq":27,"updateDt":""},{"confCase":470,"confCaseRate":4.53,"createDt":"2020-04-08 10:55:38.38","criticalRate":20.43,"death":96,"deathRate":"48.00","gubun":"80 이상","seq":26,"updateDt":""},{"confCase":6221,"confCaseRate":59.91,"createDt":"2020-04-08 10:55:38.38","criticalRate":1.51,"death":94,"deathRate":"47.00","gubun":"여성","seq":25,"updateDt":""},{"confCase":4163,"confCaseRate":40.09,"createDt":"2020-04-08 10:55:38.38","criticalRate":2.55,"death":106,"deathRate":"53.00","gubun":"남성","seq":24,"updateDt":""},{"confCase":1,"confCaseRate":1,"createDt":"2020-04-07 20:10:50.50","criticalRate":1,"death":1,"deathRate":1,"gubun":"0-11","seq":23,"updateDt":""},{"confCase":126,"confCaseRate":1.22,"createDt":"2020-04-07 19:32:08.08","criticalRate":0,"death":0,"deathRate":0,"gubun":"0-9","seq":22,"updateDt":""},{"confCase":544,"confCaseRate":5.27,"createDt":"2020-04-07 19:32:08.08","criticalRate":0,"death":0,"deathRate":0,"gubun":"10-19","seq":21,"updateDt":""},{"confCase":2819,"confCaseRate":27.29,"createDt":"2020-04-07 19:32:08.08","criticalRate":0,"death":0,"deathRate":0,"gubun":"20-29","seq":20,"updateDt":""},{"confCase":1092,"confCaseRate":10.57,"createDt":"2020-04-07 19:32:08.08","criticalRate":0.09,"death":1,"deathRate":0.52,"gubun":"30-39","seq":19,"updateDt":""},{"confCase":1382,"confCaseRate":13.38,"createDt":"2020-04-07 19:32:08.08","criticalRate":0.14,"death":2,"deathRate":1.04,"gubun":"40-49","seq":18,"updateDt":""},{"confCase":1909,"confCaseRate":18.48,"createDt":"2020-04-07 19:32:08.08","criticalRate":0.68,"death":13,"deathRate":6.77,"gubun":"50-59","seq":17,"updateDt":""},{"confCase":1304,"confCaseRate":12.62,"createDt":"2020-04-07 19:32:08.08","criticalRate":1.99,"death":26,"deathRate":13.54,"gubun":"60-69","seq":16,"updateDt":""},{"confCase":689,"confCaseRate":6.67,"createDt":"2020-04-07 19:32:08.08","criticalRate":8.27,"death":57,"deathRate":29.69,"gubun":"70-79","seq":15,"updateDt":""},{"confCase":466,"confCaseRate":4.51,"createDt":"2020-04-07 19:32:08.08","criticalRate":19.96,"death":93,"deathRate":48.44,"gubun":"80 이상","seq":14,"updateDt":""},{"confCase":6193,"confCaseRate":59.95,"createDt":"2020-04-07 19:32:08.08","criticalRate":1.47,"death":91,"deathRate":"47.40","gubun":"여성","seq":13,"updateDt":""},{"confCase":4138,"confCaseRate":40.05,"createDt":"2020-04-07 19:32:08.08","criticalRate":2.44,"death":101,"deathRate":"52.60","gubun":"남성","seq":12,"updateDt":""},{"confCase":112,"confCaseRate":1.14,"createDt":"2020-04-02 19:02:48.48","criticalRate":0,"death":0,"deathRate":0,"gubun":"0-9","seq":11,"updateDt":""},{"confCase":515,"confCaseRate":5.26,"createDt":"2020-04-02 19:02:48.48","criticalRate":0,"death":0,"deathRate":0,"gubun":"10-19","seq":10,"updateDt":""},{"confCase":2656,"confCaseRate":27.14,"createDt":"2020-04-02 19:02:48.48","criticalRate":0,"death":0,"deathRate":0,"gubun":"20-29","seq":9,"updateDt":""},{"confCase":1012,"confCaseRate":10.34,"createDt":"2020-04-02 19:02:48.48","criticalRate":0.1,"death":1,"deathRate":0.62,"gubun":"30-39","seq":8,"updateDt":""},{"confCase":1312,"confCaseRate":13.41,"createDt":"2020-04-02 19:02:48.48","criticalRate":0.08,"death":1,"deathRate":0.62,"gubun":"40-49","seq":7,"updateDt":""},{"confCase":1851,"confCaseRate":18.91,"createDt":"2020-04-02 19:02:48.48","criticalRate":0.54,"death":10,"deathRate":6.17,"gubun":"50-59","seq":6,"updateDt":""},{"confCase":1235,"confCaseRate":12.62,"createDt":"2020-04-02 19:02:48.48","criticalRate":1.78,"death":22,"deathRate":13.58,"gubun":"60-69","seq":5,"updateDt":""},{"confCase":651,"confCaseRate":6.65,"createDt":"2020-04-02 19:02:48.48","criticalRate":7.07,"death":46,"deathRate":28.4,"gubun":"70-79","seq":4,"updateDt":""},{"confCase":442,"confCaseRate":4.52,"createDt":"2020-04-02 19:02:48.48","criticalRate":18.55,"death":82,"deathRate":50.62,"gubun":"80 이상","seq":3,"updateDt":""},{"confCase":5881,"confCaseRate":60.1,"createDt":"2020-04-02 19:02:48.48","criticalRate":1.36,"death":80,"deathRate":49.38,"gubun":"여성","seq":2,"updateDt":""},{"confCase":3905,"confCaseRate":39.9,"createDt":"2020-04-02 19:02:48.48","criticalRate":2.1,"death":82,"deathRate":50.62,"gubun":"남성","seq":1,"updateDt":""}]},"numOfRows":10,"pageNo":1,"totalCount":144}}}
]]></system-out>
  <system-err><![CDATA[]]></system-err>
</testsuite>
