<?xml version="1.0" encoding="UTF-8"?>
<testsuite name="com.example.namlol.NamLolApplicationTest" tests="1" skipped="0" failures="0" errors="0" timestamp="2020-08-05T14:04:48" hostname="PO-PC" time="0.505">
  <properties/>
  <testcase name="main()" classname="com.example.namlol.NamLolApplicationTest" time="0.505"/>
  <system-out><![CDATA[23:04:41.438 [Test worker] DEBUG org.springframework.test.context.BootstrapUtils - Instantiating CacheAwareContextLoaderDelegate from class [org.springframework.test.context.cache.DefaultCacheAwareContextLoaderDelegate]
23:04:41.453 [Test worker] DEBUG org.springframework.test.context.BootstrapUtils - Instantiating BootstrapContext using constructor [public org.springframework.test.context.support.DefaultBootstrapContext(java.lang.Class,org.springframework.test.context.CacheAwareContextLoaderDelegate)]
23:04:41.485 [Test worker] DEBUG org.springframework.test.context.BootstrapUtils - Instantiating TestContextBootstrapper for test class [com.example.namlol.NamLolApplicationTest] from class [org.springframework.boot.test.context.SpringBootTestContextBootstrapper]
23:04:41.506 [Test worker] INFO org.springframework.boot.test.context.SpringBootTestContextBootstrapper - Neither @ContextConfiguration nor @ContextHierarchy found for test class [com.example.namlol.NamLolApplicationTest], using SpringBootContextLoader
23:04:41.511 [Test worker] DEBUG org.springframework.test.context.support.AbstractContextLoader - Did not detect default resource location for test class [com.example.namlol.NamLolApplicationTest]: class path resource [com/example/namlol/NamLolApplicationTest-context.xml] does not exist
23:04:41.511 [Test worker] DEBUG org.springframework.test.context.support.AbstractContextLoader - Did not detect default resource location for test class [com.example.namlol.NamLolApplicationTest]: class path resource [com/example/namlol/NamLolApplicationTestContext.groovy] does not exist
23:04:41.512 [Test worker] INFO org.springframework.test.context.support.AbstractContextLoader - Could not detect default resource locations for test class [com.example.namlol.NamLolApplicationTest]: no resource found for suffixes {-context.xml, Context.groovy}.
23:04:41.513 [Test worker] INFO org.springframework.test.context.support.AnnotationConfigContextLoaderUtils - Could not detect default configuration classes for test class [com.example.namlol.NamLolApplicationTest]: NamLolApplicationTest does not declare any static, non-private, non-final, nested classes annotated with @Configuration.
23:04:41.561 [Test worker] DEBUG org.springframework.test.context.support.ActiveProfilesUtils - Could not find an 'annotation declaring class' for annotation type [org.springframework.test.context.ActiveProfiles] and class [com.example.namlol.NamLolApplicationTest]
23:04:41.640 [Test worker] DEBUG org.springframework.context.annotation.ClassPathScanningCandidateComponentProvider - Identified candidate component class: file [C:\projects\nam-lol\build\classes\java\main\com\example\namlol\NamLolApplication.class]
23:04:41.641 [Test worker] INFO org.springframework.boot.test.context.SpringBootTestContextBootstrapper - Found @SpringBootConfiguration com.example.namlol.NamLolApplication for test class com.example.namlol.NamLolApplicationTest
23:04:41.759 [Test worker] DEBUG org.springframework.boot.test.context.SpringBootTestContextBootstrapper - @TestExecutionListeners is not present for class [com.example.namlol.NamLolApplicationTest]: using defaults.
23:04:41.761 [Test worker] INFO org.springframework.boot.test.context.SpringBootTestContextBootstrapper - Loaded default TestExecutionListener class names from location [META-INF/spring.factories]: [org.springframework.boot.test.autoconfigure.restdocs.RestDocsTestExecutionListener, org.springframework.boot.test.autoconfigure.web.client.MockRestServiceServerResetTestExecutionListener, org.springframework.boot.test.autoconfigure.web.servlet.MockMvcPrintOnlyOnFailureTestExecutionListener, org.springframework.boot.test.autoconfigure.web.servlet.WebDriverTestExecutionListener, org.springframework.boot.test.autoconfigure.webservices.client.MockWebServiceServerTestExecutionListener, org.springframework.boot.test.mock.mockito.MockitoTestExecutionListener, org.springframework.boot.test.mock.mockito.ResetMocksTestExecutionListener, org.springframework.test.context.web.ServletTestExecutionListener, org.springframework.test.context.support.DirtiesContextBeforeModesTestExecutionListener, org.springframework.test.context.support.DependencyInjectionTestExecutionListener, org.springframework.test.context.support.DirtiesContextTestExecutionListener, org.springframework.test.context.transaction.TransactionalTestExecutionListener, org.springframework.test.context.jdbc.SqlScriptsTestExecutionListener, org.springframework.test.context.event.EventPublishingTestExecutionListener]
23:04:41.785 [Test worker] INFO org.springframework.boot.test.context.SpringBootTestContextBootstrapper - Using TestExecutionListeners: [org.springframework.test.context.web.ServletTestExecutionListener@791fe24b, org.springframework.test.context.support.DirtiesContextBeforeModesTestExecutionListener@4cfe854c, org.springframework.boot.test.mock.mockito.MockitoTestExecutionListener@19ad252a, org.springframework.boot.test.autoconfigure.SpringBootDependencyInjectionTestExecutionListener@2d3bd89, org.springframework.test.context.support.DirtiesContextTestExecutionListener@4580a22, org.springframework.test.context.transaction.TransactionalTestExecutionListener@3c342b00, org.springframework.test.context.jdbc.SqlScriptsTestExecutionListener@4c40ddd9, org.springframework.test.context.event.EventPublishingTestExecutionListener@53e00e2d, org.springframework.boot.test.autoconfigure.restdocs.RestDocsTestExecutionListener@17ad1769, org.springframework.boot.test.autoconfigure.web.client.MockRestServiceServerResetTestExecutionListener@a5c52b7, org.springframework.boot.test.autoconfigure.web.servlet.MockMvcPrintOnlyOnFailureTestExecutionListener@4038f830, org.springframework.boot.test.autoconfigure.web.servlet.WebDriverTestExecutionListener@13fa077c, org.springframework.boot.test.autoconfigure.webservices.client.MockWebServiceServerTestExecutionListener@6c934c35, org.springframework.boot.test.mock.mockito.ResetMocksTestExecutionListener@43262fa]
23:04:41.791 [Test worker] DEBUG org.springframework.test.context.support.AbstractDirtiesContextTestExecutionListener - Before test class: context [DefaultTestContext@6e240746 testClass = NamLolApplicationTest, testInstance = [null], testMethod = [null], testException = [null], mergedContextConfiguration = [WebMergedContextConfiguration@4f7555d0 testClass = NamLolApplicationTest, locations = '{}', classes = '{class com.example.namlol.NamLolApplication}', contextInitializerClasses = '[]', activeProfiles = '{}', propertySourceLocations = '{}', propertySourceProperties = '{org.springframework.boot.test.context.SpringBootTestContextBootstrapper=true}', contextCustomizers = set[org.springframework.boot.test.autoconfigure.actuate.metrics.MetricsExportContextCustomizerFactory$DisableMetricExportContextCustomizer@fb3dcfc, org.springframework.boot.test.autoconfigure.properties.PropertyMappingContextCustomizer@0, org.springframework.boot.test.autoconfigure.web.servlet.WebDriverContextCustomizerFactory$Customizer@79341688, org.springframework.boot.test.context.filter.ExcludeFilterContextCustomizer@22d4d075, org.springframework.boot.test.json.DuplicateJsonObjectContextCustomizerFactory$DuplicateJsonObjectContextCustomizer@197efa0d, org.springframework.boot.test.mock.mockito.MockitoContextCustomizer@0, org.springframework.boot.test.web.client.TestRestTemplateContextCustomizer@3addff70, org.springframework.boot.test.context.SpringBootTestArgs@1], resourceBasePath = 'src/main/webapp', contextLoader = 'org.springframework.boot.test.context.SpringBootContextLoader', parent = [null]], attributes = map['org.springframework.test.context.web.ServletTestExecutionListener.activateListener' -> true]], class annotated with @DirtiesContext [false] with mode [null].
23:04:41.830 [Test worker] DEBUG org.springframework.test.context.support.TestPropertySourceUtils - Adding inlined properties to environment: {spring.jmx.enabled=false, org.springframework.boot.test.context.SpringBootTestContextBootstrapper=true}

  .   ____          _            __ _ _
 /\\ / ___'_ __ _ _(_)_ __  __ _ \ \ \ \
( ( )\___ | '_ | '_| | '_ \/ _` | \ \ \ \
 \\/  ___)| |_)| | | | | || (_| |  ) ) ) )
  '  |____| .__|_| |_|_| |_\__, | / / / /
 =========|_|==============|___/=/_/_/_/
 :: Spring Boot ::       (v2.4.0-SNAPSHOT)

2020-08-05 23:04:42.188  INFO 5244 --- [    Test worker] c.example.namlol.NamLolApplicationTest   : Starting NamLolApplicationTest using Java 14.0.2 on po-PC with PID 5244 (started by MAIN in C:\projects\nam-lol)
2020-08-05 23:04:42.193  INFO 5244 --- [    Test worker] c.example.namlol.NamLolApplicationTest   : No active profile set, falling back to default profiles: default
2020-08-05 23:04:43.107  INFO 5244 --- [    Test worker] .s.d.r.c.RepositoryConfigurationDelegate : Bootstrapping Spring Data JPA repositories in DEFERRED mode.
2020-08-05 23:04:43.200  INFO 5244 --- [    Test worker] .s.d.r.c.RepositoryConfigurationDelegate : Finished Spring Data repository scanning in 84 ms. Found 3 JPA repository interfaces.
2020-08-05 23:04:43.936  INFO 5244 --- [    Test worker] o.s.s.concurrent.ThreadPoolTaskExecutor  : Initializing ExecutorService 'applicationTaskExecutor'
2020-08-05 23:04:44.027  INFO 5244 --- [         task-1] o.hibernate.jpa.internal.util.LogHelper  : HHH000204: Processing PersistenceUnitInfo [name: default]
2020-08-05 23:04:44.135  INFO 5244 --- [         task-1] org.hibernate.Version                    : HHH000412: Hibernate ORM core version 5.4.18.Final
2020-08-05 23:04:44.418  INFO 5244 --- [         task-1] o.hibernate.annotations.common.Version   : HCANN000001: Hibernate Commons Annotations {5.1.0.Final}
2020-08-05 23:04:44.558  INFO 5244 --- [    Test worker] o.s.s.web.DefaultSecurityFilterChain     : Creating filter chain: Ant [pattern='/resources/**'], []
2020-08-05 23:04:44.637  INFO 5244 --- [         task-1] com.zaxxer.hikari.HikariDataSource       : HikariPool-1 - Starting...
2020-08-05 23:04:44.725  INFO 5244 --- [    Test worker] o.s.s.web.DefaultSecurityFilterChain     : Creating filter chain: any request, [org.springframework.security.web.context.request.async.WebAsyncManagerIntegrationFilter@12674259, org.springframework.security.web.context.SecurityContextPersistenceFilter@bd3e546, org.springframework.security.web.header.HeaderWriterFilter@4f90451b, org.springframework.security.web.authentication.logout.LogoutFilter@7cde05e7, org.springframework.security.web.savedrequest.RequestCacheAwareFilter@725d0fa7, org.springframework.security.web.servletapi.SecurityContextHolderAwareRequestFilter@3f311ab1, org.springframework.security.web.authentication.AnonymousAuthenticationFilter@6c361194, org.springframework.security.web.session.SessionManagementFilter@6c3dc3b0, org.springframework.security.web.access.ExceptionTranslationFilter@6508201c, org.springframework.security.web.access.intercept.FilterSecurityInterceptor@5ea7cd0d]
2020-08-05 23:04:45.122  INFO 5244 --- [         task-1] com.zaxxer.hikari.HikariDataSource       : HikariPool-1 - Start completed.
2020-08-05 23:04:45.164  INFO 5244 --- [         task-1] org.hibernate.dialect.Dialect            : HHH000400: Using dialect: org.hibernate.dialect.MySQL8Dialect
2020-08-05 23:04:46.622  INFO 5244 --- [         task-1] o.h.e.t.j.p.i.JtaPlatformInitiator       : HHH000490: Using JtaPlatform implementation: [org.hibernate.engine.transaction.jta.platform.internal.NoJtaPlatform]
2020-08-05 23:04:46.631  INFO 5244 --- [         task-1] j.LocalContainerEntityManagerFactoryBean : Initialized JPA EntityManagerFactory for persistence unit 'default'
2020-08-05 23:04:47.261  INFO 5244 --- [    Test worker] o.s.b.a.w.s.WelcomePageHandlerMapping    : Adding welcome page: class path resource [static/index.html]
2020-08-05 23:04:47.629  INFO 5244 --- [    Test worker] DeferredRepositoryInitializationListener : Triggering deferred initialization of Spring Data repositories…
2020-08-05 23:04:47.997  INFO 5244 --- [    Test worker] DeferredRepositoryInitializationListener : Spring Data repositories initialized!
2020-08-05 23:04:48.005  INFO 5244 --- [    Test worker] c.example.namlol.NamLolApplicationTest   : Started NamLolApplicationTest in 6.165 seconds (JVM running for 7.535)
Hibernate: 
    insert 
    into
        user
        (nick_name, password, profile, tier, token, user_id) 
    values
        (?, ?, ?, ?, ?, ?)
Hibernate: 
    insert 
    into
        post
        (available, content, created_time, last_modified_time, thumb, title, user_id) 
    values
        (?, ?, ?, ?, ?, ?, ?)
Hibernate: 
    select
        post0_.id as id1_1_,
        post0_.available as availabl2_1_,
        post0_.content as content3_1_,
        post0_.created_time as created_4_1_,
        post0_.last_modified_time as last_mod5_1_,
        post0_.thumb as thumb6_1_,
        post0_.title as title7_1_,
        post0_.user_id as user_id8_1_ 
    from
        post post0_
2020-08-05T23:01:23.551612
]]></system-out>
  <system-err><![CDATA[]]></system-err>
</testsuite>
